<?xml version="1.0" encoding="utf-8" ?>
<!DOCTYPE html PUBLIC "-//W3C//DTD XHTML 1.0 Strict//EN"
        "http://www.w3.org/TR/xhtml1/DTD/xhtml1-strict.dtd">
<html xmlns="http://www.w3.org/1999/xhtml" xml:lang="" lang="">
<head>
  <title>Test Results Report - com.fanbei.borrowCash</title>
  <meta http-equiv="Content-Type" content="text/html;charset=utf-8" />
  <meta name="description" content="TestNG unit test results." />
  <link href="reportng.css" rel="stylesheet" type="text/css" />
    <script type="text/javascript" src="reportng.js"></script>
</head>
<body>
<h1>com.fanbei.borrowCash</h1>
<p>
  Test duration: 10.992s
</p>



  <table class="resultsTable">
    <tr><th colspan="3" class="header failed">Failed Tests</th></tr>
          <tr>
        <td colspan="3" class="group">com.fanbei.borrowCash.ApplyBorrowCashV1Test</td>
      </tr>
            
<tr>
  <td class="method">
                  applyBorrowCashV1
      </td>
  <td class="duration">
    0.030s
  </td>
  <td class="result">
        
          <i>Method arguments: </i><span class="arguments">"13656648524", "5001.0", "7", "e10adc3949ba59abbe56e057f20f883e", "30.213563", "120.213831", "zhejiangsheng", "hangzhoushi", "binjiangqujianglinglu", "ewogICJ0b2tlbklkIiA6ICJUWXh2UzNZYUprQTNVZWF4eDhEU0JIanlabGNiMWhhNXUybTRVTENCWEtwTHFZMks2QmlvMjB3ZlNZNEJNd1krbTROcGNKSm9IYUkzZ2VLMEd1ZG9ldz09IiwKICAib3MiIDogImlPUyIsCiAgInByb2ZpbGVUaW1lIiA6IDc3OSwKICAidmVyc2lvbiIgOiAiMi4xLjUiCn0", "2008", "借款金额超过可借金额，请下拉刷新后重新提交"</span><br />
    
        

        <a href="javascript:toggleElement('exception-0', 'block')" title="Click to expand/collapse"><b>java.lang.AssertionError: expected [2008] but found [1117]</b></a><br />
    <div class="stackTrace" id="exception-0">
              org.testng.Assert.fail(Assert.java:94)<br />
              org.testng.Assert.failNotEquals(Assert.java:494)<br />
              org.testng.Assert.assertEquals(Assert.java:123)<br />
              org.testng.Assert.assertEquals(Assert.java:176)<br />
              org.testng.Assert.assertEquals(Assert.java:186)<br />
              com.fanbei.borrowCash.ApplyBorrowCashV1Test.applyBorrowCashV1(ApplyBorrowCashV1Test.java:91)<br />
              sun.reflect.NativeMethodAccessorImpl.invoke0(Native Method)<br />
              sun.reflect.NativeMethodAccessorImpl.invoke(Unknown Source)<br />
              sun.reflect.DelegatingMethodAccessorImpl.invoke(Unknown Source)<br />
              java.lang.reflect.Method.invoke(Unknown Source)<br />
              org.testng.internal.MethodInvocationHelper.invokeMethod(MethodInvocationHelper.java:85)<br />
              org.testng.internal.Invoker.invokeMethod(Invoker.java:696)<br />
              org.testng.internal.Invoker.invokeTestMethod(Invoker.java:882)<br />
              org.testng.internal.Invoker.invokeTestMethods(Invoker.java:1189)<br />
              org.testng.internal.TestMethodWorker.invokeTestMethods(TestMethodWorker.java:124)<br />
              org.testng.internal.TestMethodWorker.run(TestMethodWorker.java:108)<br />
              org.testng.TestRunner.privateRun(TestRunner.java:767)<br />
              org.testng.TestRunner.run(TestRunner.java:617)<br />
              org.testng.SuiteRunner.runTest(SuiteRunner.java:348)<br />
              org.testng.SuiteRunner.runSequentially(SuiteRunner.java:343)<br />
              org.testng.SuiteRunner.privateRun(SuiteRunner.java:305)<br />
              org.testng.SuiteRunner.run(SuiteRunner.java:254)<br />
              org.testng.SuiteRunnerWorker.runSuite(SuiteRunnerWorker.java:52)<br />
              org.testng.SuiteRunnerWorker.run(SuiteRunnerWorker.java:86)<br />
              org.testng.TestNG.runSuitesSequentially(TestNG.java:1224)<br />
              org.testng.TestNG.runSuitesLocally(TestNG.java:1149)<br />
              org.testng.TestNG.run(TestNG.java:1057)<br />
              org.testng.remote.RemoteTestNG.run(RemoteTestNG.java:111)<br />
              org.testng.remote.RemoteTestNG.initAndRun(RemoteTestNG.java:204)<br />
              org.testng.remote.RemoteTestNG.main(RemoteTestNG.java:175)<br />
                </div>
      </td>
</tr>
<tr>
  <td class="method">
                  applyBorrowCashV1
      </td>
  <td class="duration">
    0.062s
  </td>
  <td class="result">
        
          <i>Method arguments: </i><span class="arguments">"", "500", "7", "e10adc3949ba59abbe56e057f20f883e", "30.213563", "120.213831", "zhejiangsheng", "hangzhoushi", "binjiangqujianglinglu", "ewogICJ0b2tlbklkIiA6ICJUWXh2UzNZYUprQTNVZWF4eDhEU0JIanlabGNiMWhhNXUybTRVTENCWEtwTHFZMks2QmlvMjB3ZlNZNEJNd1krbTROcGNKSm9IYUkzZ2VLMEd1ZG9ldz09IiwKICAib3MiIDogImlPUyIsCiAgInByb2ZpbGVUaW1lIiA6IDc3OSwKICAidmVyc2lvbiIgOiAiMi4xLjUiCn0", "1005", "用户不存在"</span><br />
    
        

        <a href="javascript:toggleElement('exception-1', 'block')" title="Click to expand/collapse"><b>java.lang.AssertionError: expected [1005] but found [1015]</b></a><br />
    <div class="stackTrace" id="exception-1">
              org.testng.Assert.fail(Assert.java:94)<br />
              org.testng.Assert.failNotEquals(Assert.java:494)<br />
              org.testng.Assert.assertEquals(Assert.java:123)<br />
              org.testng.Assert.assertEquals(Assert.java:176)<br />
              org.testng.Assert.assertEquals(Assert.java:186)<br />
              com.fanbei.borrowCash.ApplyBorrowCashV1Test.applyBorrowCashV1(ApplyBorrowCashV1Test.java:91)<br />
              sun.reflect.NativeMethodAccessorImpl.invoke0(Native Method)<br />
              sun.reflect.NativeMethodAccessorImpl.invoke(Unknown Source)<br />
              sun.reflect.DelegatingMethodAccessorImpl.invoke(Unknown Source)<br />
              java.lang.reflect.Method.invoke(Unknown Source)<br />
              org.testng.internal.MethodInvocationHelper.invokeMethod(MethodInvocationHelper.java:85)<br />
              org.testng.internal.Invoker.invokeMethod(Invoker.java:696)<br />
              org.testng.internal.Invoker.invokeTestMethod(Invoker.java:882)<br />
              org.testng.internal.Invoker.invokeTestMethods(Invoker.java:1189)<br />
              org.testng.internal.TestMethodWorker.invokeTestMethods(TestMethodWorker.java:124)<br />
              org.testng.internal.TestMethodWorker.run(TestMethodWorker.java:108)<br />
              org.testng.TestRunner.privateRun(TestRunner.java:767)<br />
              org.testng.TestRunner.run(TestRunner.java:617)<br />
              org.testng.SuiteRunner.runTest(SuiteRunner.java:348)<br />
              org.testng.SuiteRunner.runSequentially(SuiteRunner.java:343)<br />
              org.testng.SuiteRunner.privateRun(SuiteRunner.java:305)<br />
              org.testng.SuiteRunner.run(SuiteRunner.java:254)<br />
              org.testng.SuiteRunnerWorker.runSuite(SuiteRunnerWorker.java:52)<br />
              org.testng.SuiteRunnerWorker.run(SuiteRunnerWorker.java:86)<br />
              org.testng.TestNG.runSuitesSequentially(TestNG.java:1224)<br />
              org.testng.TestNG.runSuitesLocally(TestNG.java:1149)<br />
              org.testng.TestNG.run(TestNG.java:1057)<br />
              org.testng.remote.RemoteTestNG.run(RemoteTestNG.java:111)<br />
              org.testng.remote.RemoteTestNG.initAndRun(RemoteTestNG.java:204)<br />
              org.testng.remote.RemoteTestNG.main(RemoteTestNG.java:175)<br />
                </div>
      </td>
</tr>
          <tr>
        <td colspan="3" class="group">com.fanbei.borrowCash.ConfirmRenewalPayTest</td>
      </tr>
            
<tr>
  <td class="method">
                  confirmRenewalPay
      </td>
  <td class="duration">
    0.026s
  </td>
  <td class="result">
        
          <i>Method arguments: </i><span class="arguments">"", "1258240", "0", "0", "e10adc3949ba59abbe56e057f20f883e", "-2", "1005", "用户不存在"</span><br />
    
        

        <a href="javascript:toggleElement('exception-2', 'block')" title="Click to expand/collapse"><b>java.lang.AssertionError: expected [1005] but found [1015]</b></a><br />
    <div class="stackTrace" id="exception-2">
              org.testng.Assert.fail(Assert.java:94)<br />
              org.testng.Assert.failNotEquals(Assert.java:494)<br />
              org.testng.Assert.assertEquals(Assert.java:123)<br />
              org.testng.Assert.assertEquals(Assert.java:176)<br />
              org.testng.Assert.assertEquals(Assert.java:186)<br />
              com.fanbei.borrowCash.ConfirmRenewalPayTest.confirmRenewalPay(ConfirmRenewalPayTest.java:96)<br />
              sun.reflect.NativeMethodAccessorImpl.invoke0(Native Method)<br />
              sun.reflect.NativeMethodAccessorImpl.invoke(Unknown Source)<br />
              sun.reflect.DelegatingMethodAccessorImpl.invoke(Unknown Source)<br />
              java.lang.reflect.Method.invoke(Unknown Source)<br />
              org.testng.internal.MethodInvocationHelper.invokeMethod(MethodInvocationHelper.java:85)<br />
              org.testng.internal.Invoker.invokeMethod(Invoker.java:696)<br />
              org.testng.internal.Invoker.invokeTestMethod(Invoker.java:882)<br />
              org.testng.internal.Invoker.invokeTestMethods(Invoker.java:1189)<br />
              org.testng.internal.TestMethodWorker.invokeTestMethods(TestMethodWorker.java:124)<br />
              org.testng.internal.TestMethodWorker.run(TestMethodWorker.java:108)<br />
              org.testng.TestRunner.privateRun(TestRunner.java:767)<br />
              org.testng.TestRunner.run(TestRunner.java:617)<br />
              org.testng.SuiteRunner.runTest(SuiteRunner.java:348)<br />
              org.testng.SuiteRunner.runSequentially(SuiteRunner.java:343)<br />
              org.testng.SuiteRunner.privateRun(SuiteRunner.java:305)<br />
              org.testng.SuiteRunner.run(SuiteRunner.java:254)<br />
              org.testng.SuiteRunnerWorker.runSuite(SuiteRunnerWorker.java:52)<br />
              org.testng.SuiteRunnerWorker.run(SuiteRunnerWorker.java:86)<br />
              org.testng.TestNG.runSuitesSequentially(TestNG.java:1224)<br />
              org.testng.TestNG.runSuitesLocally(TestNG.java:1149)<br />
              org.testng.TestNG.run(TestNG.java:1057)<br />
              org.testng.remote.RemoteTestNG.run(RemoteTestNG.java:111)<br />
              org.testng.remote.RemoteTestNG.initAndRun(RemoteTestNG.java:204)<br />
              org.testng.remote.RemoteTestNG.main(RemoteTestNG.java:175)<br />
                </div>
      </td>
</tr>
          <tr>
        <td colspan="3" class="group">com.fanbei.borrowCash.GetBorrowCashListTest</td>
      </tr>
            
<tr>
  <td class="method">
                  getBorrowCashList
      </td>
  <td class="duration">
    0.082s
  </td>
  <td class="result">
        
          <i>Method arguments: </i><span class="arguments">"13656648577", "1", "1005", "用户不存在"</span><br />
    
        

        <a href="javascript:toggleElement('exception-3', 'block')" title="Click to expand/collapse"><b>java.lang.AssertionError: expected [1005] but found [1015]</b></a><br />
    <div class="stackTrace" id="exception-3">
              org.testng.Assert.fail(Assert.java:94)<br />
              org.testng.Assert.failNotEquals(Assert.java:494)<br />
              org.testng.Assert.assertEquals(Assert.java:123)<br />
              org.testng.Assert.assertEquals(Assert.java:176)<br />
              org.testng.Assert.assertEquals(Assert.java:186)<br />
              com.fanbei.borrowCash.GetBorrowCashListTest.getBorrowCashList(GetBorrowCashListTest.java:55)<br />
              sun.reflect.NativeMethodAccessorImpl.invoke0(Native Method)<br />
              sun.reflect.NativeMethodAccessorImpl.invoke(Unknown Source)<br />
              sun.reflect.DelegatingMethodAccessorImpl.invoke(Unknown Source)<br />
              java.lang.reflect.Method.invoke(Unknown Source)<br />
              org.testng.internal.MethodInvocationHelper.invokeMethod(MethodInvocationHelper.java:85)<br />
              org.testng.internal.Invoker.invokeMethod(Invoker.java:696)<br />
              org.testng.internal.Invoker.invokeTestMethod(Invoker.java:882)<br />
              org.testng.internal.Invoker.invokeTestMethods(Invoker.java:1189)<br />
              org.testng.internal.TestMethodWorker.invokeTestMethods(TestMethodWorker.java:124)<br />
              org.testng.internal.TestMethodWorker.run(TestMethodWorker.java:108)<br />
              org.testng.TestRunner.privateRun(TestRunner.java:767)<br />
              org.testng.TestRunner.run(TestRunner.java:617)<br />
              org.testng.SuiteRunner.runTest(SuiteRunner.java:348)<br />
              org.testng.SuiteRunner.runSequentially(SuiteRunner.java:343)<br />
              org.testng.SuiteRunner.privateRun(SuiteRunner.java:305)<br />
              org.testng.SuiteRunner.run(SuiteRunner.java:254)<br />
              org.testng.SuiteRunnerWorker.runSuite(SuiteRunnerWorker.java:52)<br />
              org.testng.SuiteRunnerWorker.run(SuiteRunnerWorker.java:86)<br />
              org.testng.TestNG.runSuitesSequentially(TestNG.java:1224)<br />
              org.testng.TestNG.runSuitesLocally(TestNG.java:1149)<br />
              org.testng.TestNG.run(TestNG.java:1057)<br />
              org.testng.remote.RemoteTestNG.run(RemoteTestNG.java:111)<br />
              org.testng.remote.RemoteTestNG.initAndRun(RemoteTestNG.java:204)<br />
              org.testng.remote.RemoteTestNG.main(RemoteTestNG.java:175)<br />
                </div>
      </td>
</tr>
          <tr>
        <td colspan="3" class="group">com.fanbei.borrowCash.GetBowCashLogInInfoTest</td>
      </tr>
            
<tr>
  <td class="method">
                  GetBowCashLogInInfo
      </td>
  <td class="duration">
    0.047s
  </td>
  <td class="result">
        
          <i>Method arguments: </i><span class="arguments">"13656648511", "1005", "用户不存在"</span><br />
    
        

        <a href="javascript:toggleElement('exception-4', 'block')" title="Click to expand/collapse"><b>java.lang.AssertionError: expected [1005] but found [1015]</b></a><br />
    <div class="stackTrace" id="exception-4">
              org.testng.Assert.fail(Assert.java:94)<br />
              org.testng.Assert.failNotEquals(Assert.java:494)<br />
              org.testng.Assert.assertEquals(Assert.java:123)<br />
              org.testng.Assert.assertEquals(Assert.java:176)<br />
              org.testng.Assert.assertEquals(Assert.java:186)<br />
              com.fanbei.borrowCash.GetBowCashLogInInfoTest.GetBowCashLogInInfo(GetBowCashLogInInfoTest.java:56)<br />
              sun.reflect.NativeMethodAccessorImpl.invoke0(Native Method)<br />
              sun.reflect.NativeMethodAccessorImpl.invoke(Unknown Source)<br />
              sun.reflect.DelegatingMethodAccessorImpl.invoke(Unknown Source)<br />
              java.lang.reflect.Method.invoke(Unknown Source)<br />
              org.testng.internal.MethodInvocationHelper.invokeMethod(MethodInvocationHelper.java:85)<br />
              org.testng.internal.Invoker.invokeMethod(Invoker.java:696)<br />
              org.testng.internal.Invoker.invokeTestMethod(Invoker.java:882)<br />
              org.testng.internal.Invoker.invokeTestMethods(Invoker.java:1189)<br />
              org.testng.internal.TestMethodWorker.invokeTestMethods(TestMethodWorker.java:124)<br />
              org.testng.internal.TestMethodWorker.run(TestMethodWorker.java:108)<br />
              org.testng.TestRunner.privateRun(TestRunner.java:767)<br />
              org.testng.TestRunner.run(TestRunner.java:617)<br />
              org.testng.SuiteRunner.runTest(SuiteRunner.java:348)<br />
              org.testng.SuiteRunner.runSequentially(SuiteRunner.java:343)<br />
              org.testng.SuiteRunner.privateRun(SuiteRunner.java:305)<br />
              org.testng.SuiteRunner.run(SuiteRunner.java:254)<br />
              org.testng.SuiteRunnerWorker.runSuite(SuiteRunnerWorker.java:52)<br />
              org.testng.SuiteRunnerWorker.run(SuiteRunnerWorker.java:86)<br />
              org.testng.TestNG.runSuitesSequentially(TestNG.java:1224)<br />
              org.testng.TestNG.runSuitesLocally(TestNG.java:1149)<br />
              org.testng.TestNG.run(TestNG.java:1057)<br />
              org.testng.remote.RemoteTestNG.run(RemoteTestNG.java:111)<br />
              org.testng.remote.RemoteTestNG.initAndRun(RemoteTestNG.java:204)<br />
              org.testng.remote.RemoteTestNG.main(RemoteTestNG.java:175)<br />
                </div>
      </td>
</tr>
<tr>
  <td class="method">
                  GetBowCashLogInInfo
      </td>
  <td class="duration">
    0.032s
  </td>
  <td class="result">
        
          <i>Method arguments: </i><span class="arguments">"", "1005", "用户不存在"</span><br />
    
        

        <a href="javascript:toggleElement('exception-5', 'block')" title="Click to expand/collapse"><b>java.lang.AssertionError: expected [1005] but found [1015]</b></a><br />
    <div class="stackTrace" id="exception-5">
              org.testng.Assert.fail(Assert.java:94)<br />
              org.testng.Assert.failNotEquals(Assert.java:494)<br />
              org.testng.Assert.assertEquals(Assert.java:123)<br />
              org.testng.Assert.assertEquals(Assert.java:176)<br />
              org.testng.Assert.assertEquals(Assert.java:186)<br />
              com.fanbei.borrowCash.GetBowCashLogInInfoTest.GetBowCashLogInInfo(GetBowCashLogInInfoTest.java:56)<br />
              sun.reflect.NativeMethodAccessorImpl.invoke0(Native Method)<br />
              sun.reflect.NativeMethodAccessorImpl.invoke(Unknown Source)<br />
              sun.reflect.DelegatingMethodAccessorImpl.invoke(Unknown Source)<br />
              java.lang.reflect.Method.invoke(Unknown Source)<br />
              org.testng.internal.MethodInvocationHelper.invokeMethod(MethodInvocationHelper.java:85)<br />
              org.testng.internal.Invoker.invokeMethod(Invoker.java:696)<br />
              org.testng.internal.Invoker.invokeTestMethod(Invoker.java:882)<br />
              org.testng.internal.Invoker.invokeTestMethods(Invoker.java:1189)<br />
              org.testng.internal.TestMethodWorker.invokeTestMethods(TestMethodWorker.java:124)<br />
              org.testng.internal.TestMethodWorker.run(TestMethodWorker.java:108)<br />
              org.testng.TestRunner.privateRun(TestRunner.java:767)<br />
              org.testng.TestRunner.run(TestRunner.java:617)<br />
              org.testng.SuiteRunner.runTest(SuiteRunner.java:348)<br />
              org.testng.SuiteRunner.runSequentially(SuiteRunner.java:343)<br />
              org.testng.SuiteRunner.privateRun(SuiteRunner.java:305)<br />
              org.testng.SuiteRunner.run(SuiteRunner.java:254)<br />
              org.testng.SuiteRunnerWorker.runSuite(SuiteRunnerWorker.java:52)<br />
              org.testng.SuiteRunnerWorker.run(SuiteRunnerWorker.java:86)<br />
              org.testng.TestNG.runSuitesSequentially(TestNG.java:1224)<br />
              org.testng.TestNG.runSuitesLocally(TestNG.java:1149)<br />
              org.testng.TestNG.run(TestNG.java:1057)<br />
              org.testng.remote.RemoteTestNG.run(RemoteTestNG.java:111)<br />
              org.testng.remote.RemoteTestNG.initAndRun(RemoteTestNG.java:204)<br />
              org.testng.remote.RemoteTestNG.main(RemoteTestNG.java:175)<br />
                </div>
      </td>
</tr>
          <tr>
        <td colspan="3" class="group">com.fanbei.borrowCash.GetConfirmBorrowInfoTest</td>
      </tr>
            
<tr>
  <td class="method">
                  getConfirmBorrowInfo
      </td>
  <td class="duration">
    0.037s
  </td>
  <td class="result">
        
          <i>Method arguments: </i><span class="arguments">"13656648524", "5001.0", "7", "", "2008", "借款金额超过可借金额，请下拉刷新后重新提交"</span><br />
    
        

        <a href="javascript:toggleElement('exception-6', 'block')" title="Click to expand/collapse"><b>java.lang.AssertionError: expected [2008] but found [1117]</b></a><br />
    <div class="stackTrace" id="exception-6">
              org.testng.Assert.fail(Assert.java:94)<br />
              org.testng.Assert.failNotEquals(Assert.java:494)<br />
              org.testng.Assert.assertEquals(Assert.java:123)<br />
              org.testng.Assert.assertEquals(Assert.java:176)<br />
              org.testng.Assert.assertEquals(Assert.java:186)<br />
              com.fanbei.borrowCash.GetConfirmBorrowInfoTest.getConfirmBorrowInfo(GetConfirmBorrowInfoTest.java:68)<br />
              sun.reflect.NativeMethodAccessorImpl.invoke0(Native Method)<br />
              sun.reflect.NativeMethodAccessorImpl.invoke(Unknown Source)<br />
              sun.reflect.DelegatingMethodAccessorImpl.invoke(Unknown Source)<br />
              java.lang.reflect.Method.invoke(Unknown Source)<br />
              org.testng.internal.MethodInvocationHelper.invokeMethod(MethodInvocationHelper.java:85)<br />
              org.testng.internal.Invoker.invokeMethod(Invoker.java:696)<br />
              org.testng.internal.Invoker.invokeTestMethod(Invoker.java:882)<br />
              org.testng.internal.Invoker.invokeTestMethods(Invoker.java:1189)<br />
              org.testng.internal.TestMethodWorker.invokeTestMethods(TestMethodWorker.java:124)<br />
              org.testng.internal.TestMethodWorker.run(TestMethodWorker.java:108)<br />
              org.testng.TestRunner.privateRun(TestRunner.java:767)<br />
              org.testng.TestRunner.run(TestRunner.java:617)<br />
              org.testng.SuiteRunner.runTest(SuiteRunner.java:348)<br />
              org.testng.SuiteRunner.runSequentially(SuiteRunner.java:343)<br />
              org.testng.SuiteRunner.privateRun(SuiteRunner.java:305)<br />
              org.testng.SuiteRunner.run(SuiteRunner.java:254)<br />
              org.testng.SuiteRunnerWorker.runSuite(SuiteRunnerWorker.java:52)<br />
              org.testng.SuiteRunnerWorker.run(SuiteRunnerWorker.java:86)<br />
              org.testng.TestNG.runSuitesSequentially(TestNG.java:1224)<br />
              org.testng.TestNG.runSuitesLocally(TestNG.java:1149)<br />
              org.testng.TestNG.run(TestNG.java:1057)<br />
              org.testng.remote.RemoteTestNG.run(RemoteTestNG.java:111)<br />
              org.testng.remote.RemoteTestNG.initAndRun(RemoteTestNG.java:204)<br />
              org.testng.remote.RemoteTestNG.main(RemoteTestNG.java:175)<br />
                </div>
      </td>
</tr>
<tr>
  <td class="method">
                  getConfirmBorrowInfo
      </td>
  <td class="duration">
    0.026s
  </td>
  <td class="result">
        
          <i>Method arguments: </i><span class="arguments">"13656648511", "500", "7", "", "1005", "用户不存在"</span><br />
    
        

        <a href="javascript:toggleElement('exception-7', 'block')" title="Click to expand/collapse"><b>java.lang.AssertionError: expected [1005] but found [1015]</b></a><br />
    <div class="stackTrace" id="exception-7">
              org.testng.Assert.fail(Assert.java:94)<br />
              org.testng.Assert.failNotEquals(Assert.java:494)<br />
              org.testng.Assert.assertEquals(Assert.java:123)<br />
              org.testng.Assert.assertEquals(Assert.java:176)<br />
              org.testng.Assert.assertEquals(Assert.java:186)<br />
              com.fanbei.borrowCash.GetConfirmBorrowInfoTest.getConfirmBorrowInfo(GetConfirmBorrowInfoTest.java:68)<br />
              sun.reflect.NativeMethodAccessorImpl.invoke0(Native Method)<br />
              sun.reflect.NativeMethodAccessorImpl.invoke(Unknown Source)<br />
              sun.reflect.DelegatingMethodAccessorImpl.invoke(Unknown Source)<br />
              java.lang.reflect.Method.invoke(Unknown Source)<br />
              org.testng.internal.MethodInvocationHelper.invokeMethod(MethodInvocationHelper.java:85)<br />
              org.testng.internal.Invoker.invokeMethod(Invoker.java:696)<br />
              org.testng.internal.Invoker.invokeTestMethod(Invoker.java:882)<br />
              org.testng.internal.Invoker.invokeTestMethods(Invoker.java:1189)<br />
              org.testng.internal.TestMethodWorker.invokeTestMethods(TestMethodWorker.java:124)<br />
              org.testng.internal.TestMethodWorker.run(TestMethodWorker.java:108)<br />
              org.testng.TestRunner.privateRun(TestRunner.java:767)<br />
              org.testng.TestRunner.run(TestRunner.java:617)<br />
              org.testng.SuiteRunner.runTest(SuiteRunner.java:348)<br />
              org.testng.SuiteRunner.runSequentially(SuiteRunner.java:343)<br />
              org.testng.SuiteRunner.privateRun(SuiteRunner.java:305)<br />
              org.testng.SuiteRunner.run(SuiteRunner.java:254)<br />
              org.testng.SuiteRunnerWorker.runSuite(SuiteRunnerWorker.java:52)<br />
              org.testng.SuiteRunnerWorker.run(SuiteRunnerWorker.java:86)<br />
              org.testng.TestNG.runSuitesSequentially(TestNG.java:1224)<br />
              org.testng.TestNG.runSuitesLocally(TestNG.java:1149)<br />
              org.testng.TestNG.run(TestNG.java:1057)<br />
              org.testng.remote.RemoteTestNG.run(RemoteTestNG.java:111)<br />
              org.testng.remote.RemoteTestNG.initAndRun(RemoteTestNG.java:204)<br />
              org.testng.remote.RemoteTestNG.main(RemoteTestNG.java:175)<br />
                </div>
      </td>
</tr>
<tr>
  <td class="method">
                  getConfirmBorrowInfo
      </td>
  <td class="duration">
    0.026s
  </td>
  <td class="result">
        
          <i>Method arguments: </i><span class="arguments">"", "500", "7", "", "1005", "用户不存在"</span><br />
    
        

        <a href="javascript:toggleElement('exception-8', 'block')" title="Click to expand/collapse"><b>java.lang.AssertionError: expected [1005] but found [1015]</b></a><br />
    <div class="stackTrace" id="exception-8">
              org.testng.Assert.fail(Assert.java:94)<br />
              org.testng.Assert.failNotEquals(Assert.java:494)<br />
              org.testng.Assert.assertEquals(Assert.java:123)<br />
              org.testng.Assert.assertEquals(Assert.java:176)<br />
              org.testng.Assert.assertEquals(Assert.java:186)<br />
              com.fanbei.borrowCash.GetConfirmBorrowInfoTest.getConfirmBorrowInfo(GetConfirmBorrowInfoTest.java:68)<br />
              sun.reflect.NativeMethodAccessorImpl.invoke0(Native Method)<br />
              sun.reflect.NativeMethodAccessorImpl.invoke(Unknown Source)<br />
              sun.reflect.DelegatingMethodAccessorImpl.invoke(Unknown Source)<br />
              java.lang.reflect.Method.invoke(Unknown Source)<br />
              org.testng.internal.MethodInvocationHelper.invokeMethod(MethodInvocationHelper.java:85)<br />
              org.testng.internal.Invoker.invokeMethod(Invoker.java:696)<br />
              org.testng.internal.Invoker.invokeTestMethod(Invoker.java:882)<br />
              org.testng.internal.Invoker.invokeTestMethods(Invoker.java:1189)<br />
              org.testng.internal.TestMethodWorker.invokeTestMethods(TestMethodWorker.java:124)<br />
              org.testng.internal.TestMethodWorker.run(TestMethodWorker.java:108)<br />
              org.testng.TestRunner.privateRun(TestRunner.java:767)<br />
              org.testng.TestRunner.run(TestRunner.java:617)<br />
              org.testng.SuiteRunner.runTest(SuiteRunner.java:348)<br />
              org.testng.SuiteRunner.runSequentially(SuiteRunner.java:343)<br />
              org.testng.SuiteRunner.privateRun(SuiteRunner.java:305)<br />
              org.testng.SuiteRunner.run(SuiteRunner.java:254)<br />
              org.testng.SuiteRunnerWorker.runSuite(SuiteRunnerWorker.java:52)<br />
              org.testng.SuiteRunnerWorker.run(SuiteRunnerWorker.java:86)<br />
              org.testng.TestNG.runSuitesSequentially(TestNG.java:1224)<br />
              org.testng.TestNG.runSuitesLocally(TestNG.java:1149)<br />
              org.testng.TestNG.run(TestNG.java:1057)<br />
              org.testng.remote.RemoteTestNG.run(RemoteTestNG.java:111)<br />
              org.testng.remote.RemoteTestNG.initAndRun(RemoteTestNG.java:204)<br />
              org.testng.remote.RemoteTestNG.main(RemoteTestNG.java:175)<br />
                </div>
      </td>
</tr>
          <tr>
        <td colspan="3" class="group">com.fanbei.borrowCash.GetRenewalListTest</td>
      </tr>
            
<tr>
  <td class="method">
                  getRenewalList
      </td>
  <td class="duration">
    0.026s
  </td>
  <td class="result">
        
          <i>Method arguments: </i><span class="arguments">"", "1258240", "1", "1005", "用户不存在"</span><br />
    
        

        <a href="javascript:toggleElement('exception-9', 'block')" title="Click to expand/collapse"><b>java.lang.AssertionError: expected [1005] but found [1015]</b></a><br />
    <div class="stackTrace" id="exception-9">
              org.testng.Assert.fail(Assert.java:94)<br />
              org.testng.Assert.failNotEquals(Assert.java:494)<br />
              org.testng.Assert.assertEquals(Assert.java:123)<br />
              org.testng.Assert.assertEquals(Assert.java:176)<br />
              org.testng.Assert.assertEquals(Assert.java:186)<br />
              com.fanbei.borrowCash.GetRenewalListTest.getRenewalList(GetRenewalListTest.java:56)<br />
              sun.reflect.NativeMethodAccessorImpl.invoke0(Native Method)<br />
              sun.reflect.NativeMethodAccessorImpl.invoke(Unknown Source)<br />
              sun.reflect.DelegatingMethodAccessorImpl.invoke(Unknown Source)<br />
              java.lang.reflect.Method.invoke(Unknown Source)<br />
              org.testng.internal.MethodInvocationHelper.invokeMethod(MethodInvocationHelper.java:85)<br />
              org.testng.internal.Invoker.invokeMethod(Invoker.java:696)<br />
              org.testng.internal.Invoker.invokeTestMethod(Invoker.java:882)<br />
              org.testng.internal.Invoker.invokeTestMethods(Invoker.java:1189)<br />
              org.testng.internal.TestMethodWorker.invokeTestMethods(TestMethodWorker.java:124)<br />
              org.testng.internal.TestMethodWorker.run(TestMethodWorker.java:108)<br />
              org.testng.TestRunner.privateRun(TestRunner.java:767)<br />
              org.testng.TestRunner.run(TestRunner.java:617)<br />
              org.testng.SuiteRunner.runTest(SuiteRunner.java:348)<br />
              org.testng.SuiteRunner.runSequentially(SuiteRunner.java:343)<br />
              org.testng.SuiteRunner.privateRun(SuiteRunner.java:305)<br />
              org.testng.SuiteRunner.run(SuiteRunner.java:254)<br />
              org.testng.SuiteRunnerWorker.runSuite(SuiteRunnerWorker.java:52)<br />
              org.testng.SuiteRunnerWorker.run(SuiteRunnerWorker.java:86)<br />
              org.testng.TestNG.runSuitesSequentially(TestNG.java:1224)<br />
              org.testng.TestNG.runSuitesLocally(TestNG.java:1149)<br />
              org.testng.TestNG.run(TestNG.java:1057)<br />
              org.testng.remote.RemoteTestNG.run(RemoteTestNG.java:111)<br />
              org.testng.remote.RemoteTestNG.initAndRun(RemoteTestNG.java:204)<br />
              org.testng.remote.RemoteTestNG.main(RemoteTestNG.java:175)<br />
                </div>
      </td>
</tr>
<tr>
  <td class="method">
                  getRenewalList
      </td>
  <td class="duration">
    0.026s
  </td>
  <td class="result">
        
          <i>Method arguments: </i><span class="arguments">"13656648577", "1258240", "1", "1005", "用户不存在"</span><br />
    
        

        <a href="javascript:toggleElement('exception-10', 'block')" title="Click to expand/collapse"><b>java.lang.AssertionError: expected [1005] but found [1015]</b></a><br />
    <div class="stackTrace" id="exception-10">
              org.testng.Assert.fail(Assert.java:94)<br />
              org.testng.Assert.failNotEquals(Assert.java:494)<br />
              org.testng.Assert.assertEquals(Assert.java:123)<br />
              org.testng.Assert.assertEquals(Assert.java:176)<br />
              org.testng.Assert.assertEquals(Assert.java:186)<br />
              com.fanbei.borrowCash.GetRenewalListTest.getRenewalList(GetRenewalListTest.java:56)<br />
              sun.reflect.NativeMethodAccessorImpl.invoke0(Native Method)<br />
              sun.reflect.NativeMethodAccessorImpl.invoke(Unknown Source)<br />
              sun.reflect.DelegatingMethodAccessorImpl.invoke(Unknown Source)<br />
              java.lang.reflect.Method.invoke(Unknown Source)<br />
              org.testng.internal.MethodInvocationHelper.invokeMethod(MethodInvocationHelper.java:85)<br />
              org.testng.internal.Invoker.invokeMethod(Invoker.java:696)<br />
              org.testng.internal.Invoker.invokeTestMethod(Invoker.java:882)<br />
              org.testng.internal.Invoker.invokeTestMethods(Invoker.java:1189)<br />
              org.testng.internal.TestMethodWorker.invokeTestMethods(TestMethodWorker.java:124)<br />
              org.testng.internal.TestMethodWorker.run(TestMethodWorker.java:108)<br />
              org.testng.TestRunner.privateRun(TestRunner.java:767)<br />
              org.testng.TestRunner.run(TestRunner.java:617)<br />
              org.testng.SuiteRunner.runTest(SuiteRunner.java:348)<br />
              org.testng.SuiteRunner.runSequentially(SuiteRunner.java:343)<br />
              org.testng.SuiteRunner.privateRun(SuiteRunner.java:305)<br />
              org.testng.SuiteRunner.run(SuiteRunner.java:254)<br />
              org.testng.SuiteRunnerWorker.runSuite(SuiteRunnerWorker.java:52)<br />
              org.testng.SuiteRunnerWorker.run(SuiteRunnerWorker.java:86)<br />
              org.testng.TestNG.runSuitesSequentially(TestNG.java:1224)<br />
              org.testng.TestNG.runSuitesLocally(TestNG.java:1149)<br />
              org.testng.TestNG.run(TestNG.java:1057)<br />
              org.testng.remote.RemoteTestNG.run(RemoteTestNG.java:111)<br />
              org.testng.remote.RemoteTestNG.initAndRun(RemoteTestNG.java:204)<br />
              org.testng.remote.RemoteTestNG.main(RemoteTestNG.java:175)<br />
                </div>
      </td>
</tr>
      </table>


  <table class="resultsTable">
    <tr><th colspan="3" class="header passed">Passed Tests</th></tr>
          <tr>
        <td colspan="3" class="group">com.fanbei.borrowCash.ApplyBorrowCashV1Test</td>
      </tr>
            
<tr>
  <td class="method">
                  applyBorrowCashV1
      </td>
  <td class="duration">
    0.046s
  </td>
  <td class="result">
        
          <i>Method arguments: </i><span class="arguments">"13656648524", "500", "0", "e10adc3949ba59abbe56e057f20f883e", "30.213563", "120.213831", "zhejiangsheng", "hangzhoushi", "binjiangqujianglinglu", "ewogICJ0b2tlbklkIiA6ICJUWXh2UzNZYUprQTNVZWF4eDhEU0JIanlabGNiMWhhNXUybTRVTENCWEtwTHFZMks2QmlvMjB3ZlNZNEJNd1krbTROcGNKSm9IYUkzZ2VLMEd1ZG9ldz09IiwKICAib3MiIDogImlPUyIsCiAgInByb2ZpbGVUaW1lIiA6IDc3OSwKICAidmVyc2lvbiIgOiAiMi4xLjUiCn0", "1002", "请求参数缺失"</span><br />
    
        

      </td>
</tr>
<tr>
  <td class="method">
                  applyBorrowCashV1
      </td>
  <td class="duration">
    0.030s
  </td>
  <td class="result">
        
          <i>Method arguments: </i><span class="arguments">"13656648524", "449", "7", "e10adc3949ba59abbe56e057f20f883e", "30.213563", "120.213831", "zhejiangsheng", "hangzhoushi", "binjiangqujianglinglu", "ewogICJ0b2tlbklkIiA6ICJUWXh2UzNZYUprQTNVZWF4eDhEU0JIanlabGNiMWhhNXUybTRVTENCWEtwTHFZMks2QmlvMjB3ZlNZNEJNd1krbTROcGNKSm9IYUkzZ2VLMEd1ZG9ldz09IiwKICAib3MiIDogImlPUyIsCiAgInByb2ZpbGVUaW1lIiA6IDc3OSwKICAidmVyc2lvbiIgOiAiMi4xLjUiCn0", "1117", "申请的金额无效"</span><br />
    
        

      </td>
</tr>
<tr>
  <td class="method">
                  applyBorrowCashV1
      </td>
  <td class="duration">
    0.026s
  </td>
  <td class="result">
        
          <i>Method arguments: </i><span class="arguments">"13656648524", "500", "7", "e10adc3949ba59abbe56e057f20f883e", "30.213563", "", "zhejiangsheng", "hangzhoushi", "binjiangqujianglinglu", "ewogICJ0b2tlbklkIiA6ICJUWXh2UzNZYUprQTNVZWF4eDhEU0JIanlabGNiMWhhNXUybTRVTENCWEtwTHFZMks2QmlvMjB3ZlNZNEJNd1krbTROcGNKSm9IYUkzZ2VLMEd1ZG9ldz09IiwKICAib3MiIDogImlPUyIsCiAgInByb2ZpbGVUaW1lIiA6IDc3OSwKICAidmVyc2lvbiIgOiAiMi4xLjUiCn0", "1002", "请求参数缺失"</span><br />
    
        

      </td>
</tr>
<tr>
  <td class="method">
                  applyBorrowCashV1
      </td>
  <td class="duration">
    5.194s
  </td>
  <td class="result">
        
          <i>Method arguments: </i><span class="arguments">"13656648524", "500", "7", "e10adc3949ba59abbe56e057f20f883e", "30.213563", "120.213831", "zhejiangsheng", "hangzhoushi", "binjiangqujianglinglu", "ewogICJ0b2tlbklkIiA6ICJUWXh2UzNZYUprQTNVZWF4eDhEU0JIanlabGNiMWhhNXUybTRVTENCWEtwTHFZMks2QmlvMjB3ZlNZNEJNd1krbTROcGNKSm9IYUkzZ2VLMEd1ZG9ldz09IiwKICAib3MiIDogImlPUyIsCiAgInByb2ZpbGVUaW1lIiA6IDc3OSwKICAidmVyc2lvbiIgOiAiMi4xLjUiCn0", "1000", "成功"</span><br />
    
        

      </td>
</tr>
<tr>
  <td class="method">
                  applyBorrowCashV1
      </td>
  <td class="duration">
    0.145s
  </td>
  <td class="result">
        
          <i>Method arguments: </i><span class="arguments">"13656648524", "500", "7", "e10adc3949ba59abbe56e057f20f883e", "123456", "120.213831", "zhejiangsheng", "hangzhoushi", "binjiangqujianglinglu", "ewogICJ0b2tlbklkIiA6ICJUWXh2UzNZYUprQTNVZWF4eDhEU0JIanlabGNiMWhhNXUybTRVTENCWEtwTHFZMks2QmlvMjB3ZlNZNEJNd1krbTROcGNKSm9IYUkzZ2VLMEd1ZG9ldz09IiwKICAib3MiIDogImlPUyIsCiAgInByb2ZpbGVUaW1lIiA6IDc3OSwKICAidmVyc2lvbiIgOiAiMi4xLjUiCn0", "9999", "服务器操作错误"</span><br />
    
        

      </td>
</tr>
<tr>
  <td class="method">
                  applyBorrowCashV1
      </td>
  <td class="duration">
    0.054s
  </td>
  <td class="result">
        
          <i>Method arguments: </i><span class="arguments">"13656648524", "0", "7", "e10adc3949ba59abbe56e057f20f883e", "30.213563", "120.213831", "zhejiangsheng", "hangzhoushi", "binjiangqujianglinglu", "ewogICJ0b2tlbklkIiA6ICJUWXh2UzNZYUprQTNVZWF4eDhEU0JIanlabGNiMWhhNXUybTRVTENCWEtwTHFZMks2QmlvMjB3ZlNZNEJNd1krbTROcGNKSm9IYUkzZ2VLMEd1ZG9ldz09IiwKICAib3MiIDogImlPUyIsCiAgInByb2ZpbGVUaW1lIiA6IDc3OSwKICAidmVyc2lvbiIgOiAiMi4xLjUiCn0", "1117", "申请的金额无效"</span><br />
    
        

      </td>
</tr>
<tr>
  <td class="method">
                  applyBorrowCashV1
      </td>
  <td class="duration">
    0.054s
  </td>
  <td class="result">
        
          <i>Method arguments: </i><span class="arguments">"13656648524", "500", "7", "", "30.213563", "120.213831", "zhejiangsheng", "hangzhoushi", "binjiangqujianglinglu", "ewogICJ0b2tlbklkIiA6ICJUWXh2UzNZYUprQTNVZWF4eDhEU0JIanlabGNiMWhhNXUybTRVTENCWEtwTHFZMks2QmlvMjB3ZlNZNEJNd1krbTROcGNKSm9IYUkzZ2VLMEd1ZG9ldz09IiwKICAib3MiIDogImlPUyIsCiAgInByb2ZpbGVUaW1lIiA6IDc3OSwKICAidmVyc2lvbiIgOiAiMi4xLjUiCn0", "1002", "请求参数缺失"</span><br />
    
        

      </td>
</tr>
<tr>
  <td class="method">
                  applyBorrowCashV1
      </td>
  <td class="duration">
    0.032s
  </td>
  <td class="result">
        
          <i>Method arguments: </i><span class="arguments">"13656648524", "500", "7", "123456", "30.213563", "120.213831", "zhejiangsheng", "hangzhoushi", "binjiangqujianglinglu", "ewogICJ0b2tlbklkIiA6ICJUWXh2UzNZYUprQTNVZWF4eDhEU0JIanlabGNiMWhhNXUybTRVTENCWEtwTHFZMks2QmlvMjB3ZlNZNEJNd1krbTROcGNKSm9IYUkzZ2VLMEd1ZG9ldz09IiwKICAib3MiIDogImlPUyIsCiAgInByb2ZpbGVUaW1lIiA6IDc3OSwKICAidmVyc2lvbiIgOiAiMi4xLjUiCn0", "1120", "您的支付密码不正确或者尚未设置,请点击"忘记密码"找回或者重置"</span><br />
    
        

      </td>
</tr>
<tr>
  <td class="method">
                  applyBorrowCashV1
      </td>
  <td class="duration">
    0.053s
  </td>
  <td class="result">
        
          <i>Method arguments: </i><span class="arguments">"13656648524", "500", "7", "e10adc3949ba59abbe56e057f20f883e", "30.213563", "123456", "zhejiangsheng", "hangzhoushi", "binjiangqujianglinglu", "ewogICJ0b2tlbklkIiA6ICJUWXh2UzNZYUprQTNVZWF4eDhEU0JIanlabGNiMWhhNXUybTRVTENCWEtwTHFZMks2QmlvMjB3ZlNZNEJNd1krbTROcGNKSm9IYUkzZ2VLMEd1ZG9ldz09IiwKICAib3MiIDogImlPUyIsCiAgInByb2ZpbGVUaW1lIiA6IDc3OSwKICAidmVyc2lvbiIgOiAiMi4xLjUiCn0", "9999", "服务器操作错误"</span><br />
    
        

      </td>
</tr>
<tr>
  <td class="method">
                  applyBorrowCashV1
      </td>
  <td class="duration">
    0.087s
  </td>
  <td class="result">
        
          <i>Method arguments: </i><span class="arguments">"13656648524", "4500.0", "7", "e10adc3949ba59abbe56e057f20f883e", "30.213563", "120.213831", "zhejiangsheng", "hangzhoushi", "binjiangqujianglinglu", "ewogICJ0b2tlbklkIiA6ICJUWXh2UzNZYUprQTNVZWF4eDhEU0JIanlabGNiMWhhNXUybTRVTENCWEtwTHFZMks2QmlvMjB3ZlNZNEJNd1krbTROcGNKSm9IYUkzZ2VLMEd1ZG9ldz09IiwKICAib3MiIDogImlPUyIsCiAgInByb2ZpbGVUaW1lIiA6IDc3OSwKICAidmVyc2lvbiIgOiAiMi4xLjUiCn0", "2001", "您有一笔未结清账单"</span><br />
    
        

      </td>
</tr>
<tr>
  <td class="method">
                  applyBorrowCashV1
      </td>
  <td class="duration">
    0.038s
  </td>
  <td class="result">
        
          <i>Method arguments: </i><span class="arguments">"13656648524", "500", "", "e10adc3949ba59abbe56e057f20f883e", "30.213563", "120.213831", "zhejiangsheng", "hangzhoushi", "binjiangqujianglinglu", "ewogICJ0b2tlbklkIiA6ICJUWXh2UzNZYUprQTNVZWF4eDhEU0JIanlabGNiMWhhNXUybTRVTENCWEtwTHFZMks2QmlvMjB3ZlNZNEJNd1krbTROcGNKSm9IYUkzZ2VLMEd1ZG9ldz09IiwKICAib3MiIDogImlPUyIsCiAgInByb2ZpbGVUaW1lIiA6IDc3OSwKICAidmVyc2lvbiIgOiAiMi4xLjUiCn0", "1002", "请求参数缺失"</span><br />
    
        

      </td>
</tr>
<tr>
  <td class="method">
                  applyBorrowCashV1
      </td>
  <td class="duration">
    0.026s
  </td>
  <td class="result">
        
          <i>Method arguments: </i><span class="arguments">"13656648524", "500", "7", "e10adc3949ba59abbe56e057f20f883e", "", "120.213831", "zhejiangsheng", "hangzhoushi", "binjiangqujianglinglu", "ewogICJ0b2tlbklkIiA6ICJUWXh2UzNZYUprQTNVZWF4eDhEU0JIanlabGNiMWhhNXUybTRVTENCWEtwTHFZMks2QmlvMjB3ZlNZNEJNd1krbTROcGNKSm9IYUkzZ2VLMEd1ZG9ldz09IiwKICAib3MiIDogImlPUyIsCiAgInByb2ZpbGVUaW1lIiA6IDc3OSwKICAidmVyc2lvbiIgOiAiMi4xLjUiCn0", "1002", "请求参数缺失"</span><br />
    
        

      </td>
</tr>
<tr>
  <td class="method">
                  applyBorrowCashV1
      </td>
  <td class="duration">
    0.038s
  </td>
  <td class="result">
        
          <i>Method arguments: </i><span class="arguments">"13656648524", "500", "1", "e10adc3949ba59abbe56e057f20f883e", "30.213563", "120.213831", "zhejiangsheng", "hangzhoushi", "binjiangqujianglinglu", "ewogICJ0b2tlbklkIiA6ICJUWXh2UzNZYUprQTNVZWF4eDhEU0JIanlabGNiMWhhNXUybTRVTENCWEtwTHFZMks2QmlvMjB3ZlNZNEJNd1krbTROcGNKSm9IYUkzZ2VLMEd1ZG9ldz09IiwKICAib3MiIDogImlPUyIsCiAgInByb2ZpbGVUaW1lIiA6IDc3OSwKICAidmVyc2lvbiIgOiAiMi4xLjUiCn0", "1002", "请求参数缺失"</span><br />
    
        

      </td>
</tr>
          <tr>
        <td colspan="3" class="group">com.fanbei.borrowCash.ApplyRenewalTest</td>
      </tr>
            
<tr>
  <td class="method">
                  applyRenewal
      </td>
  <td class="duration">
    0.024s
  </td>
  <td class="result">
        
          <i>Method arguments: </i><span class="arguments">"", "9999", "服务器操作错误"</span><br />
    
        

      </td>
</tr>
<tr>
  <td class="method">
                  applyRenewal
      </td>
  <td class="duration">
    0.045s
  </td>
  <td class="result">
        
          <i>Method arguments: </i><span class="arguments">"1258240a", "9999", "服务器操作错误"</span><br />
    
        

      </td>
</tr>
<tr>
  <td class="method">
                  applyRenewal
      </td>
  <td class="duration">
    0.042s
  </td>
  <td class="result">
        
          <i>Method arguments: </i><span class="arguments">"1258240", "1000", "成功"</span><br />
    
        

      </td>
</tr>
          <tr>
        <td colspan="3" class="group">com.fanbei.borrowCash.ConfirmRenewalPayTest</td>
      </tr>
            
<tr>
  <td class="method">
                  confirmRenewalPay
      </td>
  <td class="duration">
    3.645s
  </td>
  <td class="result">
        
          <i>Method arguments: </i><span class="arguments">"13656648524", "1258240", "0", "0", "e10adc3949ba59abbe56e057f20f883e", "-2", "1000", "成功"</span><br />
    
        

      </td>
</tr>
<tr>
  <td class="method">
                  confirmRenewalPay
      </td>
  <td class="duration">
    0.025s
  </td>
  <td class="result">
        
          <i>Method arguments: </i><span class="arguments">"13656648524", "", "0", "0", "e10adc3949ba59abbe56e057f20f883e", "-2", "2002", "借钱信息不存在"</span><br />
    
        

      </td>
</tr>
<tr>
  <td class="method">
                  confirmRenewalPay
      </td>
  <td class="duration">
    0.048s
  </td>
  <td class="result">
        
          <i>Method arguments: </i><span class="arguments">"13656648524", "1258240", "0", "0", "fcea920f7412b5da7be0cf42b8c93759", "-2", "1120", "您的支付密码不正确或者尚未设置,请点击"忘记密码"找回或者重置"</span><br />
    
        

      </td>
</tr>
          <tr>
        <td colspan="3" class="group">com.fanbei.borrowCash.GetBorrowCashDetailTest</td>
      </tr>
            
<tr>
  <td class="method">
                  getBorrowCashList
      </td>
  <td class="duration">
    0.107s
  </td>
  <td class="result">
        
          <i>Method arguments: </i><span class="arguments">"1258240", "1000", "成功"</span><br />
    
        

      </td>
</tr>
<tr>
  <td class="method">
                  getBorrowCashList
      </td>
  <td class="duration">
    0.089s
  </td>
  <td class="result">
        
          <i>Method arguments: </i><span class="arguments">"1258240a", "9999", "服务器操作错误"</span><br />
    
        

      </td>
</tr>
<tr>
  <td class="method">
                  getBorrowCashList
      </td>
  <td class="duration">
    0.079s
  </td>
  <td class="result">
        
          <i>Method arguments: </i><span class="arguments">"", "9999", "服务器操作错误"</span><br />
    
        

      </td>
</tr>
          <tr>
        <td colspan="3" class="group">com.fanbei.borrowCash.GetBorrowCashListTest</td>
      </tr>
            
<tr>
  <td class="method">
                  getBorrowCashList
      </td>
  <td class="duration">
    0.080s
  </td>
  <td class="result">
        
          <i>Method arguments: </i><span class="arguments">"13656648524", "1", "1000", "成功"</span><br />
    
        

      </td>
</tr>
          <tr>
        <td colspan="3" class="group">com.fanbei.borrowCash.GetBowCashLogInInfoTest</td>
      </tr>
            
<tr>
  <td class="method">
                  GetBowCashLogInInfo
      </td>
  <td class="duration">
    0.104s
  </td>
  <td class="result">
        
          <i>Method arguments: </i><span class="arguments">"13656648521", "1000", "成功"</span><br />
    
        

      </td>
</tr>
<tr>
  <td class="method">
                  GetBowCashLogInInfo
      </td>
  <td class="duration">
    0.080s
  </td>
  <td class="result">
        
          <i>Method arguments: </i><span class="arguments">"13656648524", "1000", "成功"</span><br />
    
        

      </td>
</tr>
          <tr>
        <td colspan="3" class="group">com.fanbei.borrowCash.GetConfirmBorrowInfoTest</td>
      </tr>
            
<tr>
  <td class="method">
                  getConfirmBorrowInfo
      </td>
  <td class="duration">
    0.032s
  </td>
  <td class="result">
        
          <i>Method arguments: </i><span class="arguments">"13656648521", "500", "7", "", "1000", "成功"</span><br />
    
        

      </td>
</tr>
<tr>
  <td class="method">
                  getConfirmBorrowInfo
      </td>
  <td class="duration">
    0.040s
  </td>
  <td class="result">
        
          <i>Method arguments: </i><span class="arguments">"13656648524", "5000.0", "7", "", "1000", "成功"</span><br />
    
        

      </td>
</tr>
<tr>
  <td class="method">
                  getConfirmBorrowInfo
      </td>
  <td class="duration">
    0.030s
  </td>
  <td class="result">
        
          <i>Method arguments: </i><span class="arguments">"13656648524", "5000.0", "", "", "2000", "借钱金额或者时间有误"</span><br />
    
        

      </td>
</tr>
<tr>
  <td class="method">
                  getConfirmBorrowInfo
      </td>
  <td class="duration">
    0.041s
  </td>
  <td class="result">
        
          <i>Method arguments: </i><span class="arguments">"13656648524", "4999.0", "7", "", "1000", "成功"</span><br />
    
        

      </td>
</tr>
<tr>
  <td class="method">
                  getConfirmBorrowInfo
      </td>
  <td class="duration">
    0.044s
  </td>
  <td class="result">
        
          <i>Method arguments: </i><span class="arguments">"13656648524", "500", "7", "", "1000", "成功"</span><br />
    
        

      </td>
</tr>
<tr>
  <td class="method">
                  getConfirmBorrowInfo
      </td>
  <td class="duration">
    0.035s
  </td>
  <td class="result">
        
          <i>Method arguments: </i><span class="arguments">"13656648524", "1", "7", "", "1117", "申请的金额无效"</span><br />
    
        

      </td>
</tr>
<tr>
  <td class="method">
                  getConfirmBorrowInfo
      </td>
  <td class="duration">
    0.055s
  </td>
  <td class="result">
        
          <i>Method arguments: </i><span class="arguments">"13656648524", "0", "7", "", "1117", "申请的金额无效"</span><br />
    
        

      </td>
</tr>
<tr>
  <td class="method">
                  getConfirmBorrowInfo
      </td>
  <td class="duration">
    0.049s
  </td>
  <td class="result">
        
          <i>Method arguments: </i><span class="arguments">"13656648524", "500", "14", "", "1000", "成功"</span><br />
    
        

      </td>
</tr>
          <tr>
        <td colspan="3" class="group">com.fanbei.borrowCash.GetRenewalDetailTest</td>
      </tr>
            
<tr>
  <td class="method">
                  getRenewalDetail
      </td>
  <td class="duration">
    0.027s
  </td>
  <td class="result">
        
          <i>Method arguments: </i><span class="arguments">"13656648524", "297943", "1000", "成功"</span><br />
    
        

      </td>
</tr>
          <tr>
        <td colspan="3" class="group">com.fanbei.borrowCash.GetRenewalListTest</td>
      </tr>
            
<tr>
  <td class="method">
                  getRenewalList
      </td>
  <td class="duration">
    0.027s
  </td>
  <td class="result">
        
          <i>Method arguments: </i><span class="arguments">"13656648524", "1258240", "1", "1000", "成功"</span><br />
    
        

      </td>
</tr>
      </table>
  
</body>
</html>
