<html>
<head>
<title>TestNG:  com.fanbei.borrowCash</title>
<link href="../testng.css" rel="stylesheet" type="text/css" />
<link href="../my-testng.css" rel="stylesheet" type="text/css" />

<style type="text/css">
.log { display: none;} 
.stack-trace { display: none;} 
</style>
<script type="text/javascript">
<!--
function flip(e) {
  current = e.style.display;
  if (current == 'block') {
    e.style.display = 'none';
    return 0;
  }
  else {
    e.style.display = 'block';
    return 1;
  }
}

function toggleBox(szDivId, elem, msg1, msg2)
{
  var res = -1;  if (document.getElementById) {
    res = flip(document.getElementById(szDivId));
  }
  else if (document.all) {
    // this is the way old msie versions work
    res = flip(document.all[szDivId]);
  }
  if(elem) {
    if(res == 0) elem.innerHTML = msg1; else elem.innerHTML = msg2;
  }

}

function toggleAllBoxes() {
  if (document.getElementsByTagName) {
    d = document.getElementsByTagName('div');
    for (i = 0; i < d.length; i++) {
      if (d[i].className == 'log') {
        flip(d[i]);
      }
    }
  }
}

// -->
</script>

</head>
<body>
<h2 align='center'>com.fanbei.borrowCash</h2><table border='1' align="center">
<tr>
<td>Tests passed/Failed/Skipped:</td><td>35/11/0</td>
</tr><tr>
<td>Started on:</td><td>Tue Sep 12 14:54:58 CST 2017</td>
</tr>
<tr><td>Total time:</td><td>12 seconds (12175 ms)</td>
</tr><tr>
<td>Included groups:</td><td></td>
</tr><tr>
<td>Excluded groups:</td><td></td>
</tr>
</table><p/>
<small><i>(Hover the method name to see the test class name)</i></small><p/>
<table width='100%' border='1' class='invocation-failed'>
<tr><td colspan='4' align='center'><b>FAILED TESTS</b></td></tr>
<tr><td><b>Test method</b></td>
<td width="30%"><b>Exception</b></td>
<td width="10%"><b>Time (seconds)</b></td>
<td><b>Instance</b></td>
</tr>
<tr>
<td title='com.fanbei.borrowCash.GetBowCashLogInInfoTest.GetBowCashLogInInfo()'><b>GetBowCashLogInInfo</b><br>Test class: com.fanbei.borrowCash.GetBowCashLogInInfoTest<br>Parameters: 13656648511, 1005, 用户不存在</td>
<td><div><pre>java.lang.AssertionError: expected [1005] but found [1015]
	at com.fanbei.borrowCash.GetBowCashLogInInfoTest.GetBowCashLogInInfo(GetBowCashLogInInfoTest.java:56)
... Removed 29 stack frames</pre></div><a href='#' onClick='toggleBox("stack-trace340360870", this, "Click to show all stack frames", "Click to hide stack frames")'>Click to show all stack frames</a>
<div class='stack-trace' id='stack-trace340360870'><pre>java.lang.AssertionError: expected [1005] but found [1015]
	at org.testng.Assert.fail(Assert.java:94)
	at org.testng.Assert.failNotEquals(Assert.java:494)
	at org.testng.Assert.assertEquals(Assert.java:123)
	at org.testng.Assert.assertEquals(Assert.java:176)
	at org.testng.Assert.assertEquals(Assert.java:186)
	at com.fanbei.borrowCash.GetBowCashLogInInfoTest.GetBowCashLogInInfo(GetBowCashLogInInfoTest.java:56)
	at sun.reflect.NativeMethodAccessorImpl.invoke0(Native Method)
	at sun.reflect.NativeMethodAccessorImpl.invoke(Unknown Source)
	at sun.reflect.DelegatingMethodAccessorImpl.invoke(Unknown Source)
	at java.lang.reflect.Method.invoke(Unknown Source)
	at org.testng.internal.MethodInvocationHelper.invokeMethod(MethodInvocationHelper.java:85)
	at org.testng.internal.Invoker.invokeMethod(Invoker.java:696)
	at org.testng.internal.Invoker.invokeTestMethod(Invoker.java:882)
	at org.testng.internal.Invoker.invokeTestMethods(Invoker.java:1189)
	at org.testng.internal.TestMethodWorker.invokeTestMethods(TestMethodWorker.java:124)
	at org.testng.internal.TestMethodWorker.run(TestMethodWorker.java:108)
	at org.testng.TestRunner.privateRun(TestRunner.java:767)
	at org.testng.TestRunner.run(TestRunner.java:617)
	at org.testng.SuiteRunner.runTest(SuiteRunner.java:348)
	at org.testng.SuiteRunner.runSequentially(SuiteRunner.java:343)
	at org.testng.SuiteRunner.privateRun(SuiteRunner.java:305)
	at org.testng.SuiteRunner.run(SuiteRunner.java:254)
	at org.testng.SuiteRunnerWorker.runSuite(SuiteRunnerWorker.java:52)
	at org.testng.SuiteRunnerWorker.run(SuiteRunnerWorker.java:86)
	at org.testng.TestNG.runSuitesSequentially(TestNG.java:1224)
	at org.testng.TestNG.runSuitesLocally(TestNG.java:1149)
	at org.testng.TestNG.run(TestNG.java:1057)
	at org.testng.remote.RemoteTestNG.run(RemoteTestNG.java:111)
	at org.testng.remote.RemoteTestNG.initAndRun(RemoteTestNG.java:204)
	at org.testng.remote.RemoteTestNG.main(RemoteTestNG.java:175)
</pre></div></td>
<td>0</td>
<td>com.fanbei.borrowCash.GetBowCashLogInInfoTest@572632e0</td></tr>
<tr>
<td title='com.fanbei.borrowCash.GetBowCashLogInInfoTest.GetBowCashLogInInfo()'><b>GetBowCashLogInInfo</b><br>Test class: com.fanbei.borrowCash.GetBowCashLogInInfoTest<br>Parameters: , 1005, 用户不存在</td>
<td><div><pre>java.lang.AssertionError: expected [1005] but found [1015]
	at com.fanbei.borrowCash.GetBowCashLogInInfoTest.GetBowCashLogInInfo(GetBowCashLogInInfoTest.java:56)
... Removed 29 stack frames</pre></div><a href='#' onClick='toggleBox("stack-trace621251374", this, "Click to show all stack frames", "Click to hide stack frames")'>Click to show all stack frames</a>
<div class='stack-trace' id='stack-trace621251374'><pre>java.lang.AssertionError: expected [1005] but found [1015]
	at org.testng.Assert.fail(Assert.java:94)
	at org.testng.Assert.failNotEquals(Assert.java:494)
	at org.testng.Assert.assertEquals(Assert.java:123)
	at org.testng.Assert.assertEquals(Assert.java:176)
	at org.testng.Assert.assertEquals(Assert.java:186)
	at com.fanbei.borrowCash.GetBowCashLogInInfoTest.GetBowCashLogInInfo(GetBowCashLogInInfoTest.java:56)
	at sun.reflect.NativeMethodAccessorImpl.invoke0(Native Method)
	at sun.reflect.NativeMethodAccessorImpl.invoke(Unknown Source)
	at sun.reflect.DelegatingMethodAccessorImpl.invoke(Unknown Source)
	at java.lang.reflect.Method.invoke(Unknown Source)
	at org.testng.internal.MethodInvocationHelper.invokeMethod(MethodInvocationHelper.java:85)
	at org.testng.internal.Invoker.invokeMethod(Invoker.java:696)
	at org.testng.internal.Invoker.invokeTestMethod(Invoker.java:882)
	at org.testng.internal.Invoker.invokeTestMethods(Invoker.java:1189)
	at org.testng.internal.TestMethodWorker.invokeTestMethods(TestMethodWorker.java:124)
	at org.testng.internal.TestMethodWorker.run(TestMethodWorker.java:108)
	at org.testng.TestRunner.privateRun(TestRunner.java:767)
	at org.testng.TestRunner.run(TestRunner.java:617)
	at org.testng.SuiteRunner.runTest(SuiteRunner.java:348)
	at org.testng.SuiteRunner.runSequentially(SuiteRunner.java:343)
	at org.testng.SuiteRunner.privateRun(SuiteRunner.java:305)
	at org.testng.SuiteRunner.run(SuiteRunner.java:254)
	at org.testng.SuiteRunnerWorker.runSuite(SuiteRunnerWorker.java:52)
	at org.testng.SuiteRunnerWorker.run(SuiteRunnerWorker.java:86)
	at org.testng.TestNG.runSuitesSequentially(TestNG.java:1224)
	at org.testng.TestNG.runSuitesLocally(TestNG.java:1149)
	at org.testng.TestNG.run(TestNG.java:1057)
	at org.testng.remote.RemoteTestNG.run(RemoteTestNG.java:111)
	at org.testng.remote.RemoteTestNG.initAndRun(RemoteTestNG.java:204)
	at org.testng.remote.RemoteTestNG.main(RemoteTestNG.java:175)
</pre></div></td>
<td>0</td>
<td>com.fanbei.borrowCash.GetBowCashLogInInfoTest@572632e0</td></tr>
<tr>
<td title='com.fanbei.borrowCash.ApplyBorrowCashV1Test.applyBorrowCashV1()'><b>applyBorrowCashV1</b><br>Test class: com.fanbei.borrowCash.ApplyBorrowCashV1Test<br>Parameters: , 500, 7, e10adc3949ba59abbe56e057f20f883e, 30.213563, 120.213831, zhejiangsheng, hangzhoushi, binjiangqujianglinglu, ewogICJ0b2tlbklkIiA6ICJUWXh2UzNZYUprQTNVZWF4eDhEU0JIanlabGNiMWhhNXUybTRVTENCWEtwTHFZMks2QmlvMjB3ZlNZNEJNd1krbTROcGNKSm9IYUkzZ2VLMEd1ZG9ldz09IiwKICAib3MiIDogImlPUyIsCiAgInByb2ZpbGVUaW1lIiA6IDc3OSwKICAidmVyc2lvbiIgOiAiMi4xLjUiCn0, 1005, 用户不存在</td>
<td><div><pre>java.lang.AssertionError: expected [1005] but found [1015]
	at com.fanbei.borrowCash.ApplyBorrowCashV1Test.applyBorrowCashV1(ApplyBorrowCashV1Test.java:91)
... Removed 29 stack frames</pre></div><a href='#' onClick='toggleBox("stack-trace1894432446", this, "Click to show all stack frames", "Click to hide stack frames")'>Click to show all stack frames</a>
<div class='stack-trace' id='stack-trace1894432446'><pre>java.lang.AssertionError: expected [1005] but found [1015]
	at org.testng.Assert.fail(Assert.java:94)
	at org.testng.Assert.failNotEquals(Assert.java:494)
	at org.testng.Assert.assertEquals(Assert.java:123)
	at org.testng.Assert.assertEquals(Assert.java:176)
	at org.testng.Assert.assertEquals(Assert.java:186)
	at com.fanbei.borrowCash.ApplyBorrowCashV1Test.applyBorrowCashV1(ApplyBorrowCashV1Test.java:91)
	at sun.reflect.NativeMethodAccessorImpl.invoke0(Native Method)
	at sun.reflect.NativeMethodAccessorImpl.invoke(Unknown Source)
	at sun.reflect.DelegatingMethodAccessorImpl.invoke(Unknown Source)
	at java.lang.reflect.Method.invoke(Unknown Source)
	at org.testng.internal.MethodInvocationHelper.invokeMethod(MethodInvocationHelper.java:85)
	at org.testng.internal.Invoker.invokeMethod(Invoker.java:696)
	at org.testng.internal.Invoker.invokeTestMethod(Invoker.java:882)
	at org.testng.internal.Invoker.invokeTestMethods(Invoker.java:1189)
	at org.testng.internal.TestMethodWorker.invokeTestMethods(TestMethodWorker.java:124)
	at org.testng.internal.TestMethodWorker.run(TestMethodWorker.java:108)
	at org.testng.TestRunner.privateRun(TestRunner.java:767)
	at org.testng.TestRunner.run(TestRunner.java:617)
	at org.testng.SuiteRunner.runTest(SuiteRunner.java:348)
	at org.testng.SuiteRunner.runSequentially(SuiteRunner.java:343)
	at org.testng.SuiteRunner.privateRun(SuiteRunner.java:305)
	at org.testng.SuiteRunner.run(SuiteRunner.java:254)
	at org.testng.SuiteRunnerWorker.runSuite(SuiteRunnerWorker.java:52)
	at org.testng.SuiteRunnerWorker.run(SuiteRunnerWorker.java:86)
	at org.testng.TestNG.runSuitesSequentially(TestNG.java:1224)
	at org.testng.TestNG.runSuitesLocally(TestNG.java:1149)
	at org.testng.TestNG.run(TestNG.java:1057)
	at org.testng.remote.RemoteTestNG.run(RemoteTestNG.java:111)
	at org.testng.remote.RemoteTestNG.initAndRun(RemoteTestNG.java:204)
	at org.testng.remote.RemoteTestNG.main(RemoteTestNG.java:175)
</pre></div></td>
<td>0</td>
<td>com.fanbei.borrowCash.ApplyBorrowCashV1Test@46a668bc</td></tr>
<tr>
<td title='com.fanbei.borrowCash.ApplyBorrowCashV1Test.applyBorrowCashV1()'><b>applyBorrowCashV1</b><br>Test class: com.fanbei.borrowCash.ApplyBorrowCashV1Test<br>Parameters: 13656648524, 5001.0, 7, e10adc3949ba59abbe56e057f20f883e, 30.213563, 120.213831, zhejiangsheng, hangzhoushi, binjiangqujianglinglu, ewogICJ0b2tlbklkIiA6ICJUWXh2UzNZYUprQTNVZWF4eDhEU0JIanlabGNiMWhhNXUybTRVTENCWEtwTHFZMks2QmlvMjB3ZlNZNEJNd1krbTROcGNKSm9IYUkzZ2VLMEd1ZG9ldz09IiwKICAib3MiIDogImlPUyIsCiAgInByb2ZpbGVUaW1lIiA6IDc3OSwKICAidmVyc2lvbiIgOiAiMi4xLjUiCn0, 2008, 借款金额超过可借金额，请下拉刷新后重新提交</td>
<td><div><pre>java.lang.AssertionError: expected [2008] but found [1117]
	at com.fanbei.borrowCash.ApplyBorrowCashV1Test.applyBorrowCashV1(ApplyBorrowCashV1Test.java:91)
... Removed 29 stack frames</pre></div><a href='#' onClick='toggleBox("stack-trace173944605", this, "Click to show all stack frames", "Click to hide stack frames")'>Click to show all stack frames</a>
<div class='stack-trace' id='stack-trace173944605'><pre>java.lang.AssertionError: expected [2008] but found [1117]
	at org.testng.Assert.fail(Assert.java:94)
	at org.testng.Assert.failNotEquals(Assert.java:494)
	at org.testng.Assert.assertEquals(Assert.java:123)
	at org.testng.Assert.assertEquals(Assert.java:176)
	at org.testng.Assert.assertEquals(Assert.java:186)
	at com.fanbei.borrowCash.ApplyBorrowCashV1Test.applyBorrowCashV1(ApplyBorrowCashV1Test.java:91)
	at sun.reflect.NativeMethodAccessorImpl.invoke0(Native Method)
	at sun.reflect.NativeMethodAccessorImpl.invoke(Unknown Source)
	at sun.reflect.DelegatingMethodAccessorImpl.invoke(Unknown Source)
	at java.lang.reflect.Method.invoke(Unknown Source)
	at org.testng.internal.MethodInvocationHelper.invokeMethod(MethodInvocationHelper.java:85)
	at org.testng.internal.Invoker.invokeMethod(Invoker.java:696)
	at org.testng.internal.Invoker.invokeTestMethod(Invoker.java:882)
	at org.testng.internal.Invoker.invokeTestMethods(Invoker.java:1189)
	at org.testng.internal.TestMethodWorker.invokeTestMethods(TestMethodWorker.java:124)
	at org.testng.internal.TestMethodWorker.run(TestMethodWorker.java:108)
	at org.testng.TestRunner.privateRun(TestRunner.java:767)
	at org.testng.TestRunner.run(TestRunner.java:617)
	at org.testng.SuiteRunner.runTest(SuiteRunner.java:348)
	at org.testng.SuiteRunner.runSequentially(SuiteRunner.java:343)
	at org.testng.SuiteRunner.privateRun(SuiteRunner.java:305)
	at org.testng.SuiteRunner.run(SuiteRunner.java:254)
	at org.testng.SuiteRunnerWorker.runSuite(SuiteRunnerWorker.java:52)
	at org.testng.SuiteRunnerWorker.run(SuiteRunnerWorker.java:86)
	at org.testng.TestNG.runSuitesSequentially(TestNG.java:1224)
	at org.testng.TestNG.runSuitesLocally(TestNG.java:1149)
	at org.testng.TestNG.run(TestNG.java:1057)
	at org.testng.remote.RemoteTestNG.run(RemoteTestNG.java:111)
	at org.testng.remote.RemoteTestNG.initAndRun(RemoteTestNG.java:204)
	at org.testng.remote.RemoteTestNG.main(RemoteTestNG.java:175)
</pre></div></td>
<td>0</td>
<td>com.fanbei.borrowCash.ApplyBorrowCashV1Test@46a668bc</td></tr>
<tr>
<td title='com.fanbei.borrowCash.ConfirmRenewalPayTest.confirmRenewalPay()'><b>confirmRenewalPay</b><br>Test class: com.fanbei.borrowCash.ConfirmRenewalPayTest<br>Parameters: , 1258240, 0, 0, e10adc3949ba59abbe56e057f20f883e, -2, 1005, 用户不存在</td>
<td><div><pre>java.lang.AssertionError: expected [1005] but found [1015]
	at com.fanbei.borrowCash.ConfirmRenewalPayTest.confirmRenewalPay(ConfirmRenewalPayTest.java:96)
... Removed 29 stack frames</pre></div><a href='#' onClick='toggleBox("stack-trace1496774047", this, "Click to show all stack frames", "Click to hide stack frames")'>Click to show all stack frames</a>
<div class='stack-trace' id='stack-trace1496774047'><pre>java.lang.AssertionError: expected [1005] but found [1015]
	at org.testng.Assert.fail(Assert.java:94)
	at org.testng.Assert.failNotEquals(Assert.java:494)
	at org.testng.Assert.assertEquals(Assert.java:123)
	at org.testng.Assert.assertEquals(Assert.java:176)
	at org.testng.Assert.assertEquals(Assert.java:186)
	at com.fanbei.borrowCash.ConfirmRenewalPayTest.confirmRenewalPay(ConfirmRenewalPayTest.java:96)
	at sun.reflect.NativeMethodAccessorImpl.invoke0(Native Method)
	at sun.reflect.NativeMethodAccessorImpl.invoke(Unknown Source)
	at sun.reflect.DelegatingMethodAccessorImpl.invoke(Unknown Source)
	at java.lang.reflect.Method.invoke(Unknown Source)
	at org.testng.internal.MethodInvocationHelper.invokeMethod(MethodInvocationHelper.java:85)
	at org.testng.internal.Invoker.invokeMethod(Invoker.java:696)
	at org.testng.internal.Invoker.invokeTestMethod(Invoker.java:882)
	at org.testng.internal.Invoker.invokeTestMethods(Invoker.java:1189)
	at org.testng.internal.TestMethodWorker.invokeTestMethods(TestMethodWorker.java:124)
	at org.testng.internal.TestMethodWorker.run(TestMethodWorker.java:108)
	at org.testng.TestRunner.privateRun(TestRunner.java:767)
	at org.testng.TestRunner.run(TestRunner.java:617)
	at org.testng.SuiteRunner.runTest(SuiteRunner.java:348)
	at org.testng.SuiteRunner.runSequentially(SuiteRunner.java:343)
	at org.testng.SuiteRunner.privateRun(SuiteRunner.java:305)
	at org.testng.SuiteRunner.run(SuiteRunner.java:254)
	at org.testng.SuiteRunnerWorker.runSuite(SuiteRunnerWorker.java:52)
	at org.testng.SuiteRunnerWorker.run(SuiteRunnerWorker.java:86)
	at org.testng.TestNG.runSuitesSequentially(TestNG.java:1224)
	at org.testng.TestNG.runSuitesLocally(TestNG.java:1149)
	at org.testng.TestNG.run(TestNG.java:1057)
	at org.testng.remote.RemoteTestNG.run(RemoteTestNG.java:111)
	at org.testng.remote.RemoteTestNG.initAndRun(RemoteTestNG.java:204)
	at org.testng.remote.RemoteTestNG.main(RemoteTestNG.java:175)
</pre></div></td>
<td>0</td>
<td>com.fanbei.borrowCash.ConfirmRenewalPayTest@4706efb</td></tr>
<tr>
<td title='com.fanbei.borrowCash.GetBorrowCashListTest.getBorrowCashList()'><b>getBorrowCashList</b><br>Test class: com.fanbei.borrowCash.GetBorrowCashListTest<br>Parameters: 13656648577, 1, 1005, 用户不存在</td>
<td><div><pre>java.lang.AssertionError: expected [1005] but found [1015]
	at com.fanbei.borrowCash.GetBorrowCashListTest.getBorrowCashList(GetBorrowCashListTest.java:55)
... Removed 29 stack frames</pre></div><a href='#' onClick='toggleBox("stack-trace117136125", this, "Click to show all stack frames", "Click to hide stack frames")'>Click to show all stack frames</a>
<div class='stack-trace' id='stack-trace117136125'><pre>java.lang.AssertionError: expected [1005] but found [1015]
	at org.testng.Assert.fail(Assert.java:94)
	at org.testng.Assert.failNotEquals(Assert.java:494)
	at org.testng.Assert.assertEquals(Assert.java:123)
	at org.testng.Assert.assertEquals(Assert.java:176)
	at org.testng.Assert.assertEquals(Assert.java:186)
	at com.fanbei.borrowCash.GetBorrowCashListTest.getBorrowCashList(GetBorrowCashListTest.java:55)
	at sun.reflect.NativeMethodAccessorImpl.invoke0(Native Method)
	at sun.reflect.NativeMethodAccessorImpl.invoke(Unknown Source)
	at sun.reflect.DelegatingMethodAccessorImpl.invoke(Unknown Source)
	at java.lang.reflect.Method.invoke(Unknown Source)
	at org.testng.internal.MethodInvocationHelper.invokeMethod(MethodInvocationHelper.java:85)
	at org.testng.internal.Invoker.invokeMethod(Invoker.java:696)
	at org.testng.internal.Invoker.invokeTestMethod(Invoker.java:882)
	at org.testng.internal.Invoker.invokeTestMethods(Invoker.java:1189)
	at org.testng.internal.TestMethodWorker.invokeTestMethods(TestMethodWorker.java:124)
	at org.testng.internal.TestMethodWorker.run(TestMethodWorker.java:108)
	at org.testng.TestRunner.privateRun(TestRunner.java:767)
	at org.testng.TestRunner.run(TestRunner.java:617)
	at org.testng.SuiteRunner.runTest(SuiteRunner.java:348)
	at org.testng.SuiteRunner.runSequentially(SuiteRunner.java:343)
	at org.testng.SuiteRunner.privateRun(SuiteRunner.java:305)
	at org.testng.SuiteRunner.run(SuiteRunner.java:254)
	at org.testng.SuiteRunnerWorker.runSuite(SuiteRunnerWorker.java:52)
	at org.testng.SuiteRunnerWorker.run(SuiteRunnerWorker.java:86)
	at org.testng.TestNG.runSuitesSequentially(TestNG.java:1224)
	at org.testng.TestNG.runSuitesLocally(TestNG.java:1149)
	at org.testng.TestNG.run(TestNG.java:1057)
	at org.testng.remote.RemoteTestNG.run(RemoteTestNG.java:111)
	at org.testng.remote.RemoteTestNG.initAndRun(RemoteTestNG.java:204)
	at org.testng.remote.RemoteTestNG.main(RemoteTestNG.java:175)
</pre></div></td>
<td>0</td>
<td>com.fanbei.borrowCash.GetBorrowCashListTest@62f03cb9</td></tr>
<tr>
<td title='com.fanbei.borrowCash.GetConfirmBorrowInfoTest.getConfirmBorrowInfo()'><b>getConfirmBorrowInfo</b><br>Test class: com.fanbei.borrowCash.GetConfirmBorrowInfoTest<br>Parameters: 13656648524, 5001.0, 7, , 2008, 借款金额超过可借金额，请下拉刷新后重新提交</td>
<td><div><pre>java.lang.AssertionError: expected [2008] but found [1117]
	at com.fanbei.borrowCash.GetConfirmBorrowInfoTest.getConfirmBorrowInfo(GetConfirmBorrowInfoTest.java:68)
... Removed 29 stack frames</pre></div><a href='#' onClick='toggleBox("stack-trace461843241", this, "Click to show all stack frames", "Click to hide stack frames")'>Click to show all stack frames</a>
<div class='stack-trace' id='stack-trace461843241'><pre>java.lang.AssertionError: expected [2008] but found [1117]
	at org.testng.Assert.fail(Assert.java:94)
	at org.testng.Assert.failNotEquals(Assert.java:494)
	at org.testng.Assert.assertEquals(Assert.java:123)
	at org.testng.Assert.assertEquals(Assert.java:176)
	at org.testng.Assert.assertEquals(Assert.java:186)
	at com.fanbei.borrowCash.GetConfirmBorrowInfoTest.getConfirmBorrowInfo(GetConfirmBorrowInfoTest.java:68)
	at sun.reflect.NativeMethodAccessorImpl.invoke0(Native Method)
	at sun.reflect.NativeMethodAccessorImpl.invoke(Unknown Source)
	at sun.reflect.DelegatingMethodAccessorImpl.invoke(Unknown Source)
	at java.lang.reflect.Method.invoke(Unknown Source)
	at org.testng.internal.MethodInvocationHelper.invokeMethod(MethodInvocationHelper.java:85)
	at org.testng.internal.Invoker.invokeMethod(Invoker.java:696)
	at org.testng.internal.Invoker.invokeTestMethod(Invoker.java:882)
	at org.testng.internal.Invoker.invokeTestMethods(Invoker.java:1189)
	at org.testng.internal.TestMethodWorker.invokeTestMethods(TestMethodWorker.java:124)
	at org.testng.internal.TestMethodWorker.run(TestMethodWorker.java:108)
	at org.testng.TestRunner.privateRun(TestRunner.java:767)
	at org.testng.TestRunner.run(TestRunner.java:617)
	at org.testng.SuiteRunner.runTest(SuiteRunner.java:348)
	at org.testng.SuiteRunner.runSequentially(SuiteRunner.java:343)
	at org.testng.SuiteRunner.privateRun(SuiteRunner.java:305)
	at org.testng.SuiteRunner.run(SuiteRunner.java:254)
	at org.testng.SuiteRunnerWorker.runSuite(SuiteRunnerWorker.java:52)
	at org.testng.SuiteRunnerWorker.run(SuiteRunnerWorker.java:86)
	at org.testng.TestNG.runSuitesSequentially(TestNG.java:1224)
	at org.testng.TestNG.runSuitesLocally(TestNG.java:1149)
	at org.testng.TestNG.run(TestNG.java:1057)
	at org.testng.remote.RemoteTestNG.run(RemoteTestNG.java:111)
	at org.testng.remote.RemoteTestNG.initAndRun(RemoteTestNG.java:204)
	at org.testng.remote.RemoteTestNG.main(RemoteTestNG.java:175)
</pre></div></td>
<td>0</td>
<td>com.fanbei.borrowCash.GetConfirmBorrowInfoTest@71862303</td></tr>
<tr>
<td title='com.fanbei.borrowCash.GetConfirmBorrowInfoTest.getConfirmBorrowInfo()'><b>getConfirmBorrowInfo</b><br>Test class: com.fanbei.borrowCash.GetConfirmBorrowInfoTest<br>Parameters: 13656648511, 500, 7, , 1005, 用户不存在</td>
<td><div><pre>java.lang.AssertionError: expected [1005] but found [1015]
	at com.fanbei.borrowCash.GetConfirmBorrowInfoTest.getConfirmBorrowInfo(GetConfirmBorrowInfoTest.java:68)
... Removed 29 stack frames</pre></div><a href='#' onClick='toggleBox("stack-trace694849048", this, "Click to show all stack frames", "Click to hide stack frames")'>Click to show all stack frames</a>
<div class='stack-trace' id='stack-trace694849048'><pre>java.lang.AssertionError: expected [1005] but found [1015]
	at org.testng.Assert.fail(Assert.java:94)
	at org.testng.Assert.failNotEquals(Assert.java:494)
	at org.testng.Assert.assertEquals(Assert.java:123)
	at org.testng.Assert.assertEquals(Assert.java:176)
	at org.testng.Assert.assertEquals(Assert.java:186)
	at com.fanbei.borrowCash.GetConfirmBorrowInfoTest.getConfirmBorrowInfo(GetConfirmBorrowInfoTest.java:68)
	at sun.reflect.NativeMethodAccessorImpl.invoke0(Native Method)
	at sun.reflect.NativeMethodAccessorImpl.invoke(Unknown Source)
	at sun.reflect.DelegatingMethodAccessorImpl.invoke(Unknown Source)
	at java.lang.reflect.Method.invoke(Unknown Source)
	at org.testng.internal.MethodInvocationHelper.invokeMethod(MethodInvocationHelper.java:85)
	at org.testng.internal.Invoker.invokeMethod(Invoker.java:696)
	at org.testng.internal.Invoker.invokeTestMethod(Invoker.java:882)
	at org.testng.internal.Invoker.invokeTestMethods(Invoker.java:1189)
	at org.testng.internal.TestMethodWorker.invokeTestMethods(TestMethodWorker.java:124)
	at org.testng.internal.TestMethodWorker.run(TestMethodWorker.java:108)
	at org.testng.TestRunner.privateRun(TestRunner.java:767)
	at org.testng.TestRunner.run(TestRunner.java:617)
	at org.testng.SuiteRunner.runTest(SuiteRunner.java:348)
	at org.testng.SuiteRunner.runSequentially(SuiteRunner.java:343)
	at org.testng.SuiteRunner.privateRun(SuiteRunner.java:305)
	at org.testng.SuiteRunner.run(SuiteRunner.java:254)
	at org.testng.SuiteRunnerWorker.runSuite(SuiteRunnerWorker.java:52)
	at org.testng.SuiteRunnerWorker.run(SuiteRunnerWorker.java:86)
	at org.testng.TestNG.runSuitesSequentially(TestNG.java:1224)
	at org.testng.TestNG.runSuitesLocally(TestNG.java:1149)
	at org.testng.TestNG.run(TestNG.java:1057)
	at org.testng.remote.RemoteTestNG.run(RemoteTestNG.java:111)
	at org.testng.remote.RemoteTestNG.initAndRun(RemoteTestNG.java:204)
	at org.testng.remote.RemoteTestNG.main(RemoteTestNG.java:175)
</pre></div></td>
<td>0</td>
<td>com.fanbei.borrowCash.GetConfirmBorrowInfoTest@71862303</td></tr>
<tr>
<td title='com.fanbei.borrowCash.GetConfirmBorrowInfoTest.getConfirmBorrowInfo()'><b>getConfirmBorrowInfo</b><br>Test class: com.fanbei.borrowCash.GetConfirmBorrowInfoTest<br>Parameters: , 500, 7, , 1005, 用户不存在</td>
<td><div><pre>java.lang.AssertionError: expected [1005] but found [1015]
	at com.fanbei.borrowCash.GetConfirmBorrowInfoTest.getConfirmBorrowInfo(GetConfirmBorrowInfoTest.java:68)
... Removed 29 stack frames</pre></div><a href='#' onClick='toggleBox("stack-trace1389490683", this, "Click to show all stack frames", "Click to hide stack frames")'>Click to show all stack frames</a>
<div class='stack-trace' id='stack-trace1389490683'><pre>java.lang.AssertionError: expected [1005] but found [1015]
	at org.testng.Assert.fail(Assert.java:94)
	at org.testng.Assert.failNotEquals(Assert.java:494)
	at org.testng.Assert.assertEquals(Assert.java:123)
	at org.testng.Assert.assertEquals(Assert.java:176)
	at org.testng.Assert.assertEquals(Assert.java:186)
	at com.fanbei.borrowCash.GetConfirmBorrowInfoTest.getConfirmBorrowInfo(GetConfirmBorrowInfoTest.java:68)
	at sun.reflect.NativeMethodAccessorImpl.invoke0(Native Method)
	at sun.reflect.NativeMethodAccessorImpl.invoke(Unknown Source)
	at sun.reflect.DelegatingMethodAccessorImpl.invoke(Unknown Source)
	at java.lang.reflect.Method.invoke(Unknown Source)
	at org.testng.internal.MethodInvocationHelper.invokeMethod(MethodInvocationHelper.java:85)
	at org.testng.internal.Invoker.invokeMethod(Invoker.java:696)
	at org.testng.internal.Invoker.invokeTestMethod(Invoker.java:882)
	at org.testng.internal.Invoker.invokeTestMethods(Invoker.java:1189)
	at org.testng.internal.TestMethodWorker.invokeTestMethods(TestMethodWorker.java:124)
	at org.testng.internal.TestMethodWorker.run(TestMethodWorker.java:108)
	at org.testng.TestRunner.privateRun(TestRunner.java:767)
	at org.testng.TestRunner.run(TestRunner.java:617)
	at org.testng.SuiteRunner.runTest(SuiteRunner.java:348)
	at org.testng.SuiteRunner.runSequentially(SuiteRunner.java:343)
	at org.testng.SuiteRunner.privateRun(SuiteRunner.java:305)
	at org.testng.SuiteRunner.run(SuiteRunner.java:254)
	at org.testng.SuiteRunnerWorker.runSuite(SuiteRunnerWorker.java:52)
	at org.testng.SuiteRunnerWorker.run(SuiteRunnerWorker.java:86)
	at org.testng.TestNG.runSuitesSequentially(TestNG.java:1224)
	at org.testng.TestNG.runSuitesLocally(TestNG.java:1149)
	at org.testng.TestNG.run(TestNG.java:1057)
	at org.testng.remote.RemoteTestNG.run(RemoteTestNG.java:111)
	at org.testng.remote.RemoteTestNG.initAndRun(RemoteTestNG.java:204)
	at org.testng.remote.RemoteTestNG.main(RemoteTestNG.java:175)
</pre></div></td>
<td>0</td>
<td>com.fanbei.borrowCash.GetConfirmBorrowInfoTest@71862303</td></tr>
<tr>
<td title='com.fanbei.borrowCash.GetRenewalListTest.getRenewalList()'><b>getRenewalList</b><br>Test class: com.fanbei.borrowCash.GetRenewalListTest<br>Parameters: , 1258240, 1, 1005, 用户不存在</td>
<td><div><pre>java.lang.AssertionError: expected [1005] but found [1015]
	at com.fanbei.borrowCash.GetRenewalListTest.getRenewalList(GetRenewalListTest.java:56)
... Removed 29 stack frames</pre></div><a href='#' onClick='toggleBox("stack-trace2143440003", this, "Click to show all stack frames", "Click to hide stack frames")'>Click to show all stack frames</a>
<div class='stack-trace' id='stack-trace2143440003'><pre>java.lang.AssertionError: expected [1005] but found [1015]
	at org.testng.Assert.fail(Assert.java:94)
	at org.testng.Assert.failNotEquals(Assert.java:494)
	at org.testng.Assert.assertEquals(Assert.java:123)
	at org.testng.Assert.assertEquals(Assert.java:176)
	at org.testng.Assert.assertEquals(Assert.java:186)
	at com.fanbei.borrowCash.GetRenewalListTest.getRenewalList(GetRenewalListTest.java:56)
	at sun.reflect.NativeMethodAccessorImpl.invoke0(Native Method)
	at sun.reflect.NativeMethodAccessorImpl.invoke(Unknown Source)
	at sun.reflect.DelegatingMethodAccessorImpl.invoke(Unknown Source)
	at java.lang.reflect.Method.invoke(Unknown Source)
	at org.testng.internal.MethodInvocationHelper.invokeMethod(MethodInvocationHelper.java:85)
	at org.testng.internal.Invoker.invokeMethod(Invoker.java:696)
	at org.testng.internal.Invoker.invokeTestMethod(Invoker.java:882)
	at org.testng.internal.Invoker.invokeTestMethods(Invoker.java:1189)
	at org.testng.internal.TestMethodWorker.invokeTestMethods(TestMethodWorker.java:124)
	at org.testng.internal.TestMethodWorker.run(TestMethodWorker.java:108)
	at org.testng.TestRunner.privateRun(TestRunner.java:767)
	at org.testng.TestRunner.run(TestRunner.java:617)
	at org.testng.SuiteRunner.runTest(SuiteRunner.java:348)
	at org.testng.SuiteRunner.runSequentially(SuiteRunner.java:343)
	at org.testng.SuiteRunner.privateRun(SuiteRunner.java:305)
	at org.testng.SuiteRunner.run(SuiteRunner.java:254)
	at org.testng.SuiteRunnerWorker.runSuite(SuiteRunnerWorker.java:52)
	at org.testng.SuiteRunnerWorker.run(SuiteRunnerWorker.java:86)
	at org.testng.TestNG.runSuitesSequentially(TestNG.java:1224)
	at org.testng.TestNG.runSuitesLocally(TestNG.java:1149)
	at org.testng.TestNG.run(TestNG.java:1057)
	at org.testng.remote.RemoteTestNG.run(RemoteTestNG.java:111)
	at org.testng.remote.RemoteTestNG.initAndRun(RemoteTestNG.java:204)
	at org.testng.remote.RemoteTestNG.main(RemoteTestNG.java:175)
</pre></div></td>
<td>0</td>
<td>com.fanbei.borrowCash.GetRenewalListTest@5970eb6d</td></tr>
<tr>
<td title='com.fanbei.borrowCash.GetRenewalListTest.getRenewalList()'><b>getRenewalList</b><br>Test class: com.fanbei.borrowCash.GetRenewalListTest<br>Parameters: 13656648577, 1258240, 1, 1005, 用户不存在</td>
<td><div><pre>java.lang.AssertionError: expected [1005] but found [1015]
	at com.fanbei.borrowCash.GetRenewalListTest.getRenewalList(GetRenewalListTest.java:56)
... Removed 29 stack frames</pre></div><a href='#' onClick='toggleBox("stack-trace2070141615", this, "Click to show all stack frames", "Click to hide stack frames")'>Click to show all stack frames</a>
<div class='stack-trace' id='stack-trace2070141615'><pre>java.lang.AssertionError: expected [1005] but found [1015]
	at org.testng.Assert.fail(Assert.java:94)
	at org.testng.Assert.failNotEquals(Assert.java:494)
	at org.testng.Assert.assertEquals(Assert.java:123)
	at org.testng.Assert.assertEquals(Assert.java:176)
	at org.testng.Assert.assertEquals(Assert.java:186)
	at com.fanbei.borrowCash.GetRenewalListTest.getRenewalList(GetRenewalListTest.java:56)
	at sun.reflect.NativeMethodAccessorImpl.invoke0(Native Method)
	at sun.reflect.NativeMethodAccessorImpl.invoke(Unknown Source)
	at sun.reflect.DelegatingMethodAccessorImpl.invoke(Unknown Source)
	at java.lang.reflect.Method.invoke(Unknown Source)
	at org.testng.internal.MethodInvocationHelper.invokeMethod(MethodInvocationHelper.java:85)
	at org.testng.internal.Invoker.invokeMethod(Invoker.java:696)
	at org.testng.internal.Invoker.invokeTestMethod(Invoker.java:882)
	at org.testng.internal.Invoker.invokeTestMethods(Invoker.java:1189)
	at org.testng.internal.TestMethodWorker.invokeTestMethods(TestMethodWorker.java:124)
	at org.testng.internal.TestMethodWorker.run(TestMethodWorker.java:108)
	at org.testng.TestRunner.privateRun(TestRunner.java:767)
	at org.testng.TestRunner.run(TestRunner.java:617)
	at org.testng.SuiteRunner.runTest(SuiteRunner.java:348)
	at org.testng.SuiteRunner.runSequentially(SuiteRunner.java:343)
	at org.testng.SuiteRunner.privateRun(SuiteRunner.java:305)
	at org.testng.SuiteRunner.run(SuiteRunner.java:254)
	at org.testng.SuiteRunnerWorker.runSuite(SuiteRunnerWorker.java:52)
	at org.testng.SuiteRunnerWorker.run(SuiteRunnerWorker.java:86)
	at org.testng.TestNG.runSuitesSequentially(TestNG.java:1224)
	at org.testng.TestNG.runSuitesLocally(TestNG.java:1149)
	at org.testng.TestNG.run(TestNG.java:1057)
	at org.testng.remote.RemoteTestNG.run(RemoteTestNG.java:111)
	at org.testng.remote.RemoteTestNG.initAndRun(RemoteTestNG.java:204)
	at org.testng.remote.RemoteTestNG.main(RemoteTestNG.java:175)
</pre></div></td>
<td>0</td>
<td>com.fanbei.borrowCash.GetRenewalListTest@5970eb6d</td></tr>
</table><p>
<table width='100%' border='1' class='invocation-passed'>
<tr><td colspan='4' align='center'><b>PASSED TESTS</b></td></tr>
<tr><td><b>Test method</b></td>
<td width="30%"><b>Exception</b></td>
<td width="10%"><b>Time (seconds)</b></td>
<td><b>Instance</b></td>
</tr>
<tr>
<td title='com.fanbei.borrowCash.GetBowCashLogInInfoTest.GetBowCashLogInInfo()'><b>GetBowCashLogInInfo</b><br>Test class: com.fanbei.borrowCash.GetBowCashLogInInfoTest<br>Parameters: 13656648524, 1000, 成功</td>
<td></td>
<td>0</td>
<td>com.fanbei.borrowCash.GetBowCashLogInInfoTest@572632e0</td></tr>
<tr>
<td title='com.fanbei.borrowCash.GetBowCashLogInInfoTest.GetBowCashLogInInfo()'><b>GetBowCashLogInInfo</b><br>Test class: com.fanbei.borrowCash.GetBowCashLogInInfoTest<br>Parameters: 13656648521, 1000, 成功</td>
<td></td>
<td>0</td>
<td>com.fanbei.borrowCash.GetBowCashLogInInfoTest@572632e0</td></tr>
<tr>
<td title='com.fanbei.borrowCash.ApplyBorrowCashV1Test.applyBorrowCashV1()'><b>applyBorrowCashV1</b><br>Test class: com.fanbei.borrowCash.ApplyBorrowCashV1Test<br>Parameters: 13656648524, 0, 7, e10adc3949ba59abbe56e057f20f883e, 30.213563, 120.213831, zhejiangsheng, hangzhoushi, binjiangqujianglinglu, ewogICJ0b2tlbklkIiA6ICJUWXh2UzNZYUprQTNVZWF4eDhEU0JIanlabGNiMWhhNXUybTRVTENCWEtwTHFZMks2QmlvMjB3ZlNZNEJNd1krbTROcGNKSm9IYUkzZ2VLMEd1ZG9ldz09IiwKICAib3MiIDogImlPUyIsCiAgInByb2ZpbGVUaW1lIiA6IDc3OSwKICAidmVyc2lvbiIgOiAiMi4xLjUiCn0, 1117, 申请的金额无效</td>
<td></td>
<td>0</td>
<td>com.fanbei.borrowCash.ApplyBorrowCashV1Test@46a668bc</td></tr>
<tr>
<td title='com.fanbei.borrowCash.ApplyBorrowCashV1Test.applyBorrowCashV1()'><b>applyBorrowCashV1</b><br>Test class: com.fanbei.borrowCash.ApplyBorrowCashV1Test<br>Parameters: 13656648524, 449, 7, e10adc3949ba59abbe56e057f20f883e, 30.213563, 120.213831, zhejiangsheng, hangzhoushi, binjiangqujianglinglu, ewogICJ0b2tlbklkIiA6ICJUWXh2UzNZYUprQTNVZWF4eDhEU0JIanlabGNiMWhhNXUybTRVTENCWEtwTHFZMks2QmlvMjB3ZlNZNEJNd1krbTROcGNKSm9IYUkzZ2VLMEd1ZG9ldz09IiwKICAib3MiIDogImlPUyIsCiAgInByb2ZpbGVUaW1lIiA6IDc3OSwKICAidmVyc2lvbiIgOiAiMi4xLjUiCn0, 1117, 申请的金额无效</td>
<td></td>
<td>0</td>
<td>com.fanbei.borrowCash.ApplyBorrowCashV1Test@46a668bc</td></tr>
<tr>
<td title='com.fanbei.borrowCash.ApplyBorrowCashV1Test.applyBorrowCashV1()'><b>applyBorrowCashV1</b><br>Test class: com.fanbei.borrowCash.ApplyBorrowCashV1Test<br>Parameters: 13656648524, 500, , e10adc3949ba59abbe56e057f20f883e, 30.213563, 120.213831, zhejiangsheng, hangzhoushi, binjiangqujianglinglu, ewogICJ0b2tlbklkIiA6ICJUWXh2UzNZYUprQTNVZWF4eDhEU0JIanlabGNiMWhhNXUybTRVTENCWEtwTHFZMks2QmlvMjB3ZlNZNEJNd1krbTROcGNKSm9IYUkzZ2VLMEd1ZG9ldz09IiwKICAib3MiIDogImlPUyIsCiAgInByb2ZpbGVUaW1lIiA6IDc3OSwKICAidmVyc2lvbiIgOiAiMi4xLjUiCn0, 1002, 请求参数缺失</td>
<td></td>
<td>0</td>
<td>com.fanbei.borrowCash.ApplyBorrowCashV1Test@46a668bc</td></tr>
<tr>
<td title='com.fanbei.borrowCash.ApplyBorrowCashV1Test.applyBorrowCashV1()'><b>applyBorrowCashV1</b><br>Test class: com.fanbei.borrowCash.ApplyBorrowCashV1Test<br>Parameters: 13656648524, 500, 0, e10adc3949ba59abbe56e057f20f883e, 30.213563, 120.213831, zhejiangsheng, hangzhoushi, binjiangqujianglinglu, ewogICJ0b2tlbklkIiA6ICJUWXh2UzNZYUprQTNVZWF4eDhEU0JIanlabGNiMWhhNXUybTRVTENCWEtwTHFZMks2QmlvMjB3ZlNZNEJNd1krbTROcGNKSm9IYUkzZ2VLMEd1ZG9ldz09IiwKICAib3MiIDogImlPUyIsCiAgInByb2ZpbGVUaW1lIiA6IDc3OSwKICAidmVyc2lvbiIgOiAiMi4xLjUiCn0, 1002, 请求参数缺失</td>
<td></td>
<td>0</td>
<td>com.fanbei.borrowCash.ApplyBorrowCashV1Test@46a668bc</td></tr>
<tr>
<td title='com.fanbei.borrowCash.ApplyBorrowCashV1Test.applyBorrowCashV1()'><b>applyBorrowCashV1</b><br>Test class: com.fanbei.borrowCash.ApplyBorrowCashV1Test<br>Parameters: 13656648524, 500, 1, e10adc3949ba59abbe56e057f20f883e, 30.213563, 120.213831, zhejiangsheng, hangzhoushi, binjiangqujianglinglu, ewogICJ0b2tlbklkIiA6ICJUWXh2UzNZYUprQTNVZWF4eDhEU0JIanlabGNiMWhhNXUybTRVTENCWEtwTHFZMks2QmlvMjB3ZlNZNEJNd1krbTROcGNKSm9IYUkzZ2VLMEd1ZG9ldz09IiwKICAib3MiIDogImlPUyIsCiAgInByb2ZpbGVUaW1lIiA6IDc3OSwKICAidmVyc2lvbiIgOiAiMi4xLjUiCn0, 1002, 请求参数缺失</td>
<td></td>
<td>0</td>
<td>com.fanbei.borrowCash.ApplyBorrowCashV1Test@46a668bc</td></tr>
<tr>
<td title='com.fanbei.borrowCash.ApplyBorrowCashV1Test.applyBorrowCashV1()'><b>applyBorrowCashV1</b><br>Test class: com.fanbei.borrowCash.ApplyBorrowCashV1Test<br>Parameters: 13656648524, 500, 7, , 30.213563, 120.213831, zhejiangsheng, hangzhoushi, binjiangqujianglinglu, ewogICJ0b2tlbklkIiA6ICJUWXh2UzNZYUprQTNVZWF4eDhEU0JIanlabGNiMWhhNXUybTRVTENCWEtwTHFZMks2QmlvMjB3ZlNZNEJNd1krbTROcGNKSm9IYUkzZ2VLMEd1ZG9ldz09IiwKICAib3MiIDogImlPUyIsCiAgInByb2ZpbGVUaW1lIiA6IDc3OSwKICAidmVyc2lvbiIgOiAiMi4xLjUiCn0, 1002, 请求参数缺失</td>
<td></td>
<td>0</td>
<td>com.fanbei.borrowCash.ApplyBorrowCashV1Test@46a668bc</td></tr>
<tr>
<td title='com.fanbei.borrowCash.ApplyBorrowCashV1Test.applyBorrowCashV1()'><b>applyBorrowCashV1</b><br>Test class: com.fanbei.borrowCash.ApplyBorrowCashV1Test<br>Parameters: 13656648524, 500, 7, 123456, 30.213563, 120.213831, zhejiangsheng, hangzhoushi, binjiangqujianglinglu, ewogICJ0b2tlbklkIiA6ICJUWXh2UzNZYUprQTNVZWF4eDhEU0JIanlabGNiMWhhNXUybTRVTENCWEtwTHFZMks2QmlvMjB3ZlNZNEJNd1krbTROcGNKSm9IYUkzZ2VLMEd1ZG9ldz09IiwKICAib3MiIDogImlPUyIsCiAgInByb2ZpbGVUaW1lIiA6IDc3OSwKICAidmVyc2lvbiIgOiAiMi4xLjUiCn0, 1120, 您的支付密码不正确或者尚未设置,请点击"忘记密码"找回或者重置</td>
<td></td>
<td>0</td>
<td>com.fanbei.borrowCash.ApplyBorrowCashV1Test@46a668bc</td></tr>
<tr>
<td title='com.fanbei.borrowCash.ApplyBorrowCashV1Test.applyBorrowCashV1()'><b>applyBorrowCashV1</b><br>Test class: com.fanbei.borrowCash.ApplyBorrowCashV1Test<br>Parameters: 13656648524, 500, 7, e10adc3949ba59abbe56e057f20f883e, , 120.213831, zhejiangsheng, hangzhoushi, binjiangqujianglinglu, ewogICJ0b2tlbklkIiA6ICJUWXh2UzNZYUprQTNVZWF4eDhEU0JIanlabGNiMWhhNXUybTRVTENCWEtwTHFZMks2QmlvMjB3ZlNZNEJNd1krbTROcGNKSm9IYUkzZ2VLMEd1ZG9ldz09IiwKICAib3MiIDogImlPUyIsCiAgInByb2ZpbGVUaW1lIiA6IDc3OSwKICAidmVyc2lvbiIgOiAiMi4xLjUiCn0, 1002, 请求参数缺失</td>
<td></td>
<td>0</td>
<td>com.fanbei.borrowCash.ApplyBorrowCashV1Test@46a668bc</td></tr>
<tr>
<td title='com.fanbei.borrowCash.ApplyBorrowCashV1Test.applyBorrowCashV1()'><b>applyBorrowCashV1</b><br>Test class: com.fanbei.borrowCash.ApplyBorrowCashV1Test<br>Parameters: 13656648524, 500, 7, e10adc3949ba59abbe56e057f20f883e, 123456, 120.213831, zhejiangsheng, hangzhoushi, binjiangqujianglinglu, ewogICJ0b2tlbklkIiA6ICJUWXh2UzNZYUprQTNVZWF4eDhEU0JIanlabGNiMWhhNXUybTRVTENCWEtwTHFZMks2QmlvMjB3ZlNZNEJNd1krbTROcGNKSm9IYUkzZ2VLMEd1ZG9ldz09IiwKICAib3MiIDogImlPUyIsCiAgInByb2ZpbGVUaW1lIiA6IDc3OSwKICAidmVyc2lvbiIgOiAiMi4xLjUiCn0, 9999, 服务器操作错误</td>
<td></td>
<td>0</td>
<td>com.fanbei.borrowCash.ApplyBorrowCashV1Test@46a668bc</td></tr>
<tr>
<td title='com.fanbei.borrowCash.ApplyBorrowCashV1Test.applyBorrowCashV1()'><b>applyBorrowCashV1</b><br>Test class: com.fanbei.borrowCash.ApplyBorrowCashV1Test<br>Parameters: 13656648524, 500, 7, e10adc3949ba59abbe56e057f20f883e, 30.213563, , zhejiangsheng, hangzhoushi, binjiangqujianglinglu, ewogICJ0b2tlbklkIiA6ICJUWXh2UzNZYUprQTNVZWF4eDhEU0JIanlabGNiMWhhNXUybTRVTENCWEtwTHFZMks2QmlvMjB3ZlNZNEJNd1krbTROcGNKSm9IYUkzZ2VLMEd1ZG9ldz09IiwKICAib3MiIDogImlPUyIsCiAgInByb2ZpbGVUaW1lIiA6IDc3OSwKICAidmVyc2lvbiIgOiAiMi4xLjUiCn0, 1002, 请求参数缺失</td>
<td></td>
<td>0</td>
<td>com.fanbei.borrowCash.ApplyBorrowCashV1Test@46a668bc</td></tr>
<tr>
<td title='com.fanbei.borrowCash.ApplyBorrowCashV1Test.applyBorrowCashV1()'><b>applyBorrowCashV1</b><br>Test class: com.fanbei.borrowCash.ApplyBorrowCashV1Test<br>Parameters: 13656648524, 500, 7, e10adc3949ba59abbe56e057f20f883e, 30.213563, 123456, zhejiangsheng, hangzhoushi, binjiangqujianglinglu, ewogICJ0b2tlbklkIiA6ICJUWXh2UzNZYUprQTNVZWF4eDhEU0JIanlabGNiMWhhNXUybTRVTENCWEtwTHFZMks2QmlvMjB3ZlNZNEJNd1krbTROcGNKSm9IYUkzZ2VLMEd1ZG9ldz09IiwKICAib3MiIDogImlPUyIsCiAgInByb2ZpbGVUaW1lIiA6IDc3OSwKICAidmVyc2lvbiIgOiAiMi4xLjUiCn0, 9999, 服务器操作错误</td>
<td></td>
<td>0</td>
<td>com.fanbei.borrowCash.ApplyBorrowCashV1Test@46a668bc</td></tr>
<tr>
<td title='com.fanbei.borrowCash.ApplyBorrowCashV1Test.applyBorrowCashV1()'><b>applyBorrowCashV1</b><br>Test class: com.fanbei.borrowCash.ApplyBorrowCashV1Test<br>Parameters: 13656648524, 500, 7, e10adc3949ba59abbe56e057f20f883e, 30.213563, 120.213831, zhejiangsheng, hangzhoushi, binjiangqujianglinglu, ewogICJ0b2tlbklkIiA6ICJUWXh2UzNZYUprQTNVZWF4eDhEU0JIanlabGNiMWhhNXUybTRVTENCWEtwTHFZMks2QmlvMjB3ZlNZNEJNd1krbTROcGNKSm9IYUkzZ2VLMEd1ZG9ldz09IiwKICAib3MiIDogImlPUyIsCiAgInByb2ZpbGVUaW1lIiA6IDc3OSwKICAidmVyc2lvbiIgOiAiMi4xLjUiCn0, 1000, 成功</td>
<td></td>
<td>5</td>
<td>com.fanbei.borrowCash.ApplyBorrowCashV1Test@46a668bc</td></tr>
<tr>
<td title='com.fanbei.borrowCash.ApplyBorrowCashV1Test.applyBorrowCashV1()'><b>applyBorrowCashV1</b><br>Test class: com.fanbei.borrowCash.ApplyBorrowCashV1Test<br>Parameters: 13656648524, 4500.0, 7, e10adc3949ba59abbe56e057f20f883e, 30.213563, 120.213831, zhejiangsheng, hangzhoushi, binjiangqujianglinglu, ewogICJ0b2tlbklkIiA6ICJUWXh2UzNZYUprQTNVZWF4eDhEU0JIanlabGNiMWhhNXUybTRVTENCWEtwTHFZMks2QmlvMjB3ZlNZNEJNd1krbTROcGNKSm9IYUkzZ2VLMEd1ZG9ldz09IiwKICAib3MiIDogImlPUyIsCiAgInByb2ZpbGVUaW1lIiA6IDc3OSwKICAidmVyc2lvbiIgOiAiMi4xLjUiCn0, 2001, 您有一笔未结清账单</td>
<td></td>
<td>0</td>
<td>com.fanbei.borrowCash.ApplyBorrowCashV1Test@46a668bc</td></tr>
<tr>
<td title='com.fanbei.borrowCash.ApplyRenewalTest.applyRenewal()'><b>applyRenewal</b><br>Test class: com.fanbei.borrowCash.ApplyRenewalTest<br>Parameters: 1258240, 1000, 成功</td>
<td></td>
<td>0</td>
<td>com.fanbei.borrowCash.ApplyRenewalTest@7194b2f4</td></tr>
<tr>
<td title='com.fanbei.borrowCash.ApplyRenewalTest.applyRenewal()'><b>applyRenewal</b><br>Test class: com.fanbei.borrowCash.ApplyRenewalTest<br>Parameters: 1258240a, 9999, 服务器操作错误</td>
<td></td>
<td>0</td>
<td>com.fanbei.borrowCash.ApplyRenewalTest@7194b2f4</td></tr>
<tr>
<td title='com.fanbei.borrowCash.ApplyRenewalTest.applyRenewal()'><b>applyRenewal</b><br>Test class: com.fanbei.borrowCash.ApplyRenewalTest<br>Parameters: , 9999, 服务器操作错误</td>
<td></td>
<td>0</td>
<td>com.fanbei.borrowCash.ApplyRenewalTest@7194b2f4</td></tr>
<tr>
<td title='com.fanbei.borrowCash.ConfirmRenewalPayTest.confirmRenewalPay()'><b>confirmRenewalPay</b><br>Test class: com.fanbei.borrowCash.ConfirmRenewalPayTest<br>Parameters: 13656648524, , 0, 0, e10adc3949ba59abbe56e057f20f883e, -2, 2002, 借钱信息不存在</td>
<td></td>
<td>0</td>
<td>com.fanbei.borrowCash.ConfirmRenewalPayTest@4706efb</td></tr>
<tr>
<td title='com.fanbei.borrowCash.ConfirmRenewalPayTest.confirmRenewalPay()'><b>confirmRenewalPay</b><br>Test class: com.fanbei.borrowCash.ConfirmRenewalPayTest<br>Parameters: 13656648524, 1258240, 0, 0, fcea920f7412b5da7be0cf42b8c93759, -2, 1120, 您的支付密码不正确或者尚未设置,请点击"忘记密码"找回或者重置</td>
<td></td>
<td>0</td>
<td>com.fanbei.borrowCash.ConfirmRenewalPayTest@4706efb</td></tr>
<tr>
<td title='com.fanbei.borrowCash.ConfirmRenewalPayTest.confirmRenewalPay()'><b>confirmRenewalPay</b><br>Test class: com.fanbei.borrowCash.ConfirmRenewalPayTest<br>Parameters: 13656648524, 1258240, 0, 0, e10adc3949ba59abbe56e057f20f883e, -2, 1000, 成功</td>
<td></td>
<td>3</td>
<td>com.fanbei.borrowCash.ConfirmRenewalPayTest@4706efb</td></tr>
<tr>
<td title='com.fanbei.borrowCash.GetBorrowCashListTest.getBorrowCashList()'><b>getBorrowCashList</b><br>Test class: com.fanbei.borrowCash.GetBorrowCashListTest<br>Parameters: 13656648524, 1, 1000, 成功</td>
<td></td>
<td>0</td>
<td>com.fanbei.borrowCash.GetBorrowCashListTest@62f03cb9</td></tr>
<tr>
<td title='com.fanbei.borrowCash.GetBorrowCashDetailTest.getBorrowCashList()'><b>getBorrowCashList</b><br>Test class: com.fanbei.borrowCash.GetBorrowCashDetailTest<br>Parameters: 1258240, 1000, 成功</td>
<td></td>
<td>0</td>
<td>com.fanbei.borrowCash.GetBorrowCashDetailTest@a22c86e</td></tr>
<tr>
<td title='com.fanbei.borrowCash.GetBorrowCashDetailTest.getBorrowCashList()'><b>getBorrowCashList</b><br>Test class: com.fanbei.borrowCash.GetBorrowCashDetailTest<br>Parameters: 1258240a, 9999, 服务器操作错误</td>
<td></td>
<td>0</td>
<td>com.fanbei.borrowCash.GetBorrowCashDetailTest@a22c86e</td></tr>
<tr>
<td title='com.fanbei.borrowCash.GetBorrowCashDetailTest.getBorrowCashList()'><b>getBorrowCashList</b><br>Test class: com.fanbei.borrowCash.GetBorrowCashDetailTest<br>Parameters: , 9999, 服务器操作错误</td>
<td></td>
<td>0</td>
<td>com.fanbei.borrowCash.GetBorrowCashDetailTest@a22c86e</td></tr>
<tr>
<td title='com.fanbei.borrowCash.GetConfirmBorrowInfoTest.getConfirmBorrowInfo()'><b>getConfirmBorrowInfo</b><br>Test class: com.fanbei.borrowCash.GetConfirmBorrowInfoTest<br>Parameters: 13656648524, 1, 7, , 1117, 申请的金额无效</td>
<td></td>
<td>0</td>
<td>com.fanbei.borrowCash.GetConfirmBorrowInfoTest@71862303</td></tr>
<tr>
<td title='com.fanbei.borrowCash.GetConfirmBorrowInfoTest.getConfirmBorrowInfo()'><b>getConfirmBorrowInfo</b><br>Test class: com.fanbei.borrowCash.GetConfirmBorrowInfoTest<br>Parameters: 13656648524, 0, 7, , 1117, 申请的金额无效</td>
<td></td>
<td>0</td>
<td>com.fanbei.borrowCash.GetConfirmBorrowInfoTest@71862303</td></tr>
<tr>
<td title='com.fanbei.borrowCash.GetConfirmBorrowInfoTest.getConfirmBorrowInfo()'><b>getConfirmBorrowInfo</b><br>Test class: com.fanbei.borrowCash.GetConfirmBorrowInfoTest<br>Parameters: 13656648524, 5000.0, , , 2000, 借钱金额或者时间有误</td>
<td></td>
<td>0</td>
<td>com.fanbei.borrowCash.GetConfirmBorrowInfoTest@71862303</td></tr>
<tr>
<td title='com.fanbei.borrowCash.GetConfirmBorrowInfoTest.getConfirmBorrowInfo()'><b>getConfirmBorrowInfo</b><br>Test class: com.fanbei.borrowCash.GetConfirmBorrowInfoTest<br>Parameters: 13656648521, 500, 7, , 1000, 成功</td>
<td></td>
<td>0</td>
<td>com.fanbei.borrowCash.GetConfirmBorrowInfoTest@71862303</td></tr>
<tr>
<td title='com.fanbei.borrowCash.GetConfirmBorrowInfoTest.getConfirmBorrowInfo()'><b>getConfirmBorrowInfo</b><br>Test class: com.fanbei.borrowCash.GetConfirmBorrowInfoTest<br>Parameters: 13656648524, 4999.0, 7, , 1000, 成功</td>
<td></td>
<td>0</td>
<td>com.fanbei.borrowCash.GetConfirmBorrowInfoTest@71862303</td></tr>
<tr>
<td title='com.fanbei.borrowCash.GetConfirmBorrowInfoTest.getConfirmBorrowInfo()'><b>getConfirmBorrowInfo</b><br>Test class: com.fanbei.borrowCash.GetConfirmBorrowInfoTest<br>Parameters: 13656648524, 5000.0, 7, , 1000, 成功</td>
<td></td>
<td>0</td>
<td>com.fanbei.borrowCash.GetConfirmBorrowInfoTest@71862303</td></tr>
<tr>
<td title='com.fanbei.borrowCash.GetConfirmBorrowInfoTest.getConfirmBorrowInfo()'><b>getConfirmBorrowInfo</b><br>Test class: com.fanbei.borrowCash.GetConfirmBorrowInfoTest<br>Parameters: 13656648524, 500, 14, , 1000, 成功</td>
<td></td>
<td>0</td>
<td>com.fanbei.borrowCash.GetConfirmBorrowInfoTest@71862303</td></tr>
<tr>
<td title='com.fanbei.borrowCash.GetConfirmBorrowInfoTest.getConfirmBorrowInfo()'><b>getConfirmBorrowInfo</b><br>Test class: com.fanbei.borrowCash.GetConfirmBorrowInfoTest<br>Parameters: 13656648524, 500, 7, , 1000, 成功</td>
<td></td>
<td>0</td>
<td>com.fanbei.borrowCash.GetConfirmBorrowInfoTest@71862303</td></tr>
<tr>
<td title='com.fanbei.borrowCash.GetRenewalDetailTest.getRenewalDetail()'><b>getRenewalDetail</b><br>Test class: com.fanbei.borrowCash.GetRenewalDetailTest<br>Parameters: 13656648524, 297943, 1000, 成功</td>
<td></td>
<td>0</td>
<td>com.fanbei.borrowCash.GetRenewalDetailTest@1d64d42f</td></tr>
<tr>
<td title='com.fanbei.borrowCash.GetRenewalListTest.getRenewalList()'><b>getRenewalList</b><br>Test class: com.fanbei.borrowCash.GetRenewalListTest<br>Parameters: 13656648524, 1258240, 1, 1000, 成功</td>
<td></td>
<td>0</td>
<td>com.fanbei.borrowCash.GetRenewalListTest@5970eb6d</td></tr>
</table><p>
</body>
</html>