<?xml version="1.0" encoding="UTF-8"?>
<!-- Generated by org.testng.reporters.JUnitXMLReporter -->
<testsuite hostname="ALDPC0692" name="com.fanbei.borrowCash" tests="46" failures="11" timestamp="12 Sep 2017 06:55:10 GMT" time="12.175" errors="0">
  <testcase name="GetBowCashLogInInfo" time="0.08" classname="com.fanbei.borrowCash.GetBowCashLogInInfoTest"/>
  <testcase name="GetBowCashLogInInfo" time="0.104" classname="com.fanbei.borrowCash.GetBowCashLogInInfoTest"/>
  <testcase name="GetBowCashLogInInfo" time="0.047" classname="com.fanbei.borrowCash.GetBowCashLogInInfoTest">
    <failure type="java.lang.AssertionError" message="expected [1005] but found [1015]">
      <![CDATA[java.lang.AssertionError: expected [1005] but found [1015]
	at com.fanbei.borrowCash.GetBowCashLogInInfoTest.GetBowCashLogInInfo(GetBowCashLogInInfoTest.java:56)
... Removed 29 stack frames]]>
    </failure>
  </testcase> <!-- GetBowCashLogInInfo -->
  <testcase name="GetBowCashLogInInfo" time="0.032" classname="com.fanbei.borrowCash.GetBowCashLogInInfoTest">
    <failure type="java.lang.AssertionError" message="expected [1005] but found [1015]">
      <![CDATA[java.lang.AssertionError: expected [1005] but found [1015]
	at com.fanbei.borrowCash.GetBowCashLogInInfoTest.GetBowCashLogInInfo(GetBowCashLogInInfoTest.java:56)
... Removed 29 stack frames]]>
    </failure>
  </testcase> <!-- GetBowCashLogInInfo -->
  <testcase name="getConfirmBorrowInfo" time="0.037" classname="com.fanbei.borrowCash.GetConfirmBorrowInfoTest">
    <failure type="java.lang.AssertionError" message="expected [2008] but found [1117]">
      <![CDATA[java.lang.AssertionError: expected [2008] but found [1117]
	at com.fanbei.borrowCash.GetConfirmBorrowInfoTest.getConfirmBorrowInfo(GetConfirmBorrowInfoTest.java:68)
... Removed 29 stack frames]]>
    </failure>
  </testcase> <!-- getConfirmBorrowInfo -->
  <testcase name="getConfirmBorrowInfo" time="0.035" classname="com.fanbei.borrowCash.GetConfirmBorrowInfoTest"/>
  <testcase name="getConfirmBorrowInfo" time="0.055" classname="com.fanbei.borrowCash.GetConfirmBorrowInfoTest"/>
  <testcase name="getConfirmBorrowInfo" time="0.03" classname="com.fanbei.borrowCash.GetConfirmBorrowInfoTest"/>
  <testcase name="getConfirmBorrowInfo" time="0.032" classname="com.fanbei.borrowCash.GetConfirmBorrowInfoTest"/>
  <testcase name="getConfirmBorrowInfo" time="0.026" classname="com.fanbei.borrowCash.GetConfirmBorrowInfoTest">
    <failure type="java.lang.AssertionError" message="expected [1005] but found [1015]">
      <![CDATA[java.lang.AssertionError: expected [1005] but found [1015]
	at com.fanbei.borrowCash.GetConfirmBorrowInfoTest.getConfirmBorrowInfo(GetConfirmBorrowInfoTest.java:68)
... Removed 29 stack frames]]>
    </failure>
  </testcase> <!-- getConfirmBorrowInfo -->
  <testcase name="getConfirmBorrowInfo" time="0.026" classname="com.fanbei.borrowCash.GetConfirmBorrowInfoTest">
    <failure type="java.lang.AssertionError" message="expected [1005] but found [1015]">
      <![CDATA[java.lang.AssertionError: expected [1005] but found [1015]
	at com.fanbei.borrowCash.GetConfirmBorrowInfoTest.getConfirmBorrowInfo(GetConfirmBorrowInfoTest.java:68)
... Removed 29 stack frames]]>
    </failure>
  </testcase> <!-- getConfirmBorrowInfo -->
  <testcase name="getConfirmBorrowInfo" time="0.041" classname="com.fanbei.borrowCash.GetConfirmBorrowInfoTest"/>
  <testcase name="getConfirmBorrowInfo" time="0.04" classname="com.fanbei.borrowCash.GetConfirmBorrowInfoTest"/>
  <testcase name="getConfirmBorrowInfo" time="0.049" classname="com.fanbei.borrowCash.GetConfirmBorrowInfoTest"/>
  <testcase name="getConfirmBorrowInfo" time="0.044" classname="com.fanbei.borrowCash.GetConfirmBorrowInfoTest"/>
  <testcase name="applyBorrowCashV1" time="0.062" classname="com.fanbei.borrowCash.ApplyBorrowCashV1Test">
    <failure type="java.lang.AssertionError" message="expected [1005] but found [1015]">
      <![CDATA[java.lang.AssertionError: expected [1005] but found [1015]
	at com.fanbei.borrowCash.ApplyBorrowCashV1Test.applyBorrowCashV1(ApplyBorrowCashV1Test.java:91)
... Removed 29 stack frames]]>
    </failure>
  </testcase> <!-- applyBorrowCashV1 -->
  <testcase name="applyBorrowCashV1" time="0.054" classname="com.fanbei.borrowCash.ApplyBorrowCashV1Test"/>
  <testcase name="applyBorrowCashV1" time="0.03" classname="com.fanbei.borrowCash.ApplyBorrowCashV1Test"/>
  <testcase name="applyBorrowCashV1" time="0.03" classname="com.fanbei.borrowCash.ApplyBorrowCashV1Test">
    <failure type="java.lang.AssertionError" message="expected [2008] but found [1117]">
      <![CDATA[java.lang.AssertionError: expected [2008] but found [1117]
	at com.fanbei.borrowCash.ApplyBorrowCashV1Test.applyBorrowCashV1(ApplyBorrowCashV1Test.java:91)
... Removed 29 stack frames]]>
    </failure>
  </testcase> <!-- applyBorrowCashV1 -->
  <testcase name="applyBorrowCashV1" time="0.038" classname="com.fanbei.borrowCash.ApplyBorrowCashV1Test"/>
  <testcase name="applyBorrowCashV1" time="0.046" classname="com.fanbei.borrowCash.ApplyBorrowCashV1Test"/>
  <testcase name="applyBorrowCashV1" time="0.038" classname="com.fanbei.borrowCash.ApplyBorrowCashV1Test"/>
  <testcase name="applyBorrowCashV1" time="0.054" classname="com.fanbei.borrowCash.ApplyBorrowCashV1Test"/>
  <testcase name="applyBorrowCashV1" time="0.032" classname="com.fanbei.borrowCash.ApplyBorrowCashV1Test"/>
  <testcase name="applyBorrowCashV1" time="0.026" classname="com.fanbei.borrowCash.ApplyBorrowCashV1Test"/>
  <testcase name="applyBorrowCashV1" time="0.145" classname="com.fanbei.borrowCash.ApplyBorrowCashV1Test"/>
  <testcase name="applyBorrowCashV1" time="0.026" classname="com.fanbei.borrowCash.ApplyBorrowCashV1Test"/>
  <testcase name="applyBorrowCashV1" time="0.053" classname="com.fanbei.borrowCash.ApplyBorrowCashV1Test"/>
  <testcase name="applyBorrowCashV1" time="5.194" classname="com.fanbei.borrowCash.ApplyBorrowCashV1Test"/>
  <testcase name="applyBorrowCashV1" time="0.087" classname="com.fanbei.borrowCash.ApplyBorrowCashV1Test"/>
  <testcase name="getBorrowCashList" time="0.08" classname="com.fanbei.borrowCash.GetBorrowCashListTest"/>
  <testcase name="getBorrowCashList" time="0.082" classname="com.fanbei.borrowCash.GetBorrowCashListTest">
    <failure type="java.lang.AssertionError" message="expected [1005] but found [1015]">
      <![CDATA[java.lang.AssertionError: expected [1005] but found [1015]
	at com.fanbei.borrowCash.GetBorrowCashListTest.getBorrowCashList(GetBorrowCashListTest.java:55)
... Removed 29 stack frames]]>
    </failure>
  </testcase> <!-- getBorrowCashList -->
  <testcase name="getBorrowCashList" time="0.107" classname="com.fanbei.borrowCash.GetBorrowCashDetailTest"/>
  <testcase name="getBorrowCashList" time="0.089" classname="com.fanbei.borrowCash.GetBorrowCashDetailTest"/>
  <testcase name="getBorrowCashList" time="0.079" classname="com.fanbei.borrowCash.GetBorrowCashDetailTest"/>
  <testcase name="applyRenewal" time="0.042" classname="com.fanbei.borrowCash.ApplyRenewalTest"/>
  <testcase name="applyRenewal" time="0.045" classname="com.fanbei.borrowCash.ApplyRenewalTest"/>
  <testcase name="applyRenewal" time="0.024" classname="com.fanbei.borrowCash.ApplyRenewalTest"/>
  <testcase name="confirmRenewalPay" time="0.026" classname="com.fanbei.borrowCash.ConfirmRenewalPayTest">
    <failure type="java.lang.AssertionError" message="expected [1005] but found [1015]">
      <![CDATA[java.lang.AssertionError: expected [1005] but found [1015]
	at com.fanbei.borrowCash.ConfirmRenewalPayTest.confirmRenewalPay(ConfirmRenewalPayTest.java:96)
... Removed 29 stack frames]]>
    </failure>
  </testcase> <!-- confirmRenewalPay -->
  <testcase name="confirmRenewalPay" time="0.025" classname="com.fanbei.borrowCash.ConfirmRenewalPayTest"/>
  <testcase name="confirmRenewalPay" time="0.048" classname="com.fanbei.borrowCash.ConfirmRenewalPayTest"/>
  <testcase name="confirmRenewalPay" time="3.645" classname="com.fanbei.borrowCash.ConfirmRenewalPayTest"/>
  <testcase name="getRenewalList" time="0.027" classname="com.fanbei.borrowCash.GetRenewalListTest"/>
  <testcase name="getRenewalList" time="0.026" classname="com.fanbei.borrowCash.GetRenewalListTest">
    <failure type="java.lang.AssertionError" message="expected [1005] but found [1015]">
      <![CDATA[java.lang.AssertionError: expected [1005] but found [1015]
	at com.fanbei.borrowCash.GetRenewalListTest.getRenewalList(GetRenewalListTest.java:56)
... Removed 29 stack frames]]>
    </failure>
  </testcase> <!-- getRenewalList -->
  <testcase name="getRenewalList" time="0.026" classname="com.fanbei.borrowCash.GetRenewalListTest">
    <failure type="java.lang.AssertionError" message="expected [1005] but found [1015]">
      <![CDATA[java.lang.AssertionError: expected [1005] but found [1015]
	at com.fanbei.borrowCash.GetRenewalListTest.getRenewalList(GetRenewalListTest.java:56)
... Removed 29 stack frames]]>
    </failure>
  </testcase> <!-- getRenewalList -->
  <testcase name="getRenewalDetail" time="0.027" classname="com.fanbei.borrowCash.GetRenewalDetailTest"/>
</testsuite> <!-- com.fanbei.borrowCash -->
