<html>
<head>
<title>TestNG:  com.fanbei.borrowCash</title>
<link href="../testng.css" rel="stylesheet" type="text/css" />
<link href="../my-testng.css" rel="stylesheet" type="text/css" />

<style type="text/css">
.log { display: none;} 
.stack-trace { display: none;} 
</style>
<script type="text/javascript">
<!--
function flip(e) {
  current = e.style.display;
  if (current == 'block') {
    e.style.display = 'none';
    return 0;
  }
  else {
    e.style.display = 'block';
    return 1;
  }
}

function toggleBox(szDivId, elem, msg1, msg2)
{
  var res = -1;  if (document.getElementById) {
    res = flip(document.getElementById(szDivId));
  }
  else if (document.all) {
    // this is the way old msie versions work
    res = flip(document.all[szDivId]);
  }
  if(elem) {
    if(res == 0) elem.innerHTML = msg1; else elem.innerHTML = msg2;
  }

}

function toggleAllBoxes() {
  if (document.getElementsByTagName) {
    d = document.getElementsByTagName('div');
    for (i = 0; i < d.length; i++) {
      if (d[i].className == 'log') {
        flip(d[i]);
      }
    }
  }
}

// -->
</script>

</head>
<body>
<h2 align='center'>com.fanbei.borrowCash</h2><table border='1' align="center">
<tr>
<td>Tests passed/Failed/Skipped:</td><td>18/7/1</td>
</tr><tr>
<td>Started on:</td><td>Wed Aug 30 19:33:38 CST 2017</td>
</tr>
<tr><td>Total time:</td><td>1 seconds (1674 ms)</td>
</tr><tr>
<td>Included groups:</td><td></td>
</tr><tr>
<td>Excluded groups:</td><td></td>
</tr>
</table><p/>
<small><i>(Hover the method name to see the test class name)</i></small><p/>
<table width='100%' border='1' class='invocation-failed'>
<tr><td colspan='4' align='center'><b>FAILED TESTS</b></td></tr>
<tr><td><b>Test method</b></td>
<td width="30%"><b>Exception</b></td>
<td width="10%"><b>Time (seconds)</b></td>
<td><b>Instance</b></td>
</tr>
<tr>
<td title='com.fanbei.borrowCash.GetConfirmBorrowInfoTest.GetBowCashLogInInfo()'><b>GetBowCashLogInInfo</b><br>Test class: com.fanbei.borrowCash.GetConfirmBorrowInfoTest<br>Parameters: 13656648524, 5001.0, 7, , 2008, 借款金额超过可借金额，请下拉刷新后重新提交</td>
<td><div><pre>java.lang.AssertionError: expected [2008] but found [1117]
	at com.fanbei.borrowCash.GetConfirmBorrowInfoTest.GetBowCashLogInInfo(GetConfirmBorrowInfoTest.java:71)
... Removed 32 stack frames</pre></div><a href='#' onClick='toggleBox("stack-trace152909164", this, "Click to show all stack frames", "Click to hide stack frames")'>Click to show all stack frames</a>
<div class='stack-trace' id='stack-trace152909164'><pre>java.lang.AssertionError: expected [2008] but found [1117]
	at org.testng.Assert.fail(Assert.java:94)
	at org.testng.Assert.failNotEquals(Assert.java:494)
	at org.testng.Assert.assertEquals(Assert.java:123)
	at org.testng.Assert.assertEquals(Assert.java:176)
	at org.testng.Assert.assertEquals(Assert.java:186)
	at com.fanbei.borrowCash.GetConfirmBorrowInfoTest.GetBowCashLogInInfo(GetConfirmBorrowInfoTest.java:71)
	at sun.reflect.NativeMethodAccessorImpl.invoke0(Native Method)
	at sun.reflect.NativeMethodAccessorImpl.invoke(NativeMethodAccessorImpl.java:57)
	at sun.reflect.DelegatingMethodAccessorImpl.invoke(DelegatingMethodAccessorImpl.java:43)
	at java.lang.reflect.Method.invoke(Method.java:606)
	at org.testng.internal.MethodInvocationHelper.invokeMethod(MethodInvocationHelper.java:85)
	at org.testng.internal.Invoker.invokeMethod(Invoker.java:696)
	at org.testng.internal.Invoker.invokeTestMethod(Invoker.java:882)
	at org.testng.internal.Invoker.invokeTestMethods(Invoker.java:1189)
	at org.testng.internal.TestMethodWorker.invokeTestMethods(TestMethodWorker.java:124)
	at org.testng.internal.TestMethodWorker.run(TestMethodWorker.java:108)
	at org.testng.TestRunner.privateRun(TestRunner.java:767)
	at org.testng.TestRunner.run(TestRunner.java:617)
	at org.testng.SuiteRunner.runTest(SuiteRunner.java:348)
	at org.testng.SuiteRunner.runSequentially(SuiteRunner.java:343)
	at org.testng.SuiteRunner.privateRun(SuiteRunner.java:305)
	at org.testng.SuiteRunner.run(SuiteRunner.java:254)
	at org.testng.SuiteRunnerWorker.runSuite(SuiteRunnerWorker.java:52)
	at org.testng.SuiteRunnerWorker.run(SuiteRunnerWorker.java:86)
	at org.testng.TestNG.runSuitesSequentially(TestNG.java:1224)
	at org.testng.TestNG.runSuitesLocally(TestNG.java:1149)
	at org.testng.TestNG.run(TestNG.java:1057)
	at org.apache.maven.surefire.testng.TestNGExecutor.run(TestNGExecutor.java:281)
	at org.apache.maven.surefire.testng.TestNGXmlTestSuite.execute(TestNGXmlTestSuite.java:75)
	at org.apache.maven.surefire.testng.TestNGProvider.invoke(TestNGProvider.java:121)
	at org.apache.maven.surefire.booter.ForkedBooter.invokeProviderInSameClassLoader(ForkedBooter.java:290)
	at org.apache.maven.surefire.booter.ForkedBooter.runSuitesInProcess(ForkedBooter.java:242)
	at org.apache.maven.surefire.booter.ForkedBooter.main(ForkedBooter.java:121)
</pre></div></td>
<td>0</td>
<td>com.fanbei.borrowCash.GetConfirmBorrowInfoTest@42b9f649</td></tr>
<tr>
<td title='com.fanbei.borrowCash.GetConfirmBorrowInfoTest.GetBowCashLogInInfo()'><b>GetBowCashLogInInfo</b><br>Test class: com.fanbei.borrowCash.GetConfirmBorrowInfoTest<br>Parameters: 13656648524, 4999.0, 7, , 1000, 成功</td>
<td><div><pre>java.lang.AssertionError: expected [1000] but found [2001]
	at com.fanbei.borrowCash.GetConfirmBorrowInfoTest.GetBowCashLogInInfo(GetConfirmBorrowInfoTest.java:71)
... Removed 32 stack frames</pre></div><a href='#' onClick='toggleBox("stack-trace1822924545", this, "Click to show all stack frames", "Click to hide stack frames")'>Click to show all stack frames</a>
<div class='stack-trace' id='stack-trace1822924545'><pre>java.lang.AssertionError: expected [1000] but found [2001]
	at org.testng.Assert.fail(Assert.java:94)
	at org.testng.Assert.failNotEquals(Assert.java:494)
	at org.testng.Assert.assertEquals(Assert.java:123)
	at org.testng.Assert.assertEquals(Assert.java:176)
	at org.testng.Assert.assertEquals(Assert.java:186)
	at com.fanbei.borrowCash.GetConfirmBorrowInfoTest.GetBowCashLogInInfo(GetConfirmBorrowInfoTest.java:71)
	at sun.reflect.NativeMethodAccessorImpl.invoke0(Native Method)
	at sun.reflect.NativeMethodAccessorImpl.invoke(NativeMethodAccessorImpl.java:57)
	at sun.reflect.DelegatingMethodAccessorImpl.invoke(DelegatingMethodAccessorImpl.java:43)
	at java.lang.reflect.Method.invoke(Method.java:606)
	at org.testng.internal.MethodInvocationHelper.invokeMethod(MethodInvocationHelper.java:85)
	at org.testng.internal.Invoker.invokeMethod(Invoker.java:696)
	at org.testng.internal.Invoker.invokeTestMethod(Invoker.java:882)
	at org.testng.internal.Invoker.invokeTestMethods(Invoker.java:1189)
	at org.testng.internal.TestMethodWorker.invokeTestMethods(TestMethodWorker.java:124)
	at org.testng.internal.TestMethodWorker.run(TestMethodWorker.java:108)
	at org.testng.TestRunner.privateRun(TestRunner.java:767)
	at org.testng.TestRunner.run(TestRunner.java:617)
	at org.testng.SuiteRunner.runTest(SuiteRunner.java:348)
	at org.testng.SuiteRunner.runSequentially(SuiteRunner.java:343)
	at org.testng.SuiteRunner.privateRun(SuiteRunner.java:305)
	at org.testng.SuiteRunner.run(SuiteRunner.java:254)
	at org.testng.SuiteRunnerWorker.runSuite(SuiteRunnerWorker.java:52)
	at org.testng.SuiteRunnerWorker.run(SuiteRunnerWorker.java:86)
	at org.testng.TestNG.runSuitesSequentially(TestNG.java:1224)
	at org.testng.TestNG.runSuitesLocally(TestNG.java:1149)
	at org.testng.TestNG.run(TestNG.java:1057)
	at org.apache.maven.surefire.testng.TestNGExecutor.run(TestNGExecutor.java:281)
	at org.apache.maven.surefire.testng.TestNGXmlTestSuite.execute(TestNGXmlTestSuite.java:75)
	at org.apache.maven.surefire.testng.TestNGProvider.invoke(TestNGProvider.java:121)
	at org.apache.maven.surefire.booter.ForkedBooter.invokeProviderInSameClassLoader(ForkedBooter.java:290)
	at org.apache.maven.surefire.booter.ForkedBooter.runSuitesInProcess(ForkedBooter.java:242)
	at org.apache.maven.surefire.booter.ForkedBooter.main(ForkedBooter.java:121)
</pre></div></td>
<td>0</td>
<td>com.fanbei.borrowCash.GetConfirmBorrowInfoTest@42b9f649</td></tr>
<tr>
<td title='com.fanbei.borrowCash.GetConfirmBorrowInfoTest.GetBowCashLogInInfo()'><b>GetBowCashLogInInfo</b><br>Test class: com.fanbei.borrowCash.GetConfirmBorrowInfoTest<br>Parameters: 13656648524, 5000.0, 7, , 1000, 成功</td>
<td><div><pre>java.lang.AssertionError: expected [1000] but found [2001]
	at com.fanbei.borrowCash.GetConfirmBorrowInfoTest.GetBowCashLogInInfo(GetConfirmBorrowInfoTest.java:71)
... Removed 32 stack frames</pre></div><a href='#' onClick='toggleBox("stack-trace237735715", this, "Click to show all stack frames", "Click to hide stack frames")'>Click to show all stack frames</a>
<div class='stack-trace' id='stack-trace237735715'><pre>java.lang.AssertionError: expected [1000] but found [2001]
	at org.testng.Assert.fail(Assert.java:94)
	at org.testng.Assert.failNotEquals(Assert.java:494)
	at org.testng.Assert.assertEquals(Assert.java:123)
	at org.testng.Assert.assertEquals(Assert.java:176)
	at org.testng.Assert.assertEquals(Assert.java:186)
	at com.fanbei.borrowCash.GetConfirmBorrowInfoTest.GetBowCashLogInInfo(GetConfirmBorrowInfoTest.java:71)
	at sun.reflect.NativeMethodAccessorImpl.invoke0(Native Method)
	at sun.reflect.NativeMethodAccessorImpl.invoke(NativeMethodAccessorImpl.java:57)
	at sun.reflect.DelegatingMethodAccessorImpl.invoke(DelegatingMethodAccessorImpl.java:43)
	at java.lang.reflect.Method.invoke(Method.java:606)
	at org.testng.internal.MethodInvocationHelper.invokeMethod(MethodInvocationHelper.java:85)
	at org.testng.internal.Invoker.invokeMethod(Invoker.java:696)
	at org.testng.internal.Invoker.invokeTestMethod(Invoker.java:882)
	at org.testng.internal.Invoker.invokeTestMethods(Invoker.java:1189)
	at org.testng.internal.TestMethodWorker.invokeTestMethods(TestMethodWorker.java:124)
	at org.testng.internal.TestMethodWorker.run(TestMethodWorker.java:108)
	at org.testng.TestRunner.privateRun(TestRunner.java:767)
	at org.testng.TestRunner.run(TestRunner.java:617)
	at org.testng.SuiteRunner.runTest(SuiteRunner.java:348)
	at org.testng.SuiteRunner.runSequentially(SuiteRunner.java:343)
	at org.testng.SuiteRunner.privateRun(SuiteRunner.java:305)
	at org.testng.SuiteRunner.run(SuiteRunner.java:254)
	at org.testng.SuiteRunnerWorker.runSuite(SuiteRunnerWorker.java:52)
	at org.testng.SuiteRunnerWorker.run(SuiteRunnerWorker.java:86)
	at org.testng.TestNG.runSuitesSequentially(TestNG.java:1224)
	at org.testng.TestNG.runSuitesLocally(TestNG.java:1149)
	at org.testng.TestNG.run(TestNG.java:1057)
	at org.apache.maven.surefire.testng.TestNGExecutor.run(TestNGExecutor.java:281)
	at org.apache.maven.surefire.testng.TestNGXmlTestSuite.execute(TestNGXmlTestSuite.java:75)
	at org.apache.maven.surefire.testng.TestNGProvider.invoke(TestNGProvider.java:121)
	at org.apache.maven.surefire.booter.ForkedBooter.invokeProviderInSameClassLoader(ForkedBooter.java:290)
	at org.apache.maven.surefire.booter.ForkedBooter.runSuitesInProcess(ForkedBooter.java:242)
	at org.apache.maven.surefire.booter.ForkedBooter.main(ForkedBooter.java:121)
</pre></div></td>
<td>0</td>
<td>com.fanbei.borrowCash.GetConfirmBorrowInfoTest@42b9f649</td></tr>
<tr>
<td title='com.fanbei.borrowCash.GetConfirmBorrowInfoTest.GetBowCashLogInInfo()'><b>GetBowCashLogInInfo</b><br>Test class: com.fanbei.borrowCash.GetConfirmBorrowInfoTest<br>Parameters: 13656648524, 500, 14, , 1000, 成功</td>
<td><div><pre>java.lang.AssertionError: expected [1000] but found [2001]
	at com.fanbei.borrowCash.GetConfirmBorrowInfoTest.GetBowCashLogInInfo(GetConfirmBorrowInfoTest.java:71)
... Removed 32 stack frames</pre></div><a href='#' onClick='toggleBox("stack-trace102360971", this, "Click to show all stack frames", "Click to hide stack frames")'>Click to show all stack frames</a>
<div class='stack-trace' id='stack-trace102360971'><pre>java.lang.AssertionError: expected [1000] but found [2001]
	at org.testng.Assert.fail(Assert.java:94)
	at org.testng.Assert.failNotEquals(Assert.java:494)
	at org.testng.Assert.assertEquals(Assert.java:123)
	at org.testng.Assert.assertEquals(Assert.java:176)
	at org.testng.Assert.assertEquals(Assert.java:186)
	at com.fanbei.borrowCash.GetConfirmBorrowInfoTest.GetBowCashLogInInfo(GetConfirmBorrowInfoTest.java:71)
	at sun.reflect.NativeMethodAccessorImpl.invoke0(Native Method)
	at sun.reflect.NativeMethodAccessorImpl.invoke(NativeMethodAccessorImpl.java:57)
	at sun.reflect.DelegatingMethodAccessorImpl.invoke(DelegatingMethodAccessorImpl.java:43)
	at java.lang.reflect.Method.invoke(Method.java:606)
	at org.testng.internal.MethodInvocationHelper.invokeMethod(MethodInvocationHelper.java:85)
	at org.testng.internal.Invoker.invokeMethod(Invoker.java:696)
	at org.testng.internal.Invoker.invokeTestMethod(Invoker.java:882)
	at org.testng.internal.Invoker.invokeTestMethods(Invoker.java:1189)
	at org.testng.internal.TestMethodWorker.invokeTestMethods(TestMethodWorker.java:124)
	at org.testng.internal.TestMethodWorker.run(TestMethodWorker.java:108)
	at org.testng.TestRunner.privateRun(TestRunner.java:767)
	at org.testng.TestRunner.run(TestRunner.java:617)
	at org.testng.SuiteRunner.runTest(SuiteRunner.java:348)
	at org.testng.SuiteRunner.runSequentially(SuiteRunner.java:343)
	at org.testng.SuiteRunner.privateRun(SuiteRunner.java:305)
	at org.testng.SuiteRunner.run(SuiteRunner.java:254)
	at org.testng.SuiteRunnerWorker.runSuite(SuiteRunnerWorker.java:52)
	at org.testng.SuiteRunnerWorker.run(SuiteRunnerWorker.java:86)
	at org.testng.TestNG.runSuitesSequentially(TestNG.java:1224)
	at org.testng.TestNG.runSuitesLocally(TestNG.java:1149)
	at org.testng.TestNG.run(TestNG.java:1057)
	at org.apache.maven.surefire.testng.TestNGExecutor.run(TestNGExecutor.java:281)
	at org.apache.maven.surefire.testng.TestNGXmlTestSuite.execute(TestNGXmlTestSuite.java:75)
	at org.apache.maven.surefire.testng.TestNGProvider.invoke(TestNGProvider.java:121)
	at org.apache.maven.surefire.booter.ForkedBooter.invokeProviderInSameClassLoader(ForkedBooter.java:290)
	at org.apache.maven.surefire.booter.ForkedBooter.runSuitesInProcess(ForkedBooter.java:242)
	at org.apache.maven.surefire.booter.ForkedBooter.main(ForkedBooter.java:121)
</pre></div></td>
<td>0</td>
<td>com.fanbei.borrowCash.GetConfirmBorrowInfoTest@42b9f649</td></tr>
<tr>
<td title='com.fanbei.borrowCash.GetConfirmBorrowInfoTest.GetBowCashLogInInfo()'><b>GetBowCashLogInInfo</b><br>Test class: com.fanbei.borrowCash.GetConfirmBorrowInfoTest<br>Parameters: 13656648524, 500, 7, , 1000, 成功</td>
<td><div><pre>java.lang.AssertionError: expected [1000] but found [2001]
	at com.fanbei.borrowCash.GetConfirmBorrowInfoTest.GetBowCashLogInInfo(GetConfirmBorrowInfoTest.java:71)
... Removed 32 stack frames</pre></div><a href='#' onClick='toggleBox("stack-trace1831722734", this, "Click to show all stack frames", "Click to hide stack frames")'>Click to show all stack frames</a>
<div class='stack-trace' id='stack-trace1831722734'><pre>java.lang.AssertionError: expected [1000] but found [2001]
	at org.testng.Assert.fail(Assert.java:94)
	at org.testng.Assert.failNotEquals(Assert.java:494)
	at org.testng.Assert.assertEquals(Assert.java:123)
	at org.testng.Assert.assertEquals(Assert.java:176)
	at org.testng.Assert.assertEquals(Assert.java:186)
	at com.fanbei.borrowCash.GetConfirmBorrowInfoTest.GetBowCashLogInInfo(GetConfirmBorrowInfoTest.java:71)
	at sun.reflect.NativeMethodAccessorImpl.invoke0(Native Method)
	at sun.reflect.NativeMethodAccessorImpl.invoke(NativeMethodAccessorImpl.java:57)
	at sun.reflect.DelegatingMethodAccessorImpl.invoke(DelegatingMethodAccessorImpl.java:43)
	at java.lang.reflect.Method.invoke(Method.java:606)
	at org.testng.internal.MethodInvocationHelper.invokeMethod(MethodInvocationHelper.java:85)
	at org.testng.internal.Invoker.invokeMethod(Invoker.java:696)
	at org.testng.internal.Invoker.invokeTestMethod(Invoker.java:882)
	at org.testng.internal.Invoker.invokeTestMethods(Invoker.java:1189)
	at org.testng.internal.TestMethodWorker.invokeTestMethods(TestMethodWorker.java:124)
	at org.testng.internal.TestMethodWorker.run(TestMethodWorker.java:108)
	at org.testng.TestRunner.privateRun(TestRunner.java:767)
	at org.testng.TestRunner.run(TestRunner.java:617)
	at org.testng.SuiteRunner.runTest(SuiteRunner.java:348)
	at org.testng.SuiteRunner.runSequentially(SuiteRunner.java:343)
	at org.testng.SuiteRunner.privateRun(SuiteRunner.java:305)
	at org.testng.SuiteRunner.run(SuiteRunner.java:254)
	at org.testng.SuiteRunnerWorker.runSuite(SuiteRunnerWorker.java:52)
	at org.testng.SuiteRunnerWorker.run(SuiteRunnerWorker.java:86)
	at org.testng.TestNG.runSuitesSequentially(TestNG.java:1224)
	at org.testng.TestNG.runSuitesLocally(TestNG.java:1149)
	at org.testng.TestNG.run(TestNG.java:1057)
	at org.apache.maven.surefire.testng.TestNGExecutor.run(TestNGExecutor.java:281)
	at org.apache.maven.surefire.testng.TestNGXmlTestSuite.execute(TestNGXmlTestSuite.java:75)
	at org.apache.maven.surefire.testng.TestNGProvider.invoke(TestNGProvider.java:121)
	at org.apache.maven.surefire.booter.ForkedBooter.invokeProviderInSameClassLoader(ForkedBooter.java:290)
	at org.apache.maven.surefire.booter.ForkedBooter.runSuitesInProcess(ForkedBooter.java:242)
	at org.apache.maven.surefire.booter.ForkedBooter.main(ForkedBooter.java:121)
</pre></div></td>
<td>0</td>
<td>com.fanbei.borrowCash.GetConfirmBorrowInfoTest@42b9f649</td></tr>
<tr>
<td title='com.fanbei.borrowCash.ApplyBorrowCashV1Test.GetBowCashLogInInfo()'><b>GetBowCashLogInInfo</b><br>Test class: com.fanbei.borrowCash.ApplyBorrowCashV1Test<br>Parameters: 13656648524, 500, 7, e10adc3949ba59abbe56e057f20f883e, 30.213563, 120.213831, zhejiangsheng, hangzhoushi, binjiangqujianglinglu, ewogICJ0b2tlbklkIiA6ICJUWXh2UzNZYUprQTNVZWF4eDhEU0JIanlabGNiMWhhNXUybTRVTENCWEtwTHFZMks2QmlvMjB3ZlNZNEJNd1krbTROcGNKSm9IYUkzZ2VLMEd1ZG9ldz09IiwKICAib3MiIDogImlPUyIsCiAgInByb2ZpbGVUaW1lIiA6IDc3OSwKICAidmVyc2lvbiIgOiAiMi4xLjUiCn0, 1000, 成功</td>
<td><div><pre>java.lang.AssertionError: expected [1000] but found [2001]
	at com.fanbei.borrowCash.ApplyBorrowCashV1Test.GetBowCashLogInInfo(ApplyBorrowCashV1Test.java:86)
... Removed 32 stack frames</pre></div><a href='#' onClick='toggleBox("stack-trace1724666184", this, "Click to show all stack frames", "Click to hide stack frames")'>Click to show all stack frames</a>
<div class='stack-trace' id='stack-trace1724666184'><pre>java.lang.AssertionError: expected [1000] but found [2001]
	at org.testng.Assert.fail(Assert.java:94)
	at org.testng.Assert.failNotEquals(Assert.java:494)
	at org.testng.Assert.assertEquals(Assert.java:123)
	at org.testng.Assert.assertEquals(Assert.java:176)
	at org.testng.Assert.assertEquals(Assert.java:186)
	at com.fanbei.borrowCash.ApplyBorrowCashV1Test.GetBowCashLogInInfo(ApplyBorrowCashV1Test.java:86)
	at sun.reflect.NativeMethodAccessorImpl.invoke0(Native Method)
	at sun.reflect.NativeMethodAccessorImpl.invoke(NativeMethodAccessorImpl.java:57)
	at sun.reflect.DelegatingMethodAccessorImpl.invoke(DelegatingMethodAccessorImpl.java:43)
	at java.lang.reflect.Method.invoke(Method.java:606)
	at org.testng.internal.MethodInvocationHelper.invokeMethod(MethodInvocationHelper.java:85)
	at org.testng.internal.Invoker.invokeMethod(Invoker.java:696)
	at org.testng.internal.Invoker.invokeTestMethod(Invoker.java:882)
	at org.testng.internal.Invoker.invokeTestMethods(Invoker.java:1189)
	at org.testng.internal.TestMethodWorker.invokeTestMethods(TestMethodWorker.java:124)
	at org.testng.internal.TestMethodWorker.run(TestMethodWorker.java:108)
	at org.testng.TestRunner.privateRun(TestRunner.java:767)
	at org.testng.TestRunner.run(TestRunner.java:617)
	at org.testng.SuiteRunner.runTest(SuiteRunner.java:348)
	at org.testng.SuiteRunner.runSequentially(SuiteRunner.java:343)
	at org.testng.SuiteRunner.privateRun(SuiteRunner.java:305)
	at org.testng.SuiteRunner.run(SuiteRunner.java:254)
	at org.testng.SuiteRunnerWorker.runSuite(SuiteRunnerWorker.java:52)
	at org.testng.SuiteRunnerWorker.run(SuiteRunnerWorker.java:86)
	at org.testng.TestNG.runSuitesSequentially(TestNG.java:1224)
	at org.testng.TestNG.runSuitesLocally(TestNG.java:1149)
	at org.testng.TestNG.run(TestNG.java:1057)
	at org.apache.maven.surefire.testng.TestNGExecutor.run(TestNGExecutor.java:281)
	at org.apache.maven.surefire.testng.TestNGXmlTestSuite.execute(TestNGXmlTestSuite.java:75)
	at org.apache.maven.surefire.testng.TestNGProvider.invoke(TestNGProvider.java:121)
	at org.apache.maven.surefire.booter.ForkedBooter.invokeProviderInSameClassLoader(ForkedBooter.java:290)
	at org.apache.maven.surefire.booter.ForkedBooter.runSuitesInProcess(ForkedBooter.java:242)
	at org.apache.maven.surefire.booter.ForkedBooter.main(ForkedBooter.java:121)
</pre></div></td>
<td>0</td>
<td>com.fanbei.borrowCash.ApplyBorrowCashV1Test@7d02f5c2</td></tr>
<tr>
<td title='com.fanbei.borrowCash.ApplyBorrowCashV1Test.GetBowCashLogInInfo()'><b>GetBowCashLogInInfo</b><br>Test class: com.fanbei.borrowCash.ApplyBorrowCashV1Test<br>Parameters: 13656648524, 5000.0, 14, e10adc3949ba59abbe56e057f20f883e, 30.213563, 120.213831, zhejiangsheng, hangzhoushi, binjiangqujianglinglu, ewogICJ0b2tlbklkIiA6ICJUWXh2UzNZYUprQTNVZWF4eDhEU0JIanlabGNiMWhhNXUybTRVTENCWEtwTHFZMks2QmlvMjB3ZlNZNEJNd1krbTROcGNKSm9IYUkzZ2VLMEd1ZG9ldz09IiwKICAib3MiIDogImlPUyIsCiAgInByb2ZpbGVUaW1lIiA6IDc3OSwKICAidmVyc2lvbiIgOiAiMi4xLjUiCn0, 1000, 成功</td>
<td><div><pre>java.lang.AssertionError: expected [1000] but found [2001]
	at com.fanbei.borrowCash.ApplyBorrowCashV1Test.GetBowCashLogInInfo(ApplyBorrowCashV1Test.java:86)
... Removed 32 stack frames</pre></div><a href='#' onClick='toggleBox("stack-trace1751298388", this, "Click to show all stack frames", "Click to hide stack frames")'>Click to show all stack frames</a>
<div class='stack-trace' id='stack-trace1751298388'><pre>java.lang.AssertionError: expected [1000] but found [2001]
	at org.testng.Assert.fail(Assert.java:94)
	at org.testng.Assert.failNotEquals(Assert.java:494)
	at org.testng.Assert.assertEquals(Assert.java:123)
	at org.testng.Assert.assertEquals(Assert.java:176)
	at org.testng.Assert.assertEquals(Assert.java:186)
	at com.fanbei.borrowCash.ApplyBorrowCashV1Test.GetBowCashLogInInfo(ApplyBorrowCashV1Test.java:86)
	at sun.reflect.NativeMethodAccessorImpl.invoke0(Native Method)
	at sun.reflect.NativeMethodAccessorImpl.invoke(NativeMethodAccessorImpl.java:57)
	at sun.reflect.DelegatingMethodAccessorImpl.invoke(DelegatingMethodAccessorImpl.java:43)
	at java.lang.reflect.Method.invoke(Method.java:606)
	at org.testng.internal.MethodInvocationHelper.invokeMethod(MethodInvocationHelper.java:85)
	at org.testng.internal.Invoker.invokeMethod(Invoker.java:696)
	at org.testng.internal.Invoker.invokeTestMethod(Invoker.java:882)
	at org.testng.internal.Invoker.invokeTestMethods(Invoker.java:1189)
	at org.testng.internal.TestMethodWorker.invokeTestMethods(TestMethodWorker.java:124)
	at org.testng.internal.TestMethodWorker.run(TestMethodWorker.java:108)
	at org.testng.TestRunner.privateRun(TestRunner.java:767)
	at org.testng.TestRunner.run(TestRunner.java:617)
	at org.testng.SuiteRunner.runTest(SuiteRunner.java:348)
	at org.testng.SuiteRunner.runSequentially(SuiteRunner.java:343)
	at org.testng.SuiteRunner.privateRun(SuiteRunner.java:305)
	at org.testng.SuiteRunner.run(SuiteRunner.java:254)
	at org.testng.SuiteRunnerWorker.runSuite(SuiteRunnerWorker.java:52)
	at org.testng.SuiteRunnerWorker.run(SuiteRunnerWorker.java:86)
	at org.testng.TestNG.runSuitesSequentially(TestNG.java:1224)
	at org.testng.TestNG.runSuitesLocally(TestNG.java:1149)
	at org.testng.TestNG.run(TestNG.java:1057)
	at org.apache.maven.surefire.testng.TestNGExecutor.run(TestNGExecutor.java:281)
	at org.apache.maven.surefire.testng.TestNGXmlTestSuite.execute(TestNGXmlTestSuite.java:75)
	at org.apache.maven.surefire.testng.TestNGProvider.invoke(TestNGProvider.java:121)
	at org.apache.maven.surefire.booter.ForkedBooter.invokeProviderInSameClassLoader(ForkedBooter.java:290)
	at org.apache.maven.surefire.booter.ForkedBooter.runSuitesInProcess(ForkedBooter.java:242)
	at org.apache.maven.surefire.booter.ForkedBooter.main(ForkedBooter.java:121)
</pre></div></td>
<td>0</td>
<td>com.fanbei.borrowCash.ApplyBorrowCashV1Test@7d02f5c2</td></tr>
</table><p>
<table width='100%' border='1' class='invocation-passed'>
<tr><td colspan='4' align='center'><b>PASSED TESTS</b></td></tr>
<tr><td><b>Test method</b></td>
<td width="30%"><b>Exception</b></td>
<td width="10%"><b>Time (seconds)</b></td>
<td><b>Instance</b></td>
</tr>
<tr>
<td title='com.fanbei.borrowCash.GetBowCashLogInInfoTest.GetBowCashLogInInfo()'><b>GetBowCashLogInInfo</b><br>Test class: com.fanbei.borrowCash.GetBowCashLogInInfoTest<br>Parameters: 13656648524, 1000, 成功</td>
<td></td>
<td>0</td>
<td>com.fanbei.borrowCash.GetBowCashLogInInfoTest@4d54d3ac</td></tr>
<tr>
<td title='com.fanbei.borrowCash.GetBowCashLogInInfoTest.GetBowCashLogInInfo()'><b>GetBowCashLogInInfo</b><br>Test class: com.fanbei.borrowCash.GetBowCashLogInInfoTest<br>Parameters: 13656648521, 1000, 成功</td>
<td></td>
<td>0</td>
<td>com.fanbei.borrowCash.GetBowCashLogInInfoTest@4d54d3ac</td></tr>
<tr>
<td title='com.fanbei.borrowCash.GetBowCashLogInInfoTest.GetBowCashLogInInfo()'><b>GetBowCashLogInInfo</b><br>Test class: com.fanbei.borrowCash.GetBowCashLogInInfoTest<br>Parameters: 13656648511, 1005, 用户不存在</td>
<td></td>
<td>0</td>
<td>com.fanbei.borrowCash.GetBowCashLogInInfoTest@4d54d3ac</td></tr>
<tr>
<td title='com.fanbei.borrowCash.GetBowCashLogInInfoTest.GetBowCashLogInInfo()'><b>GetBowCashLogInInfo</b><br>Test class: com.fanbei.borrowCash.GetBowCashLogInInfoTest<br>Parameters: , 1005, 用户不存在</td>
<td></td>
<td>0</td>
<td>com.fanbei.borrowCash.GetBowCashLogInInfoTest@4d54d3ac</td></tr>
<tr>
<td title='com.fanbei.borrowCash.GetConfirmBorrowInfoTest.GetBowCashLogInInfo()'><b>GetBowCashLogInInfo</b><br>Test class: com.fanbei.borrowCash.GetConfirmBorrowInfoTest<br>Parameters: 13656648524, 1, 7, , 1117, 申请的金额无效</td>
<td></td>
<td>0</td>
<td>com.fanbei.borrowCash.GetConfirmBorrowInfoTest@42b9f649</td></tr>
<tr>
<td title='com.fanbei.borrowCash.GetConfirmBorrowInfoTest.GetBowCashLogInInfo()'><b>GetBowCashLogInInfo</b><br>Test class: com.fanbei.borrowCash.GetConfirmBorrowInfoTest<br>Parameters: 13656648524, 0, 7, , 1117, 申请的金额无效</td>
<td></td>
<td>0</td>
<td>com.fanbei.borrowCash.GetConfirmBorrowInfoTest@42b9f649</td></tr>
<tr>
<td title='com.fanbei.borrowCash.GetConfirmBorrowInfoTest.GetBowCashLogInInfo()'><b>GetBowCashLogInInfo</b><br>Test class: com.fanbei.borrowCash.GetConfirmBorrowInfoTest<br>Parameters: 13656648524, 5000.0, , , 2000, 借钱金额或者时间有误</td>
<td></td>
<td>0</td>
<td>com.fanbei.borrowCash.GetConfirmBorrowInfoTest@42b9f649</td></tr>
<tr>
<td title='com.fanbei.borrowCash.GetConfirmBorrowInfoTest.GetBowCashLogInInfo()'><b>GetBowCashLogInInfo</b><br>Test class: com.fanbei.borrowCash.GetConfirmBorrowInfoTest<br>Parameters: 13656648521, 500, 7, , 1000, 成功</td>
<td></td>
<td>0</td>
<td>com.fanbei.borrowCash.GetConfirmBorrowInfoTest@42b9f649</td></tr>
<tr>
<td title='com.fanbei.borrowCash.GetConfirmBorrowInfoTest.GetBowCashLogInInfo()'><b>GetBowCashLogInInfo</b><br>Test class: com.fanbei.borrowCash.GetConfirmBorrowInfoTest<br>Parameters: 13656648511, 500, 7, , 1005, 用户不存在</td>
<td></td>
<td>0</td>
<td>com.fanbei.borrowCash.GetConfirmBorrowInfoTest@42b9f649</td></tr>
<tr>
<td title='com.fanbei.borrowCash.GetConfirmBorrowInfoTest.GetBowCashLogInInfo()'><b>GetBowCashLogInInfo</b><br>Test class: com.fanbei.borrowCash.GetConfirmBorrowInfoTest<br>Parameters: , 500, 7, , 1005, 用户不存在</td>
<td></td>
<td>0</td>
<td>com.fanbei.borrowCash.GetConfirmBorrowInfoTest@42b9f649</td></tr>
<tr>
<td title='com.fanbei.borrowCash.ApplyBorrowCashV1Test.GetBowCashLogInInfo()'><b>GetBowCashLogInInfo</b><br>Test class: com.fanbei.borrowCash.ApplyBorrowCashV1Test<br>Parameters: 13656648524, 5000.0, 7, e10adc3949ba59abbe56e057f20f883e, 30.213563, 120.213831, zhejiangsheng, hangzhoushi, binjiangqujianglinglu, ewogICJ0b2tlbklkIiA6ICJUWXh2UzNZYUprQTNVZWF4eDhEU0JIanlabGNiMWhhNXUybTRVTENCWEtwTHFZMks2QmlvMjB3ZlNZNEJNd1krbTROcGNKSm9IYUkzZ2VLMEd1ZG9ldz09IiwKICAib3MiIDogImlPUyIsCiAgInByb2ZpbGVUaW1lIiA6IDc3OSwKICAidmVyc2lvbiIgOiAiMi4xLjUiCn0, 2001, 您有一笔未结清账单</td>
<td></td>
<td>0</td>
<td>com.fanbei.borrowCash.ApplyBorrowCashV1Test@7d02f5c2</td></tr>
<tr>
<td title='com.fanbei.borrowCash.ApplyRenewalTest.applyRenewal()'><b>applyRenewal</b><br>Test class: com.fanbei.borrowCash.ApplyRenewalTest<br>Parameters: 1258099, 1000, 成功</td>
<td></td>
<td>0</td>
<td>com.fanbei.borrowCash.ApplyRenewalTest@3ed854d8</td></tr>
<tr>
<td title='com.fanbei.borrowCash.ConfirmRenewalPayTest.confirmRenewalPay()'><b>confirmRenewalPay</b><br>Test class: com.fanbei.borrowCash.ConfirmRenewalPayTest<br>Parameters: 13656648524, 1258099, 1, 1, e10adc3949ba59abbe56e057f20f883e, -2, 1128, 无可续期的订单</td>
<td></td>
<td>0</td>
<td>com.fanbei.borrowCash.ConfirmRenewalPayTest@744578e0</td></tr>
<tr>
<td title='com.fanbei.borrowCash.GetBorrowCashListTest.getBorrowCashList()'><b>getBorrowCashList</b><br>Test class: com.fanbei.borrowCash.GetBorrowCashListTest<br>Parameters: 13656648524, 1, 1000, 成功</td>
<td></td>
<td>0</td>
<td>com.fanbei.borrowCash.GetBorrowCashListTest@21b50891</td></tr>
<tr>
<td title='com.fanbei.borrowCash.GetBorrowCashListTest.getBorrowCashList()'><b>getBorrowCashList</b><br>Test class: com.fanbei.borrowCash.GetBorrowCashListTest<br>Parameters: 13656648577, 1, 1005, 用户不存在</td>
<td></td>
<td>0</td>
<td>com.fanbei.borrowCash.GetBorrowCashListTest@21b50891</td></tr>
<tr>
<td title='com.fanbei.borrowCash.GetBorrowCashDetailTest.getBorrowCashList()'><b>getBorrowCashList</b><br>Test class: com.fanbei.borrowCash.GetBorrowCashDetailTest<br>Parameters: 1258099, 1000, 成功</td>
<td></td>
<td>0</td>
<td>com.fanbei.borrowCash.GetBorrowCashDetailTest@5fbfc2eb</td></tr>
<tr>
<td title='com.fanbei.borrowCash.GetRenewalListTest.getRenewalList()'><b>getRenewalList</b><br>Test class: com.fanbei.borrowCash.GetRenewalListTest<br>Parameters: 1258099, 1000, 成功</td>
<td></td>
<td>0</td>
<td>com.fanbei.borrowCash.GetRenewalListTest@6caa5123</td></tr>
<tr>
<td title='com.fanbei.borrowCash.GetRenewalListTest.getRenewalList()'><b>getRenewalList</b><br>Test class: com.fanbei.borrowCash.GetRenewalListTest<br>Parameters: 13656648521, 1000, 成功</td>
<td></td>
<td>0</td>
<td>com.fanbei.borrowCash.GetRenewalListTest@6caa5123</td></tr>
</table><p>
<table width='100%' border='1' class='invocation-skipped'>
<tr><td colspan='4' align='center'><b>SKIPPED TESTS</b></td></tr>
<tr><td><b>Test method</b></td>
<td width="30%"><b>Exception</b></td>
<td width="10%"><b>Time (seconds)</b></td>
<td><b>Instance</b></td>
</tr>
<tr>
<td title='com.fanbei.borrowCash.GetRenewalDetailTest.getRenewalDetail()'><b>getRenewalDetail</b><br>Test class: com.fanbei.borrowCash.GetRenewalDetailTest</td>
<td><div><pre>java.lang.RuntimeException: java.lang.IndexOutOfBoundsException: Index: 0, Size: 0
Caused by: java.lang.IndexOutOfBoundsException: Index: 0, Size: 0
	at java.util.ArrayList.rangeCheck(ArrayList.java:635)
	at java.util.ArrayList.get(ArrayList.java:411)
	at net.sf.json.JSONArray.get(JSONArray.java:1886)
	at net.sf.json.JSONArray.getJSONObject(JSONArray.java:1975)
	at com.fanbei.until.getRenewalld.getRenewalList(getRenewalld.java:37)
	at com.fanbei.borrowCash.GetRenewalDetailTest.Parameter(GetRenewalDetailTest.java:31)
	... 23 more
... Removed 30 stack frames</pre></div><a href='#' onClick='toggleBox("stack-trace1643572386", this, "Click to show all stack frames", "Click to hide stack frames")'>Click to show all stack frames</a>
<div class='stack-trace' id='stack-trace1643572386'><pre>java.lang.RuntimeException: java.lang.IndexOutOfBoundsException: Index: 0, Size: 0
	at org.testng.internal.MethodInvocationHelper.invokeDataProvider(MethodInvocationHelper.java:162)
	at org.testng.internal.Parameters.handleParameters(Parameters.java:431)
	at org.testng.internal.Invoker.handleParameters(Invoker.java:1335)
	at org.testng.internal.Invoker.createParameters(Invoker.java:1051)
	at org.testng.internal.Invoker.invokeTestMethods(Invoker.java:1140)
	at org.testng.internal.TestMethodWorker.invokeTestMethods(TestMethodWorker.java:124)
	at org.testng.internal.TestMethodWorker.run(TestMethodWorker.java:108)
	at org.testng.TestRunner.privateRun(TestRunner.java:767)
	at org.testng.TestRunner.run(TestRunner.java:617)
	at org.testng.SuiteRunner.runTest(SuiteRunner.java:348)
	at org.testng.SuiteRunner.runSequentially(SuiteRunner.java:343)
	at org.testng.SuiteRunner.privateRun(SuiteRunner.java:305)
	at org.testng.SuiteRunner.run(SuiteRunner.java:254)
	at org.testng.SuiteRunnerWorker.runSuite(SuiteRunnerWorker.java:52)
	at org.testng.SuiteRunnerWorker.run(SuiteRunnerWorker.java:86)
	at org.testng.TestNG.runSuitesSequentially(TestNG.java:1224)
	at org.testng.TestNG.runSuitesLocally(TestNG.java:1149)
	at org.testng.TestNG.run(TestNG.java:1057)
	at org.apache.maven.surefire.testng.TestNGExecutor.run(TestNGExecutor.java:281)
	at org.apache.maven.surefire.testng.TestNGXmlTestSuite.execute(TestNGXmlTestSuite.java:75)
	at org.apache.maven.surefire.testng.TestNGProvider.invoke(TestNGProvider.java:121)
	at org.apache.maven.surefire.booter.ForkedBooter.invokeProviderInSameClassLoader(ForkedBooter.java:290)
	at org.apache.maven.surefire.booter.ForkedBooter.runSuitesInProcess(ForkedBooter.java:242)
	at org.apache.maven.surefire.booter.ForkedBooter.main(ForkedBooter.java:121)
Caused by: java.lang.IndexOutOfBoundsException: Index: 0, Size: 0
	at java.util.ArrayList.rangeCheck(ArrayList.java:635)
	at java.util.ArrayList.get(ArrayList.java:411)
	at net.sf.json.JSONArray.get(JSONArray.java:1886)
	at net.sf.json.JSONArray.getJSONObject(JSONArray.java:1975)
	at com.fanbei.until.getRenewalld.getRenewalList(getRenewalld.java:37)
	at com.fanbei.borrowCash.GetRenewalDetailTest.Parameter(GetRenewalDetailTest.java:31)
	at sun.reflect.NativeMethodAccessorImpl.invoke0(Native Method)
	at sun.reflect.NativeMethodAccessorImpl.invoke(NativeMethodAccessorImpl.java:57)
	at sun.reflect.DelegatingMethodAccessorImpl.invoke(DelegatingMethodAccessorImpl.java:43)
	at java.lang.reflect.Method.invoke(Method.java:606)
	at org.testng.internal.MethodInvocationHelper.invokeMethod(MethodInvocationHelper.java:85)
	at org.testng.internal.MethodInvocationHelper.invokeDataProvider(MethodInvocationHelper.java:136)
	... 23 more
</pre></div></td>
<td>0</td>
<td>com.fanbei.borrowCash.GetRenewalDetailTest@26960369</td></tr>
</table><p>
</body>
</html>