<?xml version="1.0" encoding="UTF-8"?>
<testng-results skipped="1" failed="7" total="33" passed="25">
  <reporter-output>
  </reporter-output>
  <suite name="Suite" duration-ms="2664" started-at="2017-08-30T11:33:37Z" finished-at="2017-08-30T11:33:40Z">
    <groups>
    </groups>
    <test name="com.fanbei.login" duration-ms="974" started-at="2017-08-30T11:33:37Z" finished-at="2017-08-30T11:33:38Z">
      <class name="com.fanbei.login.UserLoginTest">
        <test-method status="PASS" signature="UserLogin(java.lang.String, java.lang.String, java.lang.String, java.lang.String, java.lang.String, java.lang.String, java.lang.String, java.lang.String)[pri:0, instance:com.fanbei.login.UserLoginTest@7eea8370]" name="UserLogin" duration-ms="599" started-at="2017-08-30T19:33:37Z" data-provider="ex" finished-at="2017-08-30T19:33:38Z">
          <params>
            <param index="0">
              <value>
                <![CDATA[17612158083]]>
              </value>
            </param>
            <param index="1">
              <value>
                <![CDATA[22368c8d5f71b23b9e33e61a5e02c4bc]]>
              </value>
            </param>
            <param index="2">
              <value>
                <![CDATA[ios10.3.2]]>
              </value>
            </param>
            <param index="3">
              <value>
                <![CDATA[iPhone]]>
              </value>
            </param>
            <param index="4">
              <value>
                <![CDATA[07BB9C6D-D587-4638-B569-EC83BC99A99E]]>
              </value>
            </param>
            <param index="5">
              <value>
                <![CDATA[ewogICJ0b2tlbklkIiA6ICJUWXh2UzNZYUprQTNVZWF4eDhEU0JIanlabGNiMWhhNXUybTRVTENCWEtwTHFZMks2QmlvMjB3ZlNZNEJNd1krbTROcGNKSm9IYUkzZ2VLMEd1ZG9ldz09IiwKICAib3MiIDogImlPUyIsCiAgInByb2ZpbGVUaW1lIiA6IDc3OSwKICAidmVyc2lvbiIgOiAiMi4xLjUiCn0]]>
              </value>
            </param>
            <param index="6">
              <value>
                <![CDATA[1000]]>
              </value>
            </param>
            <param index="7">
              <value>
                <![CDATA[成功]]>
              </value>
            </param>
          </params>
          <reporter-output>
          </reporter-output>
        </test-method> <!-- UserLogin -->
      </class> <!-- com.fanbei.login.UserLoginTest -->
      <class name="com.fanbei.login.UserGetMineInfoTest">
        <test-method status="PASS" signature="UserGetMineInfo(java.lang.String, java.lang.String, java.lang.String)[pri:0, instance:com.fanbei.login.UserGetMineInfoTest@2c59e61a]" name="UserGetMineInfo" duration-ms="117" started-at="2017-08-30T19:33:38Z" data-provider="ex" finished-at="2017-08-30T19:33:38Z">
          <params>
            <param index="0">
              <value>
                <![CDATA[13656648524]]>
              </value>
            </param>
            <param index="1">
              <value>
                <![CDATA[1000]]>
              </value>
            </param>
            <param index="2">
              <value>
                <![CDATA[成功]]>
              </value>
            </param>
          </params>
          <reporter-output>
          </reporter-output>
        </test-method> <!-- UserGetMineInfo -->
        <test-method status="PASS" signature="UserGetMineInfo(java.lang.String, java.lang.String, java.lang.String)[pri:0, instance:com.fanbei.login.UserGetMineInfoTest@2c59e61a]" name="UserGetMineInfo" duration-ms="37" started-at="2017-08-30T19:33:38Z" data-provider="ex" finished-at="2017-08-30T19:33:38Z">
          <params>
            <param index="0">
              <value>
                <![CDATA[13656648511]]>
              </value>
            </param>
            <param index="1">
              <value>
                <![CDATA[1005]]>
              </value>
            </param>
            <param index="2">
              <value>
                <![CDATA[用户不存在]]>
              </value>
            </param>
          </params>
          <reporter-output>
          </reporter-output>
        </test-method> <!-- UserGetMineInfo -->
        <test-method status="PASS" signature="UserGetMineInfo(java.lang.String, java.lang.String, java.lang.String)[pri:0, instance:com.fanbei.login.UserGetMineInfoTest@2c59e61a]" name="UserGetMineInfo" duration-ms="30" started-at="2017-08-30T19:33:38Z" data-provider="ex" finished-at="2017-08-30T19:33:38Z">
          <params>
            <param index="0">
              <value>
                <![CDATA[]]>
              </value>
            </param>
            <param index="1">
              <value>
                <![CDATA[1005]]>
              </value>
            </param>
            <param index="2">
              <value>
                <![CDATA[用户不存在]]>
              </value>
            </param>
          </params>
          <reporter-output>
          </reporter-output>
        </test-method> <!-- UserGetMineInfo -->
      </class> <!-- com.fanbei.login.UserGetMineInfoTest -->
      <class name="com.fanbei.login.GetUserInfoTest">
        <test-method status="PASS" signature="GetUserInfo(java.lang.String, java.lang.String, java.lang.String)[pri:0, instance:com.fanbei.login.GetUserInfoTest@4211cbb5]" name="GetUserInfo" duration-ms="108" started-at="2017-08-30T19:33:38Z" data-provider="ex" finished-at="2017-08-30T19:33:38Z">
          <params>
            <param index="0">
              <value>
                <![CDATA[13656648524]]>
              </value>
            </param>
            <param index="1">
              <value>
                <![CDATA[1000]]>
              </value>
            </param>
            <param index="2">
              <value>
                <![CDATA[成功]]>
              </value>
            </param>
          </params>
          <reporter-output>
          </reporter-output>
        </test-method> <!-- GetUserInfo -->
        <test-method status="PASS" signature="GetUserInfo(java.lang.String, java.lang.String, java.lang.String)[pri:0, instance:com.fanbei.login.GetUserInfoTest@4211cbb5]" name="GetUserInfo" duration-ms="32" started-at="2017-08-30T19:33:38Z" data-provider="ex" finished-at="2017-08-30T19:33:38Z">
          <params>
            <param index="0">
              <value>
                <![CDATA[13656648511]]>
              </value>
            </param>
            <param index="1">
              <value>
                <![CDATA[1005]]>
              </value>
            </param>
            <param index="2">
              <value>
                <![CDATA[用户不存在]]>
              </value>
            </param>
          </params>
          <reporter-output>
          </reporter-output>
        </test-method> <!-- GetUserInfo -->
        <test-method status="PASS" signature="GetUserInfo(java.lang.String, java.lang.String, java.lang.String)[pri:0, instance:com.fanbei.login.GetUserInfoTest@4211cbb5]" name="GetUserInfo" duration-ms="29" started-at="2017-08-30T19:33:38Z" data-provider="ex" finished-at="2017-08-30T19:33:38Z">
          <params>
            <param index="0">
              <value>
                <![CDATA[]]>
              </value>
            </param>
            <param index="1">
              <value>
                <![CDATA[1005]]>
              </value>
            </param>
            <param index="2">
              <value>
                <![CDATA[用户不存在]]>
              </value>
            </param>
          </params>
          <reporter-output>
          </reporter-output>
        </test-method> <!-- GetUserInfo -->
      </class> <!-- com.fanbei.login.GetUserInfoTest -->
    </test> <!-- com.fanbei.login -->
    <test name="com.fanbei.borrowCash" duration-ms="1674" started-at="2017-08-30T11:33:38Z" finished-at="2017-08-30T11:33:40Z">
      <class name="com.fanbei.borrowCash.GetConfirmBorrowInfoTest">
        <test-method status="FAIL" signature="GetBowCashLogInInfo(java.lang.String, java.lang.String, java.lang.String, java.lang.String, java.lang.String, java.lang.String)[pri:0, instance:com.fanbei.borrowCash.GetConfirmBorrowInfoTest@42b9f649]" name="GetBowCashLogInInfo" duration-ms="37" started-at="2017-08-30T19:33:39Z" data-provider="ex" finished-at="2017-08-30T19:33:39Z">
          <params>
            <param index="0">
              <value>
                <![CDATA[13656648524]]>
              </value>
            </param>
            <param index="1">
              <value>
                <![CDATA[5001.0]]>
              </value>
            </param>
            <param index="2">
              <value>
                <![CDATA[7]]>
              </value>
            </param>
            <param index="3">
              <value>
                <![CDATA[]]>
              </value>
            </param>
            <param index="4">
              <value>
                <![CDATA[2008]]>
              </value>
            </param>
            <param index="5">
              <value>
                <![CDATA[借款金额超过可借金额，请下拉刷新后重新提交]]>
              </value>
            </param>
          </params>
          <exception class="java.lang.AssertionError">
            <message>
              <![CDATA[expected [2008] but found [1117]]]>
            </message>
            <full-stacktrace>
              <![CDATA[java.lang.AssertionError: expected [2008] but found [1117]
	at org.testng.Assert.fail(Assert.java:94)
	at org.testng.Assert.failNotEquals(Assert.java:494)
	at org.testng.Assert.assertEquals(Assert.java:123)
	at org.testng.Assert.assertEquals(Assert.java:176)
	at org.testng.Assert.assertEquals(Assert.java:186)
	at com.fanbei.borrowCash.GetConfirmBorrowInfoTest.GetBowCashLogInInfo(GetConfirmBorrowInfoTest.java:71)
	at sun.reflect.NativeMethodAccessorImpl.invoke0(Native Method)
	at sun.reflect.NativeMethodAccessorImpl.invoke(NativeMethodAccessorImpl.java:57)
	at sun.reflect.DelegatingMethodAccessorImpl.invoke(DelegatingMethodAccessorImpl.java:43)
	at java.lang.reflect.Method.invoke(Method.java:606)
	at org.testng.internal.MethodInvocationHelper.invokeMethod(MethodInvocationHelper.java:85)
	at org.testng.internal.Invoker.invokeMethod(Invoker.java:696)
	at org.testng.internal.Invoker.invokeTestMethod(Invoker.java:882)
	at org.testng.internal.Invoker.invokeTestMethods(Invoker.java:1189)
	at org.testng.internal.TestMethodWorker.invokeTestMethods(TestMethodWorker.java:124)
	at org.testng.internal.TestMethodWorker.run(TestMethodWorker.java:108)
	at org.testng.TestRunner.privateRun(TestRunner.java:767)
	at org.testng.TestRunner.run(TestRunner.java:617)
	at org.testng.SuiteRunner.runTest(SuiteRunner.java:348)
	at org.testng.SuiteRunner.runSequentially(SuiteRunner.java:343)
	at org.testng.SuiteRunner.privateRun(SuiteRunner.java:305)
	at org.testng.SuiteRunner.run(SuiteRunner.java:254)
	at org.testng.SuiteRunnerWorker.runSuite(SuiteRunnerWorker.java:52)
	at org.testng.SuiteRunnerWorker.run(SuiteRunnerWorker.java:86)
	at org.testng.TestNG.runSuitesSequentially(TestNG.java:1224)
	at org.testng.TestNG.runSuitesLocally(TestNG.java:1149)
	at org.testng.TestNG.run(TestNG.java:1057)
	at org.apache.maven.surefire.testng.TestNGExecutor.run(TestNGExecutor.java:281)
	at org.apache.maven.surefire.testng.TestNGXmlTestSuite.execute(TestNGXmlTestSuite.java:75)
	at org.apache.maven.surefire.testng.TestNGProvider.invoke(TestNGProvider.java:121)
	at org.apache.maven.surefire.booter.ForkedBooter.invokeProviderInSameClassLoader(ForkedBooter.java:290)
	at org.apache.maven.surefire.booter.ForkedBooter.runSuitesInProcess(ForkedBooter.java:242)
	at org.apache.maven.surefire.booter.ForkedBooter.main(ForkedBooter.java:121)
]]>
            </full-stacktrace>
          </exception> <!-- java.lang.AssertionError -->
          <reporter-output>
          </reporter-output>
        </test-method> <!-- GetBowCashLogInInfo -->
        <test-method status="PASS" signature="GetBowCashLogInInfo(java.lang.String, java.lang.String, java.lang.String, java.lang.String, java.lang.String, java.lang.String)[pri:0, instance:com.fanbei.borrowCash.GetConfirmBorrowInfoTest@42b9f649]" name="GetBowCashLogInInfo" duration-ms="29" started-at="2017-08-30T19:33:39Z" data-provider="ex" finished-at="2017-08-30T19:33:39Z">
          <params>
            <param index="0">
              <value>
                <![CDATA[13656648524]]>
              </value>
            </param>
            <param index="1">
              <value>
                <![CDATA[1]]>
              </value>
            </param>
            <param index="2">
              <value>
                <![CDATA[7]]>
              </value>
            </param>
            <param index="3">
              <value>
                <![CDATA[]]>
              </value>
            </param>
            <param index="4">
              <value>
                <![CDATA[1117]]>
              </value>
            </param>
            <param index="5">
              <value>
                <![CDATA[申请的金额无效]]>
              </value>
            </param>
          </params>
          <reporter-output>
          </reporter-output>
        </test-method> <!-- GetBowCashLogInInfo -->
        <test-method status="PASS" signature="GetBowCashLogInInfo(java.lang.String, java.lang.String, java.lang.String, java.lang.String, java.lang.String, java.lang.String)[pri:0, instance:com.fanbei.borrowCash.GetConfirmBorrowInfoTest@42b9f649]" name="GetBowCashLogInInfo" duration-ms="31" started-at="2017-08-30T19:33:39Z" data-provider="ex" finished-at="2017-08-30T19:33:39Z">
          <params>
            <param index="0">
              <value>
                <![CDATA[13656648524]]>
              </value>
            </param>
            <param index="1">
              <value>
                <![CDATA[0]]>
              </value>
            </param>
            <param index="2">
              <value>
                <![CDATA[7]]>
              </value>
            </param>
            <param index="3">
              <value>
                <![CDATA[]]>
              </value>
            </param>
            <param index="4">
              <value>
                <![CDATA[1117]]>
              </value>
            </param>
            <param index="5">
              <value>
                <![CDATA[申请的金额无效]]>
              </value>
            </param>
          </params>
          <reporter-output>
          </reporter-output>
        </test-method> <!-- GetBowCashLogInInfo -->
        <test-method status="PASS" signature="GetBowCashLogInInfo(java.lang.String, java.lang.String, java.lang.String, java.lang.String, java.lang.String, java.lang.String)[pri:0, instance:com.fanbei.borrowCash.GetConfirmBorrowInfoTest@42b9f649]" name="GetBowCashLogInInfo" duration-ms="42" started-at="2017-08-30T19:33:39Z" data-provider="ex" finished-at="2017-08-30T19:33:39Z">
          <params>
            <param index="0">
              <value>
                <![CDATA[13656648524]]>
              </value>
            </param>
            <param index="1">
              <value>
                <![CDATA[5000.0]]>
              </value>
            </param>
            <param index="2">
              <value>
                <![CDATA[]]>
              </value>
            </param>
            <param index="3">
              <value>
                <![CDATA[]]>
              </value>
            </param>
            <param index="4">
              <value>
                <![CDATA[2000]]>
              </value>
            </param>
            <param index="5">
              <value>
                <![CDATA[借钱金额或者时间有误]]>
              </value>
            </param>
          </params>
          <reporter-output>
          </reporter-output>
        </test-method> <!-- GetBowCashLogInInfo -->
        <test-method status="PASS" signature="GetBowCashLogInInfo(java.lang.String, java.lang.String, java.lang.String, java.lang.String, java.lang.String, java.lang.String)[pri:0, instance:com.fanbei.borrowCash.GetConfirmBorrowInfoTest@42b9f649]" name="GetBowCashLogInInfo" duration-ms="77" started-at="2017-08-30T19:33:39Z" data-provider="ex" finished-at="2017-08-30T19:33:39Z">
          <params>
            <param index="0">
              <value>
                <![CDATA[13656648521]]>
              </value>
            </param>
            <param index="1">
              <value>
                <![CDATA[500]]>
              </value>
            </param>
            <param index="2">
              <value>
                <![CDATA[7]]>
              </value>
            </param>
            <param index="3">
              <value>
                <![CDATA[]]>
              </value>
            </param>
            <param index="4">
              <value>
                <![CDATA[1000]]>
              </value>
            </param>
            <param index="5">
              <value>
                <![CDATA[成功]]>
              </value>
            </param>
          </params>
          <reporter-output>
          </reporter-output>
        </test-method> <!-- GetBowCashLogInInfo -->
        <test-method status="PASS" signature="GetBowCashLogInInfo(java.lang.String, java.lang.String, java.lang.String, java.lang.String, java.lang.String, java.lang.String)[pri:0, instance:com.fanbei.borrowCash.GetConfirmBorrowInfoTest@42b9f649]" name="GetBowCashLogInInfo" duration-ms="69" started-at="2017-08-30T19:33:39Z" data-provider="ex" finished-at="2017-08-30T19:33:39Z">
          <params>
            <param index="0">
              <value>
                <![CDATA[13656648511]]>
              </value>
            </param>
            <param index="1">
              <value>
                <![CDATA[500]]>
              </value>
            </param>
            <param index="2">
              <value>
                <![CDATA[7]]>
              </value>
            </param>
            <param index="3">
              <value>
                <![CDATA[]]>
              </value>
            </param>
            <param index="4">
              <value>
                <![CDATA[1005]]>
              </value>
            </param>
            <param index="5">
              <value>
                <![CDATA[用户不存在]]>
              </value>
            </param>
          </params>
          <reporter-output>
          </reporter-output>
        </test-method> <!-- GetBowCashLogInInfo -->
        <test-method status="PASS" signature="GetBowCashLogInInfo(java.lang.String, java.lang.String, java.lang.String, java.lang.String, java.lang.String, java.lang.String)[pri:0, instance:com.fanbei.borrowCash.GetConfirmBorrowInfoTest@42b9f649]" name="GetBowCashLogInInfo" duration-ms="28" started-at="2017-08-30T19:33:39Z" data-provider="ex" finished-at="2017-08-30T19:33:39Z">
          <params>
            <param index="0">
              <value>
                <![CDATA[]]>
              </value>
            </param>
            <param index="1">
              <value>
                <![CDATA[500]]>
              </value>
            </param>
            <param index="2">
              <value>
                <![CDATA[7]]>
              </value>
            </param>
            <param index="3">
              <value>
                <![CDATA[]]>
              </value>
            </param>
            <param index="4">
              <value>
                <![CDATA[1005]]>
              </value>
            </param>
            <param index="5">
              <value>
                <![CDATA[用户不存在]]>
              </value>
            </param>
          </params>
          <reporter-output>
          </reporter-output>
        </test-method> <!-- GetBowCashLogInInfo -->
        <test-method status="FAIL" signature="GetBowCashLogInInfo(java.lang.String, java.lang.String, java.lang.String, java.lang.String, java.lang.String, java.lang.String)[pri:0, instance:com.fanbei.borrowCash.GetConfirmBorrowInfoTest@42b9f649]" name="GetBowCashLogInInfo" duration-ms="34" started-at="2017-08-30T19:33:39Z" data-provider="ex" finished-at="2017-08-30T19:33:39Z">
          <params>
            <param index="0">
              <value>
                <![CDATA[13656648524]]>
              </value>
            </param>
            <param index="1">
              <value>
                <![CDATA[4999.0]]>
              </value>
            </param>
            <param index="2">
              <value>
                <![CDATA[7]]>
              </value>
            </param>
            <param index="3">
              <value>
                <![CDATA[]]>
              </value>
            </param>
            <param index="4">
              <value>
                <![CDATA[1000]]>
              </value>
            </param>
            <param index="5">
              <value>
                <![CDATA[成功]]>
              </value>
            </param>
          </params>
          <exception class="java.lang.AssertionError">
            <message>
              <![CDATA[expected [1000] but found [2001]]]>
            </message>
            <full-stacktrace>
              <![CDATA[java.lang.AssertionError: expected [1000] but found [2001]
	at org.testng.Assert.fail(Assert.java:94)
	at org.testng.Assert.failNotEquals(Assert.java:494)
	at org.testng.Assert.assertEquals(Assert.java:123)
	at org.testng.Assert.assertEquals(Assert.java:176)
	at org.testng.Assert.assertEquals(Assert.java:186)
	at com.fanbei.borrowCash.GetConfirmBorrowInfoTest.GetBowCashLogInInfo(GetConfirmBorrowInfoTest.java:71)
	at sun.reflect.NativeMethodAccessorImpl.invoke0(Native Method)
	at sun.reflect.NativeMethodAccessorImpl.invoke(NativeMethodAccessorImpl.java:57)
	at sun.reflect.DelegatingMethodAccessorImpl.invoke(DelegatingMethodAccessorImpl.java:43)
	at java.lang.reflect.Method.invoke(Method.java:606)
	at org.testng.internal.MethodInvocationHelper.invokeMethod(MethodInvocationHelper.java:85)
	at org.testng.internal.Invoker.invokeMethod(Invoker.java:696)
	at org.testng.internal.Invoker.invokeTestMethod(Invoker.java:882)
	at org.testng.internal.Invoker.invokeTestMethods(Invoker.java:1189)
	at org.testng.internal.TestMethodWorker.invokeTestMethods(TestMethodWorker.java:124)
	at org.testng.internal.TestMethodWorker.run(TestMethodWorker.java:108)
	at org.testng.TestRunner.privateRun(TestRunner.java:767)
	at org.testng.TestRunner.run(TestRunner.java:617)
	at org.testng.SuiteRunner.runTest(SuiteRunner.java:348)
	at org.testng.SuiteRunner.runSequentially(SuiteRunner.java:343)
	at org.testng.SuiteRunner.privateRun(SuiteRunner.java:305)
	at org.testng.SuiteRunner.run(SuiteRunner.java:254)
	at org.testng.SuiteRunnerWorker.runSuite(SuiteRunnerWorker.java:52)
	at org.testng.SuiteRunnerWorker.run(SuiteRunnerWorker.java:86)
	at org.testng.TestNG.runSuitesSequentially(TestNG.java:1224)
	at org.testng.TestNG.runSuitesLocally(TestNG.java:1149)
	at org.testng.TestNG.run(TestNG.java:1057)
	at org.apache.maven.surefire.testng.TestNGExecutor.run(TestNGExecutor.java:281)
	at org.apache.maven.surefire.testng.TestNGXmlTestSuite.execute(TestNGXmlTestSuite.java:75)
	at org.apache.maven.surefire.testng.TestNGProvider.invoke(TestNGProvider.java:121)
	at org.apache.maven.surefire.booter.ForkedBooter.invokeProviderInSameClassLoader(ForkedBooter.java:290)
	at org.apache.maven.surefire.booter.ForkedBooter.runSuitesInProcess(ForkedBooter.java:242)
	at org.apache.maven.surefire.booter.ForkedBooter.main(ForkedBooter.java:121)
]]>
            </full-stacktrace>
          </exception> <!-- java.lang.AssertionError -->
          <reporter-output>
          </reporter-output>
        </test-method> <!-- GetBowCashLogInInfo -->
        <test-method status="FAIL" signature="GetBowCashLogInInfo(java.lang.String, java.lang.String, java.lang.String, java.lang.String, java.lang.String, java.lang.String)[pri:0, instance:com.fanbei.borrowCash.GetConfirmBorrowInfoTest@42b9f649]" name="GetBowCashLogInInfo" duration-ms="46" started-at="2017-08-30T19:33:39Z" data-provider="ex" finished-at="2017-08-30T19:33:39Z">
          <params>
            <param index="0">
              <value>
                <![CDATA[13656648524]]>
              </value>
            </param>
            <param index="1">
              <value>
                <![CDATA[5000.0]]>
              </value>
            </param>
            <param index="2">
              <value>
                <![CDATA[7]]>
              </value>
            </param>
            <param index="3">
              <value>
                <![CDATA[]]>
              </value>
            </param>
            <param index="4">
              <value>
                <![CDATA[1000]]>
              </value>
            </param>
            <param index="5">
              <value>
                <![CDATA[成功]]>
              </value>
            </param>
          </params>
          <exception class="java.lang.AssertionError">
            <message>
              <![CDATA[expected [1000] but found [2001]]]>
            </message>
            <full-stacktrace>
              <![CDATA[java.lang.AssertionError: expected [1000] but found [2001]
	at org.testng.Assert.fail(Assert.java:94)
	at org.testng.Assert.failNotEquals(Assert.java:494)
	at org.testng.Assert.assertEquals(Assert.java:123)
	at org.testng.Assert.assertEquals(Assert.java:176)
	at org.testng.Assert.assertEquals(Assert.java:186)
	at com.fanbei.borrowCash.GetConfirmBorrowInfoTest.GetBowCashLogInInfo(GetConfirmBorrowInfoTest.java:71)
	at sun.reflect.NativeMethodAccessorImpl.invoke0(Native Method)
	at sun.reflect.NativeMethodAccessorImpl.invoke(NativeMethodAccessorImpl.java:57)
	at sun.reflect.DelegatingMethodAccessorImpl.invoke(DelegatingMethodAccessorImpl.java:43)
	at java.lang.reflect.Method.invoke(Method.java:606)
	at org.testng.internal.MethodInvocationHelper.invokeMethod(MethodInvocationHelper.java:85)
	at org.testng.internal.Invoker.invokeMethod(Invoker.java:696)
	at org.testng.internal.Invoker.invokeTestMethod(Invoker.java:882)
	at org.testng.internal.Invoker.invokeTestMethods(Invoker.java:1189)
	at org.testng.internal.TestMethodWorker.invokeTestMethods(TestMethodWorker.java:124)
	at org.testng.internal.TestMethodWorker.run(TestMethodWorker.java:108)
	at org.testng.TestRunner.privateRun(TestRunner.java:767)
	at org.testng.TestRunner.run(TestRunner.java:617)
	at org.testng.SuiteRunner.runTest(SuiteRunner.java:348)
	at org.testng.SuiteRunner.runSequentially(SuiteRunner.java:343)
	at org.testng.SuiteRunner.privateRun(SuiteRunner.java:305)
	at org.testng.SuiteRunner.run(SuiteRunner.java:254)
	at org.testng.SuiteRunnerWorker.runSuite(SuiteRunnerWorker.java:52)
	at org.testng.SuiteRunnerWorker.run(SuiteRunnerWorker.java:86)
	at org.testng.TestNG.runSuitesSequentially(TestNG.java:1224)
	at org.testng.TestNG.runSuitesLocally(TestNG.java:1149)
	at org.testng.TestNG.run(TestNG.java:1057)
	at org.apache.maven.surefire.testng.TestNGExecutor.run(TestNGExecutor.java:281)
	at org.apache.maven.surefire.testng.TestNGXmlTestSuite.execute(TestNGXmlTestSuite.java:75)
	at org.apache.maven.surefire.testng.TestNGProvider.invoke(TestNGProvider.java:121)
	at org.apache.maven.surefire.booter.ForkedBooter.invokeProviderInSameClassLoader(ForkedBooter.java:290)
	at org.apache.maven.surefire.booter.ForkedBooter.runSuitesInProcess(ForkedBooter.java:242)
	at org.apache.maven.surefire.booter.ForkedBooter.main(ForkedBooter.java:121)
]]>
            </full-stacktrace>
          </exception> <!-- java.lang.AssertionError -->
          <reporter-output>
          </reporter-output>
        </test-method> <!-- GetBowCashLogInInfo -->
        <test-method status="FAIL" signature="GetBowCashLogInInfo(java.lang.String, java.lang.String, java.lang.String, java.lang.String, java.lang.String, java.lang.String)[pri:0, instance:com.fanbei.borrowCash.GetConfirmBorrowInfoTest@42b9f649]" name="GetBowCashLogInInfo" duration-ms="36" started-at="2017-08-30T19:33:39Z" data-provider="ex" finished-at="2017-08-30T19:33:39Z">
          <params>
            <param index="0">
              <value>
                <![CDATA[13656648524]]>
              </value>
            </param>
            <param index="1">
              <value>
                <![CDATA[500]]>
              </value>
            </param>
            <param index="2">
              <value>
                <![CDATA[14]]>
              </value>
            </param>
            <param index="3">
              <value>
                <![CDATA[]]>
              </value>
            </param>
            <param index="4">
              <value>
                <![CDATA[1000]]>
              </value>
            </param>
            <param index="5">
              <value>
                <![CDATA[成功]]>
              </value>
            </param>
          </params>
          <exception class="java.lang.AssertionError">
            <message>
              <![CDATA[expected [1000] but found [2001]]]>
            </message>
            <full-stacktrace>
              <![CDATA[java.lang.AssertionError: expected [1000] but found [2001]
	at org.testng.Assert.fail(Assert.java:94)
	at org.testng.Assert.failNotEquals(Assert.java:494)
	at org.testng.Assert.assertEquals(Assert.java:123)
	at org.testng.Assert.assertEquals(Assert.java:176)
	at org.testng.Assert.assertEquals(Assert.java:186)
	at com.fanbei.borrowCash.GetConfirmBorrowInfoTest.GetBowCashLogInInfo(GetConfirmBorrowInfoTest.java:71)
	at sun.reflect.NativeMethodAccessorImpl.invoke0(Native Method)
	at sun.reflect.NativeMethodAccessorImpl.invoke(NativeMethodAccessorImpl.java:57)
	at sun.reflect.DelegatingMethodAccessorImpl.invoke(DelegatingMethodAccessorImpl.java:43)
	at java.lang.reflect.Method.invoke(Method.java:606)
	at org.testng.internal.MethodInvocationHelper.invokeMethod(MethodInvocationHelper.java:85)
	at org.testng.internal.Invoker.invokeMethod(Invoker.java:696)
	at org.testng.internal.Invoker.invokeTestMethod(Invoker.java:882)
	at org.testng.internal.Invoker.invokeTestMethods(Invoker.java:1189)
	at org.testng.internal.TestMethodWorker.invokeTestMethods(TestMethodWorker.java:124)
	at org.testng.internal.TestMethodWorker.run(TestMethodWorker.java:108)
	at org.testng.TestRunner.privateRun(TestRunner.java:767)
	at org.testng.TestRunner.run(TestRunner.java:617)
	at org.testng.SuiteRunner.runTest(SuiteRunner.java:348)
	at org.testng.SuiteRunner.runSequentially(SuiteRunner.java:343)
	at org.testng.SuiteRunner.privateRun(SuiteRunner.java:305)
	at org.testng.SuiteRunner.run(SuiteRunner.java:254)
	at org.testng.SuiteRunnerWorker.runSuite(SuiteRunnerWorker.java:52)
	at org.testng.SuiteRunnerWorker.run(SuiteRunnerWorker.java:86)
	at org.testng.TestNG.runSuitesSequentially(TestNG.java:1224)
	at org.testng.TestNG.runSuitesLocally(TestNG.java:1149)
	at org.testng.TestNG.run(TestNG.java:1057)
	at org.apache.maven.surefire.testng.TestNGExecutor.run(TestNGExecutor.java:281)
	at org.apache.maven.surefire.testng.TestNGXmlTestSuite.execute(TestNGXmlTestSuite.java:75)
	at org.apache.maven.surefire.testng.TestNGProvider.invoke(TestNGProvider.java:121)
	at org.apache.maven.surefire.booter.ForkedBooter.invokeProviderInSameClassLoader(ForkedBooter.java:290)
	at org.apache.maven.surefire.booter.ForkedBooter.runSuitesInProcess(ForkedBooter.java:242)
	at org.apache.maven.surefire.booter.ForkedBooter.main(ForkedBooter.java:121)
]]>
            </full-stacktrace>
          </exception> <!-- java.lang.AssertionError -->
          <reporter-output>
          </reporter-output>
        </test-method> <!-- GetBowCashLogInInfo -->
        <test-method status="FAIL" signature="GetBowCashLogInInfo(java.lang.String, java.lang.String, java.lang.String, java.lang.String, java.lang.String, java.lang.String)[pri:0, instance:com.fanbei.borrowCash.GetConfirmBorrowInfoTest@42b9f649]" name="GetBowCashLogInInfo" duration-ms="34" started-at="2017-08-30T19:33:39Z" data-provider="ex" finished-at="2017-08-30T19:33:39Z">
          <params>
            <param index="0">
              <value>
                <![CDATA[13656648524]]>
              </value>
            </param>
            <param index="1">
              <value>
                <![CDATA[500]]>
              </value>
            </param>
            <param index="2">
              <value>
                <![CDATA[7]]>
              </value>
            </param>
            <param index="3">
              <value>
                <![CDATA[]]>
              </value>
            </param>
            <param index="4">
              <value>
                <![CDATA[1000]]>
              </value>
            </param>
            <param index="5">
              <value>
                <![CDATA[成功]]>
              </value>
            </param>
          </params>
          <exception class="java.lang.AssertionError">
            <message>
              <![CDATA[expected [1000] but found [2001]]]>
            </message>
            <full-stacktrace>
              <![CDATA[java.lang.AssertionError: expected [1000] but found [2001]
	at org.testng.Assert.fail(Assert.java:94)
	at org.testng.Assert.failNotEquals(Assert.java:494)
	at org.testng.Assert.assertEquals(Assert.java:123)
	at org.testng.Assert.assertEquals(Assert.java:176)
	at org.testng.Assert.assertEquals(Assert.java:186)
	at com.fanbei.borrowCash.GetConfirmBorrowInfoTest.GetBowCashLogInInfo(GetConfirmBorrowInfoTest.java:71)
	at sun.reflect.NativeMethodAccessorImpl.invoke0(Native Method)
	at sun.reflect.NativeMethodAccessorImpl.invoke(NativeMethodAccessorImpl.java:57)
	at sun.reflect.DelegatingMethodAccessorImpl.invoke(DelegatingMethodAccessorImpl.java:43)
	at java.lang.reflect.Method.invoke(Method.java:606)
	at org.testng.internal.MethodInvocationHelper.invokeMethod(MethodInvocationHelper.java:85)
	at org.testng.internal.Invoker.invokeMethod(Invoker.java:696)
	at org.testng.internal.Invoker.invokeTestMethod(Invoker.java:882)
	at org.testng.internal.Invoker.invokeTestMethods(Invoker.java:1189)
	at org.testng.internal.TestMethodWorker.invokeTestMethods(TestMethodWorker.java:124)
	at org.testng.internal.TestMethodWorker.run(TestMethodWorker.java:108)
	at org.testng.TestRunner.privateRun(TestRunner.java:767)
	at org.testng.TestRunner.run(TestRunner.java:617)
	at org.testng.SuiteRunner.runTest(SuiteRunner.java:348)
	at org.testng.SuiteRunner.runSequentially(SuiteRunner.java:343)
	at org.testng.SuiteRunner.privateRun(SuiteRunner.java:305)
	at org.testng.SuiteRunner.run(SuiteRunner.java:254)
	at org.testng.SuiteRunnerWorker.runSuite(SuiteRunnerWorker.java:52)
	at org.testng.SuiteRunnerWorker.run(SuiteRunnerWorker.java:86)
	at org.testng.TestNG.runSuitesSequentially(TestNG.java:1224)
	at org.testng.TestNG.runSuitesLocally(TestNG.java:1149)
	at org.testng.TestNG.run(TestNG.java:1057)
	at org.apache.maven.surefire.testng.TestNGExecutor.run(TestNGExecutor.java:281)
	at org.apache.maven.surefire.testng.TestNGXmlTestSuite.execute(TestNGXmlTestSuite.java:75)
	at org.apache.maven.surefire.testng.TestNGProvider.invoke(TestNGProvider.java:121)
	at org.apache.maven.surefire.booter.ForkedBooter.invokeProviderInSameClassLoader(ForkedBooter.java:290)
	at org.apache.maven.surefire.booter.ForkedBooter.runSuitesInProcess(ForkedBooter.java:242)
	at org.apache.maven.surefire.booter.ForkedBooter.main(ForkedBooter.java:121)
]]>
            </full-stacktrace>
          </exception> <!-- java.lang.AssertionError -->
          <reporter-output>
          </reporter-output>
        </test-method> <!-- GetBowCashLogInInfo -->
      </class> <!-- com.fanbei.borrowCash.GetConfirmBorrowInfoTest -->
      <class name="com.fanbei.borrowCash.GetRenewalDetailTest">
        <test-method status="SKIP" signature="getRenewalDetail(java.lang.String, java.lang.String, java.lang.String)[pri:0, instance:com.fanbei.borrowCash.GetRenewalDetailTest@26960369]" name="getRenewalDetail" duration-ms="0" started-at="2017-08-30T19:33:40Z" data-provider="ex" finished-at="2017-08-30T19:33:40Z">
          <exception class="java.lang.RuntimeException">
            <message>
              <![CDATA[java.lang.IndexOutOfBoundsException: Index: 0, Size: 0]]>
            </message>
            <full-stacktrace>
              <![CDATA[java.lang.RuntimeException: java.lang.IndexOutOfBoundsException: Index: 0, Size: 0
	at org.testng.internal.MethodInvocationHelper.invokeDataProvider(MethodInvocationHelper.java:162)
	at org.testng.internal.Parameters.handleParameters(Parameters.java:431)
	at org.testng.internal.Invoker.handleParameters(Invoker.java:1335)
	at org.testng.internal.Invoker.createParameters(Invoker.java:1051)
	at org.testng.internal.Invoker.invokeTestMethods(Invoker.java:1140)
	at org.testng.internal.TestMethodWorker.invokeTestMethods(TestMethodWorker.java:124)
	at org.testng.internal.TestMethodWorker.run(TestMethodWorker.java:108)
	at org.testng.TestRunner.privateRun(TestRunner.java:767)
	at org.testng.TestRunner.run(TestRunner.java:617)
	at org.testng.SuiteRunner.runTest(SuiteRunner.java:348)
	at org.testng.SuiteRunner.runSequentially(SuiteRunner.java:343)
	at org.testng.SuiteRunner.privateRun(SuiteRunner.java:305)
	at org.testng.SuiteRunner.run(SuiteRunner.java:254)
	at org.testng.SuiteRunnerWorker.runSuite(SuiteRunnerWorker.java:52)
	at org.testng.SuiteRunnerWorker.run(SuiteRunnerWorker.java:86)
	at org.testng.TestNG.runSuitesSequentially(TestNG.java:1224)
	at org.testng.TestNG.runSuitesLocally(TestNG.java:1149)
	at org.testng.TestNG.run(TestNG.java:1057)
	at org.apache.maven.surefire.testng.TestNGExecutor.run(TestNGExecutor.java:281)
	at org.apache.maven.surefire.testng.TestNGXmlTestSuite.execute(TestNGXmlTestSuite.java:75)
	at org.apache.maven.surefire.testng.TestNGProvider.invoke(TestNGProvider.java:121)
	at org.apache.maven.surefire.booter.ForkedBooter.invokeProviderInSameClassLoader(ForkedBooter.java:290)
	at org.apache.maven.surefire.booter.ForkedBooter.runSuitesInProcess(ForkedBooter.java:242)
	at org.apache.maven.surefire.booter.ForkedBooter.main(ForkedBooter.java:121)
Caused by: java.lang.IndexOutOfBoundsException: Index: 0, Size: 0
	at java.util.ArrayList.rangeCheck(ArrayList.java:635)
	at java.util.ArrayList.get(ArrayList.java:411)
	at net.sf.json.JSONArray.get(JSONArray.java:1886)
	at net.sf.json.JSONArray.getJSONObject(JSONArray.java:1975)
	at com.fanbei.until.getRenewalld.getRenewalList(getRenewalld.java:37)
	at com.fanbei.borrowCash.GetRenewalDetailTest.Parameter(GetRenewalDetailTest.java:31)
	at sun.reflect.NativeMethodAccessorImpl.invoke0(Native Method)
	at sun.reflect.NativeMethodAccessorImpl.invoke(NativeMethodAccessorImpl.java:57)
	at sun.reflect.DelegatingMethodAccessorImpl.invoke(DelegatingMethodAccessorImpl.java:43)
	at java.lang.reflect.Method.invoke(Method.java:606)
	at org.testng.internal.MethodInvocationHelper.invokeMethod(MethodInvocationHelper.java:85)
	at org.testng.internal.MethodInvocationHelper.invokeDataProvider(MethodInvocationHelper.java:136)
	... 23 more
]]>
            </full-stacktrace>
          </exception> <!-- java.lang.RuntimeException -->
          <reporter-output>
          </reporter-output>
        </test-method> <!-- getRenewalDetail -->
      </class> <!-- com.fanbei.borrowCash.GetRenewalDetailTest -->
      <class name="com.fanbei.borrowCash.GetBorrowCashListTest">
        <test-method status="PASS" signature="getBorrowCashList(java.lang.String, java.lang.String, java.lang.String, java.lang.String)[pri:0, instance:com.fanbei.borrowCash.GetBorrowCashListTest@21b50891]" name="getBorrowCashList" duration-ms="33" started-at="2017-08-30T19:33:40Z" data-provider="ex" finished-at="2017-08-30T19:33:40Z">
          <params>
            <param index="0">
              <value>
                <![CDATA[13656648524]]>
              </value>
            </param>
            <param index="1">
              <value>
                <![CDATA[1]]>
              </value>
            </param>
            <param index="2">
              <value>
                <![CDATA[1000]]>
              </value>
            </param>
            <param index="3">
              <value>
                <![CDATA[成功]]>
              </value>
            </param>
          </params>
          <reporter-output>
          </reporter-output>
        </test-method> <!-- getBorrowCashList -->
        <test-method status="PASS" signature="getBorrowCashList(java.lang.String, java.lang.String, java.lang.String, java.lang.String)[pri:0, instance:com.fanbei.borrowCash.GetBorrowCashListTest@21b50891]" name="getBorrowCashList" duration-ms="30" started-at="2017-08-30T19:33:40Z" data-provider="ex" finished-at="2017-08-30T19:33:40Z">
          <params>
            <param index="0">
              <value>
                <![CDATA[13656648577]]>
              </value>
            </param>
            <param index="1">
              <value>
                <![CDATA[1]]>
              </value>
            </param>
            <param index="2">
              <value>
                <![CDATA[1005]]>
              </value>
            </param>
            <param index="3">
              <value>
                <![CDATA[用户不存在]]>
              </value>
            </param>
          </params>
          <reporter-output>
          </reporter-output>
        </test-method> <!-- getBorrowCashList -->
      </class> <!-- com.fanbei.borrowCash.GetBorrowCashListTest -->
      <class name="com.fanbei.borrowCash.GetRenewalListTest">
        <test-method status="PASS" signature="getRenewalList(java.lang.String, java.lang.String, java.lang.String)[pri:0, instance:com.fanbei.borrowCash.GetRenewalListTest@6caa5123]" name="getRenewalList" duration-ms="31" started-at="2017-08-30T19:33:40Z" data-provider="ex" finished-at="2017-08-30T19:33:40Z">
          <params>
            <param index="0">
              <value>
                <![CDATA[1258099]]>
              </value>
            </param>
            <param index="1">
              <value>
                <![CDATA[1000]]>
              </value>
            </param>
            <param index="2">
              <value>
                <![CDATA[成功]]>
              </value>
            </param>
          </params>
          <reporter-output>
          </reporter-output>
        </test-method> <!-- getRenewalList -->
        <test-method status="PASS" signature="getRenewalList(java.lang.String, java.lang.String, java.lang.String)[pri:0, instance:com.fanbei.borrowCash.GetRenewalListTest@6caa5123]" name="getRenewalList" duration-ms="27" started-at="2017-08-30T19:33:40Z" data-provider="ex" finished-at="2017-08-30T19:33:40Z">
          <params>
            <param index="0">
              <value>
                <![CDATA[13656648521]]>
              </value>
            </param>
            <param index="1">
              <value>
                <![CDATA[1000]]>
              </value>
            </param>
            <param index="2">
              <value>
                <![CDATA[成功]]>
              </value>
            </param>
          </params>
          <reporter-output>
          </reporter-output>
        </test-method> <!-- getRenewalList -->
      </class> <!-- com.fanbei.borrowCash.GetRenewalListTest -->
      <class name="com.fanbei.borrowCash.GetBowCashLogInInfoTest">
        <test-method status="PASS" signature="GetBowCashLogInInfo(java.lang.String, java.lang.String, java.lang.String)[pri:0, instance:com.fanbei.borrowCash.GetBowCashLogInInfoTest@4d54d3ac]" name="GetBowCashLogInInfo" duration-ms="69" started-at="2017-08-30T19:33:38Z" data-provider="ex" finished-at="2017-08-30T19:33:38Z">
          <params>
            <param index="0">
              <value>
                <![CDATA[13656648524]]>
              </value>
            </param>
            <param index="1">
              <value>
                <![CDATA[1000]]>
              </value>
            </param>
            <param index="2">
              <value>
                <![CDATA[成功]]>
              </value>
            </param>
          </params>
          <reporter-output>
          </reporter-output>
        </test-method> <!-- GetBowCashLogInInfo -->
        <test-method status="PASS" signature="GetBowCashLogInInfo(java.lang.String, java.lang.String, java.lang.String)[pri:0, instance:com.fanbei.borrowCash.GetBowCashLogInInfoTest@4d54d3ac]" name="GetBowCashLogInInfo" duration-ms="81" started-at="2017-08-30T19:33:38Z" data-provider="ex" finished-at="2017-08-30T19:33:38Z">
          <params>
            <param index="0">
              <value>
                <![CDATA[13656648521]]>
              </value>
            </param>
            <param index="1">
              <value>
                <![CDATA[1000]]>
              </value>
            </param>
            <param index="2">
              <value>
                <![CDATA[成功]]>
              </value>
            </param>
          </params>
          <reporter-output>
          </reporter-output>
        </test-method> <!-- GetBowCashLogInInfo -->
        <test-method status="PASS" signature="GetBowCashLogInInfo(java.lang.String, java.lang.String, java.lang.String)[pri:0, instance:com.fanbei.borrowCash.GetBowCashLogInInfoTest@4d54d3ac]" name="GetBowCashLogInInfo" duration-ms="33" started-at="2017-08-30T19:33:38Z" data-provider="ex" finished-at="2017-08-30T19:33:38Z">
          <params>
            <param index="0">
              <value>
                <![CDATA[13656648511]]>
              </value>
            </param>
            <param index="1">
              <value>
                <![CDATA[1005]]>
              </value>
            </param>
            <param index="2">
              <value>
                <![CDATA[用户不存在]]>
              </value>
            </param>
          </params>
          <reporter-output>
          </reporter-output>
        </test-method> <!-- GetBowCashLogInInfo -->
        <test-method status="PASS" signature="GetBowCashLogInInfo(java.lang.String, java.lang.String, java.lang.String)[pri:0, instance:com.fanbei.borrowCash.GetBowCashLogInInfoTest@4d54d3ac]" name="GetBowCashLogInInfo" duration-ms="38" started-at="2017-08-30T19:33:38Z" data-provider="ex" finished-at="2017-08-30T19:33:39Z">
          <params>
            <param index="0">
              <value>
                <![CDATA[]]>
              </value>
            </param>
            <param index="1">
              <value>
                <![CDATA[1005]]>
              </value>
            </param>
            <param index="2">
              <value>
                <![CDATA[用户不存在]]>
              </value>
            </param>
          </params>
          <reporter-output>
          </reporter-output>
        </test-method> <!-- GetBowCashLogInInfo -->
      </class> <!-- com.fanbei.borrowCash.GetBowCashLogInInfoTest -->
      <class name="com.fanbei.borrowCash.GetBorrowCashDetailTest">
        <test-method status="PASS" signature="getBorrowCashList(java.lang.String, java.lang.String, java.lang.String)[pri:0, instance:com.fanbei.borrowCash.GetBorrowCashDetailTest@5fbfc2eb]" name="getBorrowCashList" duration-ms="33" started-at="2017-08-30T19:33:40Z" data-provider="ex" finished-at="2017-08-30T19:33:40Z">
          <params>
            <param index="0">
              <value>
                <![CDATA[1258099]]>
              </value>
            </param>
            <param index="1">
              <value>
                <![CDATA[1000]]>
              </value>
            </param>
            <param index="2">
              <value>
                <![CDATA[成功]]>
              </value>
            </param>
          </params>
          <reporter-output>
          </reporter-output>
        </test-method> <!-- getBorrowCashList -->
      </class> <!-- com.fanbei.borrowCash.GetBorrowCashDetailTest -->
      <class name="com.fanbei.borrowCash.ApplyRenewalTest">
        <test-method status="PASS" signature="applyRenewal(java.lang.String, java.lang.String, java.lang.String)[pri:0, instance:com.fanbei.borrowCash.ApplyRenewalTest@3ed854d8]" name="applyRenewal" duration-ms="35" started-at="2017-08-30T19:33:40Z" data-provider="ex" finished-at="2017-08-30T19:33:40Z">
          <params>
            <param index="0">
              <value>
                <![CDATA[1258099]]>
              </value>
            </param>
            <param index="1">
              <value>
                <![CDATA[1000]]>
              </value>
            </param>
            <param index="2">
              <value>
                <![CDATA[成功]]>
              </value>
            </param>
          </params>
          <reporter-output>
          </reporter-output>
        </test-method> <!-- applyRenewal -->
      </class> <!-- com.fanbei.borrowCash.ApplyRenewalTest -->
      <class name="com.fanbei.borrowCash.ConfirmRenewalPayTest">
        <test-method status="PASS" signature="confirmRenewalPay(java.lang.String, java.lang.String, java.lang.String, java.lang.String, java.lang.String, java.lang.String, java.lang.String, java.lang.String)[pri:0, instance:com.fanbei.borrowCash.ConfirmRenewalPayTest@744578e0]" name="confirmRenewalPay" duration-ms="34" started-at="2017-08-30T19:33:40Z" data-provider="ex" finished-at="2017-08-30T19:33:40Z">
          <params>
            <param index="0">
              <value>
                <![CDATA[13656648524]]>
              </value>
            </param>
            <param index="1">
              <value>
                <![CDATA[1258099]]>
              </value>
            </param>
            <param index="2">
              <value>
                <![CDATA[1]]>
              </value>
            </param>
            <param index="3">
              <value>
                <![CDATA[1]]>
              </value>
            </param>
            <param index="4">
              <value>
                <![CDATA[e10adc3949ba59abbe56e057f20f883e]]>
              </value>
            </param>
            <param index="5">
              <value>
                <![CDATA[-2]]>
              </value>
            </param>
            <param index="6">
              <value>
                <![CDATA[1128]]>
              </value>
            </param>
            <param index="7">
              <value>
                <![CDATA[无可续期的订单]]>
              </value>
            </param>
          </params>
          <reporter-output>
          </reporter-output>
        </test-method> <!-- confirmRenewalPay -->
      </class> <!-- com.fanbei.borrowCash.ConfirmRenewalPayTest -->
      <class name="com.fanbei.borrowCash.ApplyBorrowCashV1Test">
        <test-method status="FAIL" signature="GetBowCashLogInInfo(java.lang.String, java.lang.String, java.lang.String, java.lang.String, java.lang.String, java.lang.String, java.lang.String, java.lang.String, java.lang.String, java.lang.String, java.lang.String, java.lang.String)[pri:0, instance:com.fanbei.borrowCash.ApplyBorrowCashV1Test@7d02f5c2]" name="GetBowCashLogInInfo" duration-ms="47" started-at="2017-08-30T19:33:39Z" data-provider="ex" finished-at="2017-08-30T19:33:39Z">
          <params>
            <param index="0">
              <value>
                <![CDATA[13656648524]]>
              </value>
            </param>
            <param index="1">
              <value>
                <![CDATA[500]]>
              </value>
            </param>
            <param index="2">
              <value>
                <![CDATA[7]]>
              </value>
            </param>
            <param index="3">
              <value>
                <![CDATA[e10adc3949ba59abbe56e057f20f883e]]>
              </value>
            </param>
            <param index="4">
              <value>
                <![CDATA[30.213563]]>
              </value>
            </param>
            <param index="5">
              <value>
                <![CDATA[120.213831]]>
              </value>
            </param>
            <param index="6">
              <value>
                <![CDATA[zhejiangsheng]]>
              </value>
            </param>
            <param index="7">
              <value>
                <![CDATA[hangzhoushi]]>
              </value>
            </param>
            <param index="8">
              <value>
                <![CDATA[binjiangqujianglinglu]]>
              </value>
            </param>
            <param index="9">
              <value>
                <![CDATA[ewogICJ0b2tlbklkIiA6ICJUWXh2UzNZYUprQTNVZWF4eDhEU0JIanlabGNiMWhhNXUybTRVTENCWEtwTHFZMks2QmlvMjB3ZlNZNEJNd1krbTROcGNKSm9IYUkzZ2VLMEd1ZG9ldz09IiwKICAib3MiIDogImlPUyIsCiAgInByb2ZpbGVUaW1lIiA6IDc3OSwKICAidmVyc2lvbiIgOiAiMi4xLjUiCn0]]>
              </value>
            </param>
            <param index="10">
              <value>
                <![CDATA[1000]]>
              </value>
            </param>
            <param index="11">
              <value>
                <![CDATA[成功]]>
              </value>
            </param>
          </params>
          <exception class="java.lang.AssertionError">
            <message>
              <![CDATA[expected [1000] but found [2001]]]>
            </message>
            <full-stacktrace>
              <![CDATA[java.lang.AssertionError: expected [1000] but found [2001]
	at org.testng.Assert.fail(Assert.java:94)
	at org.testng.Assert.failNotEquals(Assert.java:494)
	at org.testng.Assert.assertEquals(Assert.java:123)
	at org.testng.Assert.assertEquals(Assert.java:176)
	at org.testng.Assert.assertEquals(Assert.java:186)
	at com.fanbei.borrowCash.ApplyBorrowCashV1Test.GetBowCashLogInInfo(ApplyBorrowCashV1Test.java:86)
	at sun.reflect.NativeMethodAccessorImpl.invoke0(Native Method)
	at sun.reflect.NativeMethodAccessorImpl.invoke(NativeMethodAccessorImpl.java:57)
	at sun.reflect.DelegatingMethodAccessorImpl.invoke(DelegatingMethodAccessorImpl.java:43)
	at java.lang.reflect.Method.invoke(Method.java:606)
	at org.testng.internal.MethodInvocationHelper.invokeMethod(MethodInvocationHelper.java:85)
	at org.testng.internal.Invoker.invokeMethod(Invoker.java:696)
	at org.testng.internal.Invoker.invokeTestMethod(Invoker.java:882)
	at org.testng.internal.Invoker.invokeTestMethods(Invoker.java:1189)
	at org.testng.internal.TestMethodWorker.invokeTestMethods(TestMethodWorker.java:124)
	at org.testng.internal.TestMethodWorker.run(TestMethodWorker.java:108)
	at org.testng.TestRunner.privateRun(TestRunner.java:767)
	at org.testng.TestRunner.run(TestRunner.java:617)
	at org.testng.SuiteRunner.runTest(SuiteRunner.java:348)
	at org.testng.SuiteRunner.runSequentially(SuiteRunner.java:343)
	at org.testng.SuiteRunner.privateRun(SuiteRunner.java:305)
	at org.testng.SuiteRunner.run(SuiteRunner.java:254)
	at org.testng.SuiteRunnerWorker.runSuite(SuiteRunnerWorker.java:52)
	at org.testng.SuiteRunnerWorker.run(SuiteRunnerWorker.java:86)
	at org.testng.TestNG.runSuitesSequentially(TestNG.java:1224)
	at org.testng.TestNG.runSuitesLocally(TestNG.java:1149)
	at org.testng.TestNG.run(TestNG.java:1057)
	at org.apache.maven.surefire.testng.TestNGExecutor.run(TestNGExecutor.java:281)
	at org.apache.maven.surefire.testng.TestNGXmlTestSuite.execute(TestNGXmlTestSuite.java:75)
	at org.apache.maven.surefire.testng.TestNGProvider.invoke(TestNGProvider.java:121)
	at org.apache.maven.surefire.booter.ForkedBooter.invokeProviderInSameClassLoader(ForkedBooter.java:290)
	at org.apache.maven.surefire.booter.ForkedBooter.runSuitesInProcess(ForkedBooter.java:242)
	at org.apache.maven.surefire.booter.ForkedBooter.main(ForkedBooter.java:121)
]]>
            </full-stacktrace>
          </exception> <!-- java.lang.AssertionError -->
          <reporter-output>
          </reporter-output>
        </test-method> <!-- GetBowCashLogInInfo -->
        <test-method status="FAIL" signature="GetBowCashLogInInfo(java.lang.String, java.lang.String, java.lang.String, java.lang.String, java.lang.String, java.lang.String, java.lang.String, java.lang.String, java.lang.String, java.lang.String, java.lang.String, java.lang.String)[pri:0, instance:com.fanbei.borrowCash.ApplyBorrowCashV1Test@7d02f5c2]" name="GetBowCashLogInInfo" duration-ms="110" started-at="2017-08-30T19:33:39Z" data-provider="ex" finished-at="2017-08-30T19:33:39Z">
          <params>
            <param index="0">
              <value>
                <![CDATA[13656648524]]>
              </value>
            </param>
            <param index="1">
              <value>
                <![CDATA[5000.0]]>
              </value>
            </param>
            <param index="2">
              <value>
                <![CDATA[14]]>
              </value>
            </param>
            <param index="3">
              <value>
                <![CDATA[e10adc3949ba59abbe56e057f20f883e]]>
              </value>
            </param>
            <param index="4">
              <value>
                <![CDATA[30.213563]]>
              </value>
            </param>
            <param index="5">
              <value>
                <![CDATA[120.213831]]>
              </value>
            </param>
            <param index="6">
              <value>
                <![CDATA[zhejiangsheng]]>
              </value>
            </param>
            <param index="7">
              <value>
                <![CDATA[hangzhoushi]]>
              </value>
            </param>
            <param index="8">
              <value>
                <![CDATA[binjiangqujianglinglu]]>
              </value>
            </param>
            <param index="9">
              <value>
                <![CDATA[ewogICJ0b2tlbklkIiA6ICJUWXh2UzNZYUprQTNVZWF4eDhEU0JIanlabGNiMWhhNXUybTRVTENCWEtwTHFZMks2QmlvMjB3ZlNZNEJNd1krbTROcGNKSm9IYUkzZ2VLMEd1ZG9ldz09IiwKICAib3MiIDogImlPUyIsCiAgInByb2ZpbGVUaW1lIiA6IDc3OSwKICAidmVyc2lvbiIgOiAiMi4xLjUiCn0]]>
              </value>
            </param>
            <param index="10">
              <value>
                <![CDATA[1000]]>
              </value>
            </param>
            <param index="11">
              <value>
                <![CDATA[成功]]>
              </value>
            </param>
          </params>
          <exception class="java.lang.AssertionError">
            <message>
              <![CDATA[expected [1000] but found [2001]]]>
            </message>
            <full-stacktrace>
              <![CDATA[java.lang.AssertionError: expected [1000] but found [2001]
	at org.testng.Assert.fail(Assert.java:94)
	at org.testng.Assert.failNotEquals(Assert.java:494)
	at org.testng.Assert.assertEquals(Assert.java:123)
	at org.testng.Assert.assertEquals(Assert.java:176)
	at org.testng.Assert.assertEquals(Assert.java:186)
	at com.fanbei.borrowCash.ApplyBorrowCashV1Test.GetBowCashLogInInfo(ApplyBorrowCashV1Test.java:86)
	at sun.reflect.NativeMethodAccessorImpl.invoke0(Native Method)
	at sun.reflect.NativeMethodAccessorImpl.invoke(NativeMethodAccessorImpl.java:57)
	at sun.reflect.DelegatingMethodAccessorImpl.invoke(DelegatingMethodAccessorImpl.java:43)
	at java.lang.reflect.Method.invoke(Method.java:606)
	at org.testng.internal.MethodInvocationHelper.invokeMethod(MethodInvocationHelper.java:85)
	at org.testng.internal.Invoker.invokeMethod(Invoker.java:696)
	at org.testng.internal.Invoker.invokeTestMethod(Invoker.java:882)
	at org.testng.internal.Invoker.invokeTestMethods(Invoker.java:1189)
	at org.testng.internal.TestMethodWorker.invokeTestMethods(TestMethodWorker.java:124)
	at org.testng.internal.TestMethodWorker.run(TestMethodWorker.java:108)
	at org.testng.TestRunner.privateRun(TestRunner.java:767)
	at org.testng.TestRunner.run(TestRunner.java:617)
	at org.testng.SuiteRunner.runTest(SuiteRunner.java:348)
	at org.testng.SuiteRunner.runSequentially(SuiteRunner.java:343)
	at org.testng.SuiteRunner.privateRun(SuiteRunner.java:305)
	at org.testng.SuiteRunner.run(SuiteRunner.java:254)
	at org.testng.SuiteRunnerWorker.runSuite(SuiteRunnerWorker.java:52)
	at org.testng.SuiteRunnerWorker.run(SuiteRunnerWorker.java:86)
	at org.testng.TestNG.runSuitesSequentially(TestNG.java:1224)
	at org.testng.TestNG.runSuitesLocally(TestNG.java:1149)
	at org.testng.TestNG.run(TestNG.java:1057)
	at org.apache.maven.surefire.testng.TestNGExecutor.run(TestNGExecutor.java:281)
	at org.apache.maven.surefire.testng.TestNGXmlTestSuite.execute(TestNGXmlTestSuite.java:75)
	at org.apache.maven.surefire.testng.TestNGProvider.invoke(TestNGProvider.java:121)
	at org.apache.maven.surefire.booter.ForkedBooter.invokeProviderInSameClassLoader(ForkedBooter.java:290)
	at org.apache.maven.surefire.booter.ForkedBooter.runSuitesInProcess(ForkedBooter.java:242)
	at org.apache.maven.surefire.booter.ForkedBooter.main(ForkedBooter.java:121)
]]>
            </full-stacktrace>
          </exception> <!-- java.lang.AssertionError -->
          <reporter-output>
          </reporter-output>
        </test-method> <!-- GetBowCashLogInInfo -->
        <test-method status="PASS" signature="GetBowCashLogInInfo(java.lang.String, java.lang.String, java.lang.String, java.lang.String, java.lang.String, java.lang.String, java.lang.String, java.lang.String, java.lang.String, java.lang.String, java.lang.String, java.lang.String)[pri:0, instance:com.fanbei.borrowCash.ApplyBorrowCashV1Test@7d02f5c2]" name="GetBowCashLogInInfo" duration-ms="43" started-at="2017-08-30T19:33:39Z" data-provider="ex" finished-at="2017-08-30T19:33:40Z">
          <params>
            <param index="0">
              <value>
                <![CDATA[13656648524]]>
              </value>
            </param>
            <param index="1">
              <value>
                <![CDATA[5000.0]]>
              </value>
            </param>
            <param index="2">
              <value>
                <![CDATA[7]]>
              </value>
            </param>
            <param index="3">
              <value>
                <![CDATA[e10adc3949ba59abbe56e057f20f883e]]>
              </value>
            </param>
            <param index="4">
              <value>
                <![CDATA[30.213563]]>
              </value>
            </param>
            <param index="5">
              <value>
                <![CDATA[120.213831]]>
              </value>
            </param>
            <param index="6">
              <value>
                <![CDATA[zhejiangsheng]]>
              </value>
            </param>
            <param index="7">
              <value>
                <![CDATA[hangzhoushi]]>
              </value>
            </param>
            <param index="8">
              <value>
                <![CDATA[binjiangqujianglinglu]]>
              </value>
            </param>
            <param index="9">
              <value>
                <![CDATA[ewogICJ0b2tlbklkIiA6ICJUWXh2UzNZYUprQTNVZWF4eDhEU0JIanlabGNiMWhhNXUybTRVTENCWEtwTHFZMks2QmlvMjB3ZlNZNEJNd1krbTROcGNKSm9IYUkzZ2VLMEd1ZG9ldz09IiwKICAib3MiIDogImlPUyIsCiAgInByb2ZpbGVUaW1lIiA6IDc3OSwKICAidmVyc2lvbiIgOiAiMi4xLjUiCn0]]>
              </value>
            </param>
            <param index="10">
              <value>
                <![CDATA[2001]]>
              </value>
            </param>
            <param index="11">
              <value>
                <![CDATA[您有一笔未结清账单]]>
              </value>
            </param>
          </params>
          <reporter-output>
          </reporter-output>
        </test-method> <!-- GetBowCashLogInInfo -->
      </class> <!-- com.fanbei.borrowCash.ApplyBorrowCashV1Test -->
    </test> <!-- com.fanbei.borrowCash -->
  </suite> <!-- Suite -->
</testng-results>
