<?xml version="1.0" encoding="UTF-8"?>
<!-- Generated by org.testng.reporters.JUnitReportReporter -->
<testsuite hostname="ALDPC0692" name="com.fanbei.borrowCash.ApplyBorrowCashV1Test" tests="15" failures="0" timestamp="12 Sep 2017 06:55:17 GMT" time="5.915" errors="2">
  <testcase name="applyBorrowCashV1" time="0.038" classname="com.fanbei.borrowCash.ApplyBorrowCashV1Test"/>
  <testcase name="applyBorrowCashV1" time="0.087" classname="com.fanbei.borrowCash.ApplyBorrowCashV1Test"/>
  <testcase name="applyBorrowCashV1" time="0.062" classname="com.fanbei.borrowCash.ApplyBorrowCashV1Test">
    <error type="java.lang.AssertionError" message="expected [1005] but found [1015]">
      <![CDATA[java.lang.AssertionError: expected [1005] but found [1015]
	at org.testng.Assert.fail(Assert.java:94)
	at org.testng.Assert.failNotEquals(Assert.java:494)
	at org.testng.Assert.assertEquals(Assert.java:123)
	at org.testng.Assert.assertEquals(Assert.java:176)
	at org.testng.Assert.assertEquals(Assert.java:186)
	at com.fanbei.borrowCash.ApplyBorrowCashV1Test.applyBorrowCashV1(ApplyBorrowCashV1Test.java:91)
	at sun.reflect.NativeMethodAccessorImpl.invoke0(Native Method)
	at sun.reflect.NativeMethodAccessorImpl.invoke(Unknown Source)
	at sun.reflect.DelegatingMethodAccessorImpl.invoke(Unknown Source)
	at java.lang.reflect.Method.invoke(Unknown Source)
	at org.testng.internal.MethodInvocationHelper.invokeMethod(MethodInvocationHelper.java:85)
	at org.testng.internal.Invoker.invokeMethod(Invoker.java:696)
	at org.testng.internal.Invoker.invokeTestMethod(Invoker.java:882)
	at org.testng.internal.Invoker.invokeTestMethods(Invoker.java:1189)
	at org.testng.internal.TestMethodWorker.invokeTestMethods(TestMethodWorker.java:124)
	at org.testng.internal.TestMethodWorker.run(TestMethodWorker.java:108)
	at org.testng.TestRunner.privateRun(TestRunner.java:767)
	at org.testng.TestRunner.run(TestRunner.java:617)
	at org.testng.SuiteRunner.runTest(SuiteRunner.java:348)
	at org.testng.SuiteRunner.runSequentially(SuiteRunner.java:343)
	at org.testng.SuiteRunner.privateRun(SuiteRunner.java:305)
	at org.testng.SuiteRunner.run(SuiteRunner.java:254)
	at org.testng.SuiteRunnerWorker.runSuite(SuiteRunnerWorker.java:52)
	at org.testng.SuiteRunnerWorker.run(SuiteRunnerWorker.java:86)
	at org.testng.TestNG.runSuitesSequentially(TestNG.java:1224)
	at org.testng.TestNG.runSuitesLocally(TestNG.java:1149)
	at org.testng.TestNG.run(TestNG.java:1057)
	at org.testng.remote.RemoteTestNG.run(RemoteTestNG.java:111)
	at org.testng.remote.RemoteTestNG.initAndRun(RemoteTestNG.java:204)
	at org.testng.remote.RemoteTestNG.main(RemoteTestNG.java:175)
]]>
    </error>
  </testcase> <!-- applyBorrowCashV1 -->
  <testcase name="applyBorrowCashV1" time="0.145" classname="com.fanbei.borrowCash.ApplyBorrowCashV1Test"/>
  <testcase name="applyBorrowCashV1" time="0.030" classname="com.fanbei.borrowCash.ApplyBorrowCashV1Test">
    <error type="java.lang.AssertionError" message="expected [2008] but found [1117]">
      <![CDATA[java.lang.AssertionError: expected [2008] but found [1117]
	at org.testng.Assert.fail(Assert.java:94)
	at org.testng.Assert.failNotEquals(Assert.java:494)
	at org.testng.Assert.assertEquals(Assert.java:123)
	at org.testng.Assert.assertEquals(Assert.java:176)
	at org.testng.Assert.assertEquals(Assert.java:186)
	at com.fanbei.borrowCash.ApplyBorrowCashV1Test.applyBorrowCashV1(ApplyBorrowCashV1Test.java:91)
	at sun.reflect.NativeMethodAccessorImpl.invoke0(Native Method)
	at sun.reflect.NativeMethodAccessorImpl.invoke(Unknown Source)
	at sun.reflect.DelegatingMethodAccessorImpl.invoke(Unknown Source)
	at java.lang.reflect.Method.invoke(Unknown Source)
	at org.testng.internal.MethodInvocationHelper.invokeMethod(MethodInvocationHelper.java:85)
	at org.testng.internal.Invoker.invokeMethod(Invoker.java:696)
	at org.testng.internal.Invoker.invokeTestMethod(Invoker.java:882)
	at org.testng.internal.Invoker.invokeTestMethods(Invoker.java:1189)
	at org.testng.internal.TestMethodWorker.invokeTestMethods(TestMethodWorker.java:124)
	at org.testng.internal.TestMethodWorker.run(TestMethodWorker.java:108)
	at org.testng.TestRunner.privateRun(TestRunner.java:767)
	at org.testng.TestRunner.run(TestRunner.java:617)
	at org.testng.SuiteRunner.runTest(SuiteRunner.java:348)
	at org.testng.SuiteRunner.runSequentially(SuiteRunner.java:343)
	at org.testng.SuiteRunner.privateRun(SuiteRunner.java:305)
	at org.testng.SuiteRunner.run(SuiteRunner.java:254)
	at org.testng.SuiteRunnerWorker.runSuite(SuiteRunnerWorker.java:52)
	at org.testng.SuiteRunnerWorker.run(SuiteRunnerWorker.java:86)
	at org.testng.TestNG.runSuitesSequentially(TestNG.java:1224)
	at org.testng.TestNG.runSuitesLocally(TestNG.java:1149)
	at org.testng.TestNG.run(TestNG.java:1057)
	at org.testng.remote.RemoteTestNG.run(RemoteTestNG.java:111)
	at org.testng.remote.RemoteTestNG.initAndRun(RemoteTestNG.java:204)
	at org.testng.remote.RemoteTestNG.main(RemoteTestNG.java:175)
]]>
    </error>
  </testcase> <!-- applyBorrowCashV1 -->
  <testcase name="applyBorrowCashV1" time="0.054" classname="com.fanbei.borrowCash.ApplyBorrowCashV1Test"/>
  <testcase name="applyBorrowCashV1" time="5.194" classname="com.fanbei.borrowCash.ApplyBorrowCashV1Test"/>
  <testcase name="applyBorrowCashV1" time="0.053" classname="com.fanbei.borrowCash.ApplyBorrowCashV1Test"/>
  <testcase name="applyBorrowCashV1" time="0.046" classname="com.fanbei.borrowCash.ApplyBorrowCashV1Test"/>
  <testcase name="applyBorrowCashV1" time="0.030" classname="com.fanbei.borrowCash.ApplyBorrowCashV1Test"/>
  <testcase name="applyBorrowCashV1" time="0.026" classname="com.fanbei.borrowCash.ApplyBorrowCashV1Test"/>
  <testcase name="applyBorrowCashV1" time="0.026" classname="com.fanbei.borrowCash.ApplyBorrowCashV1Test"/>
  <testcase name="applyBorrowCashV1" time="0.032" classname="com.fanbei.borrowCash.ApplyBorrowCashV1Test"/>
  <testcase name="applyBorrowCashV1" time="0.054" classname="com.fanbei.borrowCash.ApplyBorrowCashV1Test"/>
  <testcase name="applyBorrowCashV1" time="0.038" classname="com.fanbei.borrowCash.ApplyBorrowCashV1Test"/>
</testsuite> <!-- com.fanbei.borrowCash.ApplyBorrowCashV1Test -->
